[2022-02-03T21:55:00.812Z] Validating found git in: git
[2022-02-03T21:55:00.859Z] Using git 2.25.1 from git
[2022-02-03T21:55:00.911Z] > git rev-parse --git-dir [1ms]
[2022-02-03T21:55:00.919Z] Open repository: /home/force-badname/wordle
[2022-02-03T21:55:00.956Z] > git symbolic-ref --short HEAD [3ms]
[2022-02-03T21:55:00.961Z] > git for-each-ref --format=%(refname)%00%(upstream:short)%00%(objectname)%00%(upstream:track) refs/heads/UI-interface refs/remotes/UI-interface [1ms]
[2022-02-03T21:55:00.973Z] > git remote --verbose [5ms]
[2022-02-03T21:55:00.973Z] > git for-each-ref --sort -committerdate --format %(refname) %(objectname) %(*objectname) [8ms]
[2022-02-03T21:55:00.981Z] > git config --get commit.template [1ms]
[2022-02-03T21:55:01.246Z] > git ls-files --stage -- /home/force-badname/wordle/index.html [1ms]
[2022-02-03T21:55:01.251Z] > git cat-file -s 4f4d87d875aa6f9b272d5577ff103b373b89f107 [1ms]
[2022-02-03T21:55:34.466Z] > git ls-files --stage -- /home/force-badname/wordle/styles.css [2ms]
[2022-02-03T21:55:34.482Z] > git cat-file -s 041b85c474d24e2cc4722c367fdb1e1cdaed4223 [12ms]
[2022-02-03T21:55:38.230Z] > git ls-files --stage -- /home/force-badname/wordle/index.html [1ms]
[2022-02-03T21:55:38.235Z] > git cat-file -s 4f4d87d875aa6f9b272d5577ff103b373b89f107 [1ms]
[2022-02-03T21:56:02.799Z] > git ls-files --stage -- /home/force-badname/wordle/styles.css [2ms]
[2022-02-03T21:56:02.805Z] > git cat-file -s 041b85c474d24e2cc4722c367fdb1e1cdaed4223 [1ms]
[2022-02-03T21:56:45.041Z] > git ls-files --stage -- /home/force-badname/wordle/index.html [3ms]
[2022-02-03T21:56:45.048Z] > git cat-file -s 4f4d87d875aa6f9b272d5577ff103b373b89f107 [1ms]
[2022-02-03T21:56:47.131Z] > git symbolic-ref --short HEAD [2ms]
[2022-02-03T21:56:47.139Z] > git for-each-ref --format=%(refname)%00%(upstream:short)%00%(objectname)%00%(upstream:track) refs/heads/UI-interface refs/remotes/UI-interface [1ms]
[2022-02-03T21:56:47.153Z] > git remote --verbose [2ms]
[2022-02-03T21:56:47.154Z] > git for-each-ref --sort -committerdate --format %(refname) %(objectname) %(*objectname) [8ms]
[2022-02-03T21:56:47.167Z] > git config --get commit.template [1ms]
[2022-02-03T21:57:40.364Z] > git symbolic-ref --short HEAD [1ms]
[2022-02-03T21:57:40.370Z] > git for-each-ref --format=%(refname)%00%(upstream:short)%00%(objectname)%00%(upstream:track) refs/heads/UI-interface refs/remotes/UI-interface [1ms]
[2022-02-03T21:57:40.381Z] > git remote --verbose [1ms]
[2022-02-03T21:57:40.382Z] > git for-each-ref --sort -committerdate --format %(refname) %(objectname) %(*objectname) [5ms]
[2022-02-03T21:57:40.389Z] > git config --get commit.template [0ms]
[2022-02-03T21:57:40.740Z] > git ls-files --stage -- /home/force-badname/wordle/styles.css [2ms]
[2022-02-03T21:57:40.747Z] > git cat-file -s 041b85c474d24e2cc4722c367fdb1e1cdaed4223 [2ms]
[2022-02-03T21:57:42.052Z] > git ls-files --stage -- /home/force-badname/wordle/index.html [3ms]
[2022-02-03T21:57:42.057Z] > git cat-file -s 4f4d87d875aa6f9b272d5577ff103b373b89f107 [1ms]
[2022-02-03T21:58:18.675Z] > git symbolic-ref --short HEAD [1ms]
[2022-02-03T21:58:18.681Z] > git for-each-ref --format=%(refname)%00%(upstream:short)%00%(objectname)%00%(upstream:track) refs/heads/UI-interface refs/remotes/UI-interface [1ms]
[2022-02-03T21:58:18.690Z] > git remote --verbose [1ms]
[2022-02-03T21:58:18.690Z] > git for-each-ref --sort -committerdate --format %(refname) %(objectname) %(*objectname) [5ms]
[2022-02-03T21:58:18.698Z] > git config --get commit.template [1ms]
[2022-02-03T21:59:59.161Z] > git symbolic-ref --short HEAD [1ms]
[2022-02-03T21:59:59.166Z] > git for-each-ref --format=%(refname)%00%(upstream:short)%00%(objectname)%00%(upstream:track) refs/heads/UI-interface refs/remotes/UI-interface [1ms]
[2022-02-03T21:59:59.176Z] > git remote --verbose [1ms]
[2022-02-03T21:59:59.176Z] > git for-each-ref --sort -committerdate --format %(refname) %(objectname) %(*objectname) [6ms]
[2022-02-03T21:59:59.185Z] > git config --get commit.template [2ms]
[2022-02-03T22:00:52.060Z] > git symbolic-ref --short HEAD [1ms]
[2022-02-03T22:00:52.064Z] > git for-each-ref --format=%(refname)%00%(upstream:short)%00%(objectname)%00%(upstream:track) refs/heads/UI-interface refs/remotes/UI-interface [1ms]
[2022-02-03T22:00:52.071Z] > git remote --verbose [1ms]
[2022-02-03T22:00:52.071Z] > git for-each-ref --sort -committerdate --format %(refname) %(objectname) %(*objectname) [4ms]
[2022-02-03T22:00:52.077Z] > git config --get commit.template [0ms]
[2022-02-03T22:06:05.796Z] > git ls-files --stage -- /home/force-badname/wordle/styles.css [2ms]
[2022-02-03T22:06:05.803Z] > git cat-file -s 041b85c474d24e2cc4722c367fdb1e1cdaed4223 [1ms]
[2022-02-03T22:06:14.413Z] > git ls-files --stage -- /home/force-badname/wordle/index.html [2ms]
[2022-02-03T22:06:14.419Z] > git cat-file -s 4f4d87d875aa6f9b272d5577ff103b373b89f107 [1ms]
[2022-02-03T22:06:17.698Z] > git symbolic-ref --short HEAD [1ms]
[2022-02-03T22:06:17.703Z] > git for-each-ref --format=%(refname)%00%(upstream:short)%00%(objectname)%00%(upstream:track) refs/heads/UI-interface refs/remotes/UI-interface [1ms]
[2022-02-03T22:06:17.712Z] > git remote --verbose [1ms]
[2022-02-03T22:06:17.713Z] > git for-each-ref --sort -committerdate --format %(refname) %(objectname) %(*objectname) [6ms]
[2022-02-03T22:06:17.721Z] > git config --get commit.template [1ms]
[2022-02-03T22:06:37.129Z] > git symbolic-ref --short HEAD [1ms]
[2022-02-03T22:06:37.135Z] > git for-each-ref --format=%(refname)%00%(upstream:short)%00%(objectname)%00%(upstream:track) refs/heads/UI-interface refs/remotes/UI-interface [1ms]
[2022-02-03T22:06:37.144Z] > git remote --verbose [1ms]
[2022-02-03T22:06:37.145Z] > git for-each-ref --sort -committerdate --format %(refname) %(objectname) %(*objectname) [5ms]
[2022-02-03T22:06:37.154Z] > git config --get commit.template [1ms]
[2022-02-03T22:06:42.908Z] > git ls-files --stage -- /home/force-badname/wordle/styles.css [2ms]
[2022-02-03T22:06:42.914Z] > git cat-file -s 041b85c474d24e2cc4722c367fdb1e1cdaed4223 [0ms]
[2022-02-03T22:07:04.551Z] > git symbolic-ref --short HEAD [1ms]
[2022-02-03T22:07:04.558Z] > git for-each-ref --format=%(refname)%00%(upstream:short)%00%(objectname)%00%(upstream:track) refs/heads/UI-interface refs/remotes/UI-interface [2ms]
[2022-02-03T22:07:04.565Z] > git for-each-ref --sort -committerdate --format %(refname) %(objectname) %(*objectname) [4ms]
[2022-02-03T22:07:04.566Z] > git remote --verbose [2ms]
[2022-02-03T22:07:04.575Z] > git config --get commit.template [3ms]
[2022-02-03T22:07:13.784Z] > git ls-files --stage -- /home/force-badname/wordle/index.html [2ms]
[2022-02-03T22:07:13.791Z] > git cat-file -s 4f4d87d875aa6f9b272d5577ff103b373b89f107 [1ms]
[2022-02-03T22:07:18.261Z] > git ls-files --stage -- /home/force-badname/wordle/styles.css [2ms]
[2022-02-03T22:07:18.266Z] > git cat-file -s 041b85c474d24e2cc4722c367fdb1e1cdaed4223 [1ms]
[2022-02-03T22:07:24.389Z] > git symbolic-ref --short HEAD [2ms]
[2022-02-03T22:07:24.398Z] > git for-each-ref --format=%(refname)%00%(upstream:short)%00%(objectname)%00%(upstream:track) refs/heads/UI-interface refs/remotes/UI-interface [2ms]
[2022-02-03T22:07:24.409Z] > git remote --verbose [1ms]
[2022-02-03T22:07:24.409Z] > git for-each-ref --sort -committerdate --format %(refname) %(objectname) %(*objectname) [6ms]
[2022-02-03T22:07:24.417Z] > git config --get commit.template [1ms]
[2022-02-03T22:07:29.449Z] > git symbolic-ref --short HEAD [5ms]
[2022-02-03T22:07:29.455Z] > git for-each-ref --format=%(refname)%00%(upstream:short)%00%(objectname)%00%(upstream:track) refs/heads/UI-interface refs/remotes/UI-interface [1ms]
[2022-02-03T22:07:29.465Z] > git remote --verbose [1ms]
[2022-02-03T22:07:29.466Z] > git for-each-ref --sort -committerdate --format %(refname) %(objectname) %(*objectname) [6ms]
[2022-02-03T22:07:29.473Z] > git config --get commit.template [1ms]
[2022-02-03T22:07:32.768Z] > git ls-files --stage -- /home/force-badname/wordle/index.html [2ms]
[2022-02-03T22:07:32.775Z] > git cat-file -s 4f4d87d875aa6f9b272d5577ff103b373b89f107 [1ms]
[2022-02-03T22:07:39.474Z] > git ls-files --stage -- /home/force-badname/wordle/styles.css [5ms]
[2022-02-03T22:07:39.481Z] > git cat-file -s 041b85c474d24e2cc4722c367fdb1e1cdaed4223 [1ms]
[2022-02-03T22:07:41.527Z] > git ls-files --stage -- /home/force-badname/wordle/index.html [1ms]
[2022-02-03T22:07:41.531Z] > git cat-file -s 4f4d87d875aa6f9b272d5577ff103b373b89f107 [0ms]
[2022-02-03T22:08:09.245Z] > git symbolic-ref --short HEAD [2ms]
[2022-02-03T22:08:09.254Z] > git for-each-ref --format=%(refname)%00%(upstream:short)%00%(objectname)%00%(upstream:track) refs/heads/UI-interface refs/remotes/UI-interface [1ms]
[2022-02-03T22:08:09.263Z] > git remote --verbose [1ms]
[2022-02-03T22:08:09.263Z] > git for-each-ref --sort -committerdate --format %(refname) %(objectname) %(*objectname) [4ms]
[2022-02-03T22:08:09.271Z] > git config --get commit.template [1ms]
[2022-02-03T22:08:14.290Z] > git symbolic-ref --short HEAD [1ms]
[2022-02-03T22:08:14.298Z] > git for-each-ref --format=%(refname)%00%(upstream:short)%00%(objectname)%00%(upstream:track) refs/heads/UI-interface refs/remotes/UI-interface [2ms]
[2022-02-03T22:08:14.310Z] > git remote --verbose [1ms]
[2022-02-03T22:08:14.310Z] > git for-each-ref --sort -committerdate --format %(refname) %(objectname) %(*objectname) [7ms]
[2022-02-03T22:08:14.321Z] > git config --get commit.template [3ms]
[2022-02-03T22:08:36.943Z] > git symbolic-ref --short HEAD [2ms]
[2022-02-03T22:08:36.949Z] > git for-each-ref --format=%(refname)%00%(upstream:short)%00%(objectname)%00%(upstream:track) refs/heads/UI-interface refs/remotes/UI-interface [1ms]
[2022-02-03T22:08:36.959Z] > git remote --verbose [1ms]
[2022-02-03T22:08:36.959Z] > git for-each-ref --sort -committerdate --format %(refname) %(objectname) %(*objectname) [5ms]
[2022-02-03T22:08:36.972Z] > git config --get commit.template [1ms]
[2022-02-03T22:09:06.008Z] > git ls-files --stage -- /home/force-badname/wordle/styles.css [2ms]
[2022-02-03T22:09:06.013Z] > git cat-file -s 041b85c474d24e2cc4722c367fdb1e1cdaed4223 [1ms]
[2022-02-03T22:09:28.788Z] > git symbolic-ref --short HEAD [3ms]
[2022-02-03T22:09:28.796Z] > git for-each-ref --format=%(refname)%00%(upstream:short)%00%(objectname)%00%(upstream:track) refs/heads/UI-interface refs/remotes/UI-interface [1ms]
[2022-02-03T22:09:28.806Z] > git remote --verbose [2ms]
[2022-02-03T22:09:28.807Z] > git for-each-ref --sort -committerdate --format %(refname) %(objectname) %(*objectname) [7ms]
[2022-02-03T22:09:28.823Z] > git config --get commit.template [1ms]
[2022-02-03T22:09:29.197Z] > git ls-files --stage -- /home/force-badname/wordle/index.html [3ms]
[2022-02-03T22:09:29.205Z] > git cat-file -s 4f4d87d875aa6f9b272d5577ff103b373b89f107 [1ms]
[2022-02-03T22:09:33.841Z] > git symbolic-ref --short HEAD [1ms]
[2022-02-03T22:09:33.847Z] > git for-each-ref --format=%(refname)%00%(upstream:short)%00%(objectname)%00%(upstream:track) refs/heads/UI-interface refs/remotes/UI-interface [1ms]
[2022-02-03T22:09:33.857Z] > git remote --verbose [1ms]
[2022-02-03T22:09:33.858Z] > git for-each-ref --sort -committerdate --format %(refname) %(objectname) %(*objectname) [7ms]
[2022-02-03T22:09:33.864Z] > git config --get commit.template [0ms]
[2022-02-03T22:13:16.738Z] > git symbolic-ref --short HEAD [1ms]
[2022-02-03T22:13:16.744Z] > git for-each-ref --format=%(refname)%00%(upstream:short)%00%(objectname)%00%(upstream:track) refs/heads/UI-interface refs/remotes/UI-interface [1ms]
[2022-02-03T22:13:16.754Z] > git remote --verbose [1ms]
[2022-02-03T22:13:16.755Z] > git for-each-ref --sort -committerdate --format %(refname) %(objectname) %(*objectname) [5ms]
[2022-02-03T22:13:16.762Z] > git config --get commit.template [1ms]
[2022-02-03T22:13:40.733Z] > git symbolic-ref --short HEAD [1ms]
[2022-02-03T22:13:40.739Z] > git for-each-ref --format=%(refname)%00%(upstream:short)%00%(objectname)%00%(upstream:track) refs/heads/UI-interface refs/remotes/UI-interface [1ms]
[2022-02-03T22:13:40.748Z] > git remote --verbose [1ms]
[2022-02-03T22:13:40.749Z] > git for-each-ref --sort -committerdate --format %(refname) %(objectname) %(*objectname) [6ms]
[2022-02-03T22:13:40.757Z] > git config --get commit.template [1ms]
[2022-02-03T22:13:46.140Z] > git symbolic-ref --short HEAD [1ms]
[2022-02-03T22:13:46.146Z] > git for-each-ref --format=%(refname)%00%(upstream:short)%00%(objectname)%00%(upstream:track) refs/heads/UI-interface refs/remotes/UI-interface [2ms]
[2022-02-03T22:13:46.154Z] > git remote --verbose [1ms]
[2022-02-03T22:13:46.154Z] > git for-each-ref --sort -committerdate --format %(refname) %(objectname) %(*objectname) [5ms]
[2022-02-03T22:13:46.161Z] > git config --get commit.template [1ms]
[2022-02-03T22:13:59.838Z] > git symbolic-ref --short HEAD [1ms]
[2022-02-03T22:13:59.843Z] > git for-each-ref --format=%(refname)%00%(upstream:short)%00%(objectname)%00%(upstream:track) refs/heads/UI-interface refs/remotes/UI-interface [1ms]
[2022-02-03T22:13:59.851Z] > git remote --verbose [1ms]
[2022-02-03T22:13:59.852Z] > git for-each-ref --sort -committerdate --format %(refname) %(objectname) %(*objectname) [5ms]
[2022-02-03T22:13:59.860Z] > git config --get commit.template [2ms]
[2022-02-03T22:14:35.470Z] > git symbolic-ref --short HEAD [1ms]
[2022-02-03T22:14:35.474Z] > git for-each-ref --format=%(refname)%00%(upstream:short)%00%(objectname)%00%(upstream:track) refs/heads/UI-interface refs/remotes/UI-interface [1ms]
[2022-02-03T22:14:35.482Z] > git for-each-ref --sort -committerdate --format %(refname) %(objectname) %(*objectname) [4ms]
[2022-02-03T22:14:35.482Z] > git remote --verbose [1ms]
[2022-02-03T22:14:35.489Z] > git config --get commit.template [1ms]
[2022-02-03T22:16:30.206Z] > git symbolic-ref --short HEAD [1ms]
[2022-02-03T22:16:30.214Z] > git for-each-ref --format=%(refname)%00%(upstream:short)%00%(objectname)%00%(upstream:track) refs/heads/UI-interface refs/remotes/UI-interface [2ms]
[2022-02-03T22:16:30.223Z] > git remote --verbose [1ms]
[2022-02-03T22:16:30.223Z] > git for-each-ref --sort -committerdate --format %(refname) %(objectname) %(*objectname) [5ms]
[2022-02-03T22:16:30.231Z] > git config --get commit.template [1ms]
[2022-02-03T22:17:54.728Z] > git ls-files --stage -- /home/force-badname/wordle/styles.css [2ms]
[2022-02-03T22:17:54.735Z] > git cat-file -s 041b85c474d24e2cc4722c367fdb1e1cdaed4223 [1ms]
[2022-02-03T22:18:21.669Z] > git symbolic-ref --short HEAD [1ms]
[2022-02-03T22:18:21.674Z] > git for-each-ref --format=%(refname)%00%(upstream:short)%00%(objectname)%00%(upstream:track) refs/heads/UI-interface refs/remotes/UI-interface [1ms]
[2022-02-03T22:18:21.682Z] > git remote --verbose [1ms]
[2022-02-03T22:18:21.682Z] > git for-each-ref --sort -committerdate --format %(refname) %(objectname) %(*objectname) [4ms]
[2022-02-03T22:18:21.692Z] > git config --get commit.template [1ms]
[2022-02-03T22:18:26.708Z] > git symbolic-ref --short HEAD [0ms]
[2022-02-03T22:18:26.713Z] > git for-each-ref --format=%(refname)%00%(upstream:short)%00%(objectname)%00%(upstream:track) refs/heads/UI-interface refs/remotes/UI-interface [0ms]
[2022-02-03T22:18:26.721Z] > git for-each-ref --sort -committerdate --format %(refname) %(objectname) %(*objectname) [4ms]
[2022-02-03T22:18:26.721Z] > git remote --verbose [1ms]
[2022-02-03T22:18:26.728Z] > git config --get commit.template [1ms]
[2022-02-03T22:18:30.243Z] > git ls-files --stage -- /home/force-badname/wordle/index.html [2ms]
[2022-02-03T22:18:30.251Z] > git cat-file -s 4f4d87d875aa6f9b272d5577ff103b373b89f107 [1ms]
[2022-02-03T22:18:31.747Z] > git symbolic-ref --short HEAD [2ms]
[2022-02-03T22:18:31.753Z] > git for-each-ref --format=%(refname)%00%(upstream:short)%00%(objectname)%00%(upstream:track) refs/heads/UI-interface refs/remotes/UI-interface [1ms]
[2022-02-03T22:18:31.762Z] > git remote --verbose [2ms]
[2022-02-03T22:18:31.762Z] > git for-each-ref --sort -committerdate --format %(refname) %(objectname) %(*objectname) [5ms]
[2022-02-03T22:18:31.778Z] > git config --get commit.template [1ms]
[2022-02-03T22:18:32.109Z] > git ls-files --stage -- /home/force-badname/wordle/styles.css [2ms]
[2022-02-03T22:18:32.117Z] > git cat-file -s 041b85c474d24e2cc4722c367fdb1e1cdaed4223 [1ms]
[2022-02-03T22:18:37.472Z] > git symbolic-ref --short HEAD [1ms]
[2022-02-03T22:18:37.478Z] > git for-each-ref --format=%(refname)%00%(upstream:short)%00%(objectname)%00%(upstream:track) refs/heads/UI-interface refs/remotes/UI-interface [1ms]
[2022-02-03T22:18:37.488Z] > git for-each-ref --sort -committerdate --format %(refname) %(objectname) %(*objectname) [5ms]
[2022-02-03T22:18:37.488Z] > git remote --verbose [1ms]
[2022-02-03T22:18:37.495Z] > git config --get commit.template [1ms]
[2022-02-03T22:18:38.744Z] > git ls-files --stage -- /home/force-badname/wordle/index.html [1ms]
[2022-02-03T22:18:38.750Z] > git cat-file -s 4f4d87d875aa6f9b272d5577ff103b373b89f107 [1ms]
[2022-02-03T22:18:46.627Z] > git symbolic-ref --short HEAD [1ms]
[2022-02-03T22:18:46.636Z] > git for-each-ref --format=%(refname)%00%(upstream:short)%00%(objectname)%00%(upstream:track) refs/heads/UI-interface refs/remotes/UI-interface [2ms]
[2022-02-03T22:18:46.647Z] > git remote --verbose [1ms]
[2022-02-03T22:18:46.647Z] > git for-each-ref --sort -committerdate --format %(refname) %(objectname) %(*objectname) [6ms]
[2022-02-03T22:18:46.655Z] > git config --get commit.template [1ms]
[2022-02-03T22:18:51.669Z] > git symbolic-ref --short HEAD [0ms]
[2022-02-03T22:18:51.675Z] > git for-each-ref --format=%(refname)%00%(upstream:short)%00%(objectname)%00%(upstream:track) refs/heads/UI-interface refs/remotes/UI-interface [1ms]
[2022-02-03T22:18:51.683Z] > git for-each-ref --sort -committerdate --format %(refname) %(objectname) %(*objectname) [5ms]
[2022-02-03T22:18:51.683Z] > git remote --verbose [1ms]
[2022-02-03T22:18:51.690Z] > git config --get commit.template [1ms]
[2022-02-03T22:18:54.442Z] > git ls-files --stage -- /home/force-badname/wordle/styles.css [1ms]
[2022-02-03T22:18:54.447Z] > git cat-file -s 041b85c474d24e2cc4722c367fdb1e1cdaed4223 [0ms]
[2022-02-03T22:19:01.224Z] > git symbolic-ref --short HEAD [1ms]
[2022-02-03T22:19:01.234Z] > git for-each-ref --format=%(refname)%00%(upstream:short)%00%(objectname)%00%(upstream:track) refs/heads/UI-interface refs/remotes/UI-interface [3ms]
[2022-02-03T22:19:01.244Z] > git remote --verbose [1ms]
[2022-02-03T22:19:01.244Z] > git for-each-ref --sort -committerdate --format %(refname) %(objectname) %(*objectname) [6ms]
[2022-02-03T22:19:01.252Z] > git config --get commit.template [2ms]
[2022-02-03T22:19:06.266Z] > git symbolic-ref --short HEAD [0ms]
[2022-02-03T22:19:06.271Z] > git for-each-ref --format=%(refname)%00%(upstream:short)%00%(objectname)%00%(upstream:track) refs/heads/UI-interface refs/remotes/UI-interface [1ms]
[2022-02-03T22:19:06.278Z] > git for-each-ref --sort -committerdate --format %(refname) %(objectname) %(*objectname) [3ms]
[2022-02-03T22:19:06.279Z] > git remote --verbose [1ms]
[2022-02-03T22:19:06.286Z] > git config --get commit.template [1ms]
[2022-02-03T22:19:11.299Z] > git symbolic-ref --short HEAD [1ms]
[2022-02-03T22:19:11.304Z] > git for-each-ref --format=%(refname)%00%(upstream:short)%00%(objectname)%00%(upstream:track) refs/heads/UI-interface refs/remotes/UI-interface [1ms]
[2022-02-03T22:19:11.313Z] > git remote --verbose [1ms]
[2022-02-03T22:19:11.313Z] > git for-each-ref --sort -committerdate --format %(refname) %(objectname) %(*objectname) [6ms]
[2022-02-03T22:19:11.320Z] > git config --get commit.template [1ms]
[2022-02-03T22:19:11.642Z] > git ls-files --stage -- /home/force-badname/wordle/index.html [2ms]
[2022-02-03T22:19:11.647Z] > git cat-file -s 4f4d87d875aa6f9b272d5577ff103b373b89f107 [1ms]
[2022-02-03T22:22:00.573Z] > git ls-files --stage -- /home/force-badname/wordle/styles.css [10ms]
[2022-02-03T22:22:00.587Z] > git cat-file -s 041b85c474d24e2cc4722c367fdb1e1cdaed4223 [3ms]
[2022-02-03T22:22:14.411Z] > git symbolic-ref --short HEAD [1ms]
[2022-02-03T22:22:14.417Z] > git for-each-ref --format=%(refname)%00%(upstream:short)%00%(objectname)%00%(upstream:track) refs/heads/UI-interface refs/remotes/UI-interface [1ms]
[2022-02-03T22:22:14.426Z] > git for-each-ref --sort -committerdate --format %(refname) %(objectname) %(*objectname) [4ms]
[2022-02-03T22:22:14.426Z] > git remote --verbose [1ms]
[2022-02-03T22:22:14.433Z] > git config --get commit.template [1ms]
[2022-02-03T22:22:14.840Z] > git ls-files --stage -- /home/force-badname/wordle/index.html [1ms]
[2022-02-03T22:22:14.845Z] > git cat-file -s 4f4d87d875aa6f9b272d5577ff103b373b89f107 [1ms]
[2022-02-03T22:23:25.818Z] > git ls-files --stage -- /home/force-badname/wordle/styles.css [1ms]
[2022-02-03T22:23:25.824Z] > git cat-file -s 041b85c474d24e2cc4722c367fdb1e1cdaed4223 [1ms]
[2022-02-03T22:24:14.875Z] > git ls-files --stage -- /home/force-badname/wordle/index.html [2ms]
[2022-02-03T22:24:14.882Z] > git cat-file -s 4f4d87d875aa6f9b272d5577ff103b373b89f107 [1ms]
[2022-02-03T22:24:32.996Z] > git ls-files --stage -- /home/force-badname/wordle/styles.css [4ms]
[2022-02-03T22:24:33.002Z] > git cat-file -s 041b85c474d24e2cc4722c367fdb1e1cdaed4223 [1ms]
[2022-02-03T22:25:05.184Z] > git ls-files --stage -- /home/force-badname/wordle/script.js [1ms]
[2022-02-03T22:25:05.189Z] > git cat-file -s e69de29bb2d1d6434b8b29ae775ad8c2e48c5391 [1ms]
[2022-02-03T22:26:33.129Z] > git ls-files --stage -- /home/force-badname/wordle/index.html [2ms]
[2022-02-03T22:26:33.141Z] > git cat-file -s 4f4d87d875aa6f9b272d5577ff103b373b89f107 [1ms]
[2022-02-03T22:26:35.568Z] > git ls-files --stage -- /home/force-badname/wordle/script.js [3ms]
[2022-02-03T22:26:35.574Z] > git cat-file -s e69de29bb2d1d6434b8b29ae775ad8c2e48c5391 [1ms]
[2022-02-03T22:40:04.700Z] > git ls-files --stage -- /home/force-badname/wordle/index.html [4ms]
[2022-02-03T22:40:04.733Z] > git cat-file -s 4f4d87d875aa6f9b272d5577ff103b373b89f107 [2ms]
[2022-02-03T22:40:18.799Z] > git ls-files --stage -- /home/force-badname/wordle/script.js [2ms]
[2022-02-03T22:40:18.837Z] > git cat-file -s e69de29bb2d1d6434b8b29ae775ad8c2e48c5391 [2ms]
[2022-02-03T22:41:24.744Z] > git ls-files --stage -- /home/force-badname/wordle/index.html [2ms]
[2022-02-03T22:41:24.753Z] > git cat-file -s 4f4d87d875aa6f9b272d5577ff103b373b89f107 [2ms]
[2022-02-03T22:41:28.958Z] > git symbolic-ref --short HEAD [2ms]
[2022-02-03T22:41:28.968Z] > git for-each-ref --format=%(refname)%00%(upstream:short)%00%(objectname)%00%(upstream:track) refs/heads/UI-interface refs/remotes/UI-interface [1ms]
[2022-02-03T22:41:28.992Z] > git remote --verbose [2ms]
[2022-02-03T22:41:28.992Z] > git for-each-ref --sort -committerdate --format %(refname) %(objectname) %(*objectname) [18ms]
[2022-02-03T22:41:29.016Z] > git config --get commit.template [1ms]
[2022-02-03T22:41:43.838Z] > git ls-files --stage -- /home/force-badname/wordle/script.js [1ms]
[2022-02-03T22:41:43.847Z] > git cat-file -s e69de29bb2d1d6434b8b29ae775ad8c2e48c5391 [1ms]
[2022-02-03T22:50:45.205Z] > git symbolic-ref --short HEAD [1ms]
[2022-02-03T22:50:45.213Z] > git for-each-ref --format=%(refname)%00%(upstream:short)%00%(objectname)%00%(upstream:track) refs/heads/UI-interface refs/remotes/UI-interface [1ms]
[2022-02-03T22:50:45.225Z] > git remote --verbose [1ms]
[2022-02-03T22:50:45.225Z] > git for-each-ref --sort -committerdate --format %(refname) %(objectname) %(*objectname) [7ms]
[2022-02-03T22:50:45.236Z] > git config --get commit.template [1ms]
[2022-02-03T22:50:45.884Z] > git ls-files --stage -- /home/force-badname/wordle/index.html [2ms]
[2022-02-03T22:50:45.892Z] > git cat-file -s 4f4d87d875aa6f9b272d5577ff103b373b89f107 [2ms]
[2022-02-03T22:51:26.912Z] > git ls-files --stage -- /home/force-badname/wordle/script.js [1ms]
[2022-02-03T22:51:26.920Z] > git cat-file -s e69de29bb2d1d6434b8b29ae775ad8c2e48c5391 [2ms]
[2022-02-03T22:56:11.200Z] > git symbolic-ref --short HEAD [2ms]
[2022-02-03T22:56:11.208Z] > git for-each-ref --format=%(refname)%00%(upstream:short)%00%(objectname)%00%(upstream:track) refs/heads/UI-interface refs/remotes/UI-interface [1ms]
[2022-02-03T22:56:11.218Z] > git remote --verbose [1ms]
[2022-02-03T22:56:11.218Z] > git for-each-ref --sort -committerdate --format %(refname) %(objectname) %(*objectname) [6ms]
[2022-02-03T22:56:11.226Z] > git config --get commit.template [1ms]
[2022-02-03T22:57:10.529Z] > git ls-files --stage -- /home/force-badname/wordle/index.html [1ms]
[2022-02-03T22:57:10.535Z] > git cat-file -s 4f4d87d875aa6f9b272d5577ff103b373b89f107 [1ms]
[2022-02-03T22:57:12.880Z] > git ls-files --stage -- /home/force-badname/wordle/styles.css [2ms]
[2022-02-03T22:57:12.886Z] > git cat-file -s 041b85c474d24e2cc4722c367fdb1e1cdaed4223 [1ms]
[2022-02-03T22:57:26.376Z] > git symbolic-ref --short HEAD [1ms]
[2022-02-03T22:57:26.383Z] > git for-each-ref --format=%(refname)%00%(upstream:short)%00%(objectname)%00%(upstream:track) refs/heads/UI-interface refs/remotes/UI-interface [1ms]
[2022-02-03T22:57:26.395Z] > git remote --verbose [1ms]
[2022-02-03T22:57:26.395Z] > git for-each-ref --sort -committerdate --format %(refname) %(objectname) %(*objectname) [6ms]
[2022-02-03T22:57:26.403Z] > git config --get commit.template [1ms]
[2022-02-03T22:57:31.421Z] > git symbolic-ref --short HEAD [2ms]
[2022-02-03T22:57:31.427Z] > git for-each-ref --format=%(refname)%00%(upstream:short)%00%(objectname)%00%(upstream:track) refs/heads/UI-interface refs/remotes/UI-interface [1ms]
[2022-02-03T22:57:31.438Z] > git remote --verbose [1ms]
[2022-02-03T22:57:31.438Z] > git for-each-ref --sort -committerdate --format %(refname) %(objectname) %(*objectname) [6ms]
[2022-02-03T22:57:31.446Z] > git config --get commit.template [1ms]
[2022-02-03T22:57:36.501Z] > git symbolic-ref --short HEAD [5ms]
[2022-02-03T22:57:36.517Z] > git for-each-ref --format=%(refname)%00%(upstream:short)%00%(objectname)%00%(upstream:track) refs/heads/UI-interface refs/remotes/UI-interface [2ms]
[2022-02-03T22:57:36.532Z] > git for-each-ref --sort -committerdate --format %(refname) %(objectname) %(*objectname) [7ms]
[2022-02-03T22:57:36.532Z] > git remote --verbose [2ms]
[2022-02-03T22:57:36.541Z] > git config --get commit.template [1ms]
[2022-02-03T22:58:19.547Z] > git symbolic-ref --short HEAD [1ms]
[2022-02-03T22:58:19.554Z] > git for-each-ref --format=%(refname)%00%(upstream:short)%00%(objectname)%00%(upstream:track) refs/heads/UI-interface refs/remotes/UI-interface [1ms]
[2022-02-03T22:58:19.563Z] > git remote --verbose [1ms]
[2022-02-03T22:58:19.563Z] > git for-each-ref --sort -committerdate --format %(refname) %(objectname) %(*objectname) [4ms]
[2022-02-03T22:58:19.571Z] > git config --get commit.template [1ms]
[2022-02-03T22:58:21.348Z] > git ls-files --stage -- /home/force-badname/wordle/index.html [2ms]
[2022-02-03T22:58:21.357Z] > git cat-file -s 4f4d87d875aa6f9b272d5577ff103b373b89f107 [2ms]
[2022-02-03T22:58:23.221Z] > git ls-files --stage -- /home/force-badname/wordle/script.js [1ms]
[2022-02-03T22:58:23.227Z] > git cat-file -s e69de29bb2d1d6434b8b29ae775ad8c2e48c5391 [1ms]
[2022-02-03T22:58:53.259Z] > git symbolic-ref --short HEAD [1ms]
[2022-02-03T22:58:53.266Z] > git for-each-ref --format=%(refname)%00%(upstream:short)%00%(objectname)%00%(upstream:track) refs/heads/UI-interface refs/remotes/UI-interface [2ms]
[2022-02-03T22:58:53.278Z] > git remote --verbose [1ms]
[2022-02-03T22:58:53.279Z] > git for-each-ref --sort -committerdate --format %(refname) %(objectname) %(*objectname) [7ms]
[2022-02-03T22:58:53.286Z] > git config --get commit.template [1ms]
[2022-02-03T22:59:57.271Z] > git symbolic-ref --short HEAD [1ms]
[2022-02-03T22:59:57.280Z] > git for-each-ref --format=%(refname)%00%(upstream:short)%00%(objectname)%00%(upstream:track) refs/heads/UI-interface refs/remotes/UI-interface [2ms]
[2022-02-03T22:59:57.290Z] > git remote --verbose [2ms]
[2022-02-03T22:59:57.290Z] > git for-each-ref --sort -committerdate --format %(refname) %(objectname) %(*objectname) [6ms]
[2022-02-03T22:59:57.297Z] > git config --get commit.template [1ms]
[2022-02-03T22:59:57.664Z] > git ls-files --stage -- /home/force-badname/wordle/index.html [1ms]
[2022-02-03T22:59:57.669Z] > git cat-file -s 4f4d87d875aa6f9b272d5577ff103b373b89f107 [1ms]
[2022-02-03T23:00:34.757Z] > git ls-files --stage -- /home/force-badname/wordle/script.js [3ms]
[2022-02-03T23:00:34.764Z] > git cat-file -s e69de29bb2d1d6434b8b29ae775ad8c2e48c5391 [1ms]
[2022-02-03T23:01:20.704Z] > git symbolic-ref --short HEAD [1ms]
[2022-02-03T23:01:20.712Z] > git for-each-ref --format=%(refname)%00%(upstream:short)%00%(objectname)%00%(upstream:track) refs/heads/UI-interface refs/remotes/UI-interface [1ms]
[2022-02-03T23:01:20.726Z] > git remote --verbose [2ms]
[2022-02-03T23:01:20.727Z] > git for-each-ref --sort -committerdate --format %(refname) %(objectname) %(*objectname) [11ms]
[2022-02-03T23:01:20.735Z] > git config --get commit.template [1ms]
[2022-02-03T23:01:30.729Z] > git ls-files --stage -- /home/force-badname/wordle/index.html [2ms]
[2022-02-03T23:01:30.734Z] > git cat-file -s 4f4d87d875aa6f9b272d5577ff103b373b89f107 [1ms]
[2022-02-03T23:02:02.880Z] > git ls-files --stage -- /home/force-badname/wordle/script.js [3ms]
[2022-02-03T23:02:02.890Z] > git cat-file -s e69de29bb2d1d6434b8b29ae775ad8c2e48c5391 [4ms]
[2022-02-03T23:04:57.067Z] > git symbolic-ref --short HEAD [1ms]
[2022-02-03T23:04:57.077Z] > git for-each-ref --format=%(refname)%00%(upstream:short)%00%(objectname)%00%(upstream:track) refs/heads/UI-interface refs/remotes/UI-interface [1ms]
[2022-02-03T23:04:57.093Z] > git for-each-ref --sort -committerdate --format %(refname) %(objectname) %(*objectname) [10ms]
[2022-02-03T23:04:57.093Z] > git remote --verbose [1ms]
[2022-02-03T23:04:57.103Z] > git config --get commit.template [1ms]
[2022-02-03T23:05:17.639Z] > git ls-files --stage -- /home/force-badname/wordle/index.html [2ms]
[2022-02-03T23:05:17.647Z] > git cat-file -s 4f4d87d875aa6f9b272d5577ff103b373b89f107 [1ms]
[2022-02-03T23:05:33.251Z] > git ls-files --stage -- /home/force-badname/wordle/script.js [1ms]
[2022-02-03T23:05:33.259Z] > git cat-file -s e69de29bb2d1d6434b8b29ae775ad8c2e48c5391 [2ms]
[2022-02-03T23:05:41.928Z] > git symbolic-ref --short HEAD [1ms]
[2022-02-03T23:05:41.934Z] > git for-each-ref --format=%(refname)%00%(upstream:short)%00%(objectname)%00%(upstream:track) refs/heads/UI-interface refs/remotes/UI-interface [1ms]
[2022-02-03T23:05:41.943Z] > git remote --verbose [1ms]
[2022-02-03T23:05:41.943Z] > git for-each-ref --sort -committerdate --format %(refname) %(objectname) %(*objectname) [5ms]
[2022-02-03T23:05:41.950Z] > git config --get commit.template [0ms]
[2022-02-03T23:05:56.686Z] > git symbolic-ref --short HEAD [1ms]
[2022-02-03T23:05:56.694Z] > git for-each-ref --format=%(refname)%00%(upstream:short)%00%(objectname)%00%(upstream:track) refs/heads/UI-interface refs/remotes/UI-interface [1ms]
[2022-02-03T23:05:56.704Z] > git remote --verbose [1ms]
[2022-02-03T23:05:56.704Z] > git for-each-ref --sort -committerdate --format %(refname) %(objectname) %(*objectname) [6ms]
[2022-02-03T23:05:56.711Z] > git config --get commit.template [1ms]
[2022-02-03T23:06:08.917Z] > git symbolic-ref --short HEAD [2ms]
[2022-02-03T23:06:08.924Z] > git for-each-ref --format=%(refname)%00%(upstream:short)%00%(objectname)%00%(upstream:track) refs/heads/UI-interface refs/remotes/UI-interface [1ms]
[2022-02-03T23:06:08.937Z] > git remote --verbose [2ms]
[2022-02-03T23:06:08.937Z] > git for-each-ref --sort -committerdate --format %(refname) %(objectname) %(*objectname) [6ms]
[2022-02-03T23:06:08.944Z] > git config --get commit.template [1ms]
[2022-02-03T23:06:15.579Z] > git ls-files --stage -- /home/force-badname/wordle/index.html [1ms]
[2022-02-03T23:06:15.584Z] > git cat-file -s 4f4d87d875aa6f9b272d5577ff103b373b89f107 [1ms]
[2022-02-03T23:06:48.844Z] > git symbolic-ref --short HEAD [2ms]
[2022-02-03T23:06:48.854Z] > git for-each-ref --format=%(refname)%00%(upstream:short)%00%(objectname)%00%(upstream:track) refs/heads/UI-interface refs/remotes/UI-interface [2ms]
[2022-02-03T23:06:48.867Z] > git for-each-ref --sort -committerdate --format %(refname) %(objectname) %(*objectname) [6ms]
[2022-02-03T23:06:48.868Z] > git remote --verbose [2ms]
[2022-02-03T23:06:48.876Z] > git config --get commit.template [1ms]
[2022-02-03T23:07:40.592Z] > git symbolic-ref --short HEAD [1ms]
[2022-02-03T23:07:40.598Z] > git for-each-ref --format=%(refname)%00%(upstream:short)%00%(objectname)%00%(upstream:track) refs/heads/UI-interface refs/remotes/UI-interface [1ms]
[2022-02-03T23:07:40.609Z] > git for-each-ref --sort -committerdate --format %(refname) %(objectname) %(*objectname) [6ms]
[2022-02-03T23:07:40.609Z] > git remote --verbose [1ms]
[2022-02-03T23:07:40.616Z] > git config --get commit.template [1ms]
[2022-02-03T23:11:18.354Z] > git log --format=%H%n%aN%n%aE%n%at%n%ct%n%P%n%B -z -n21 -- /home/force-badname/wordle/index.html [9ms]
[2022-02-03T23:11:21.087Z] > git ls-files --stage -- /home/force-badname/wordle/script.js [2ms]
[2022-02-03T23:11:21.095Z] > git cat-file -s e69de29bb2d1d6434b8b29ae775ad8c2e48c5391 [1ms]
[2022-02-03T23:12:49.520Z] > git rev-parse --git-dir [3ms]
[2022-02-03T23:12:49.528Z] Open repository: /home/force-badname
[2022-02-03T23:12:49.636Z] > git ls-files --stage -- /home/force-badname/.vscode-server/bin/5554b12acf27056905806867f251c859323ff7e9/extensions/node_modules/typescript/lib/lib.dom.d.ts [4ms]
[2022-02-03T23:12:50.305Z] > git symbolic-ref --short HEAD [2ms]
[2022-02-03T23:12:50.314Z] > git for-each-ref --format=%(refname)%00%(upstream:short)%00%(objectname)%00%(upstream:track) refs/heads/main refs/remotes/main [4ms]
[2022-02-03T23:12:50.327Z] > git for-each-ref --sort -committerdate --format %(refname) %(objectname) %(*objectname) [7ms]
[2022-02-03T23:12:50.329Z] > git remote --verbose [4ms]
[2022-02-03T23:12:50.421Z] > git config --get commit.template [1ms]
[2022-02-03T23:12:58.749Z] > git ls-files --stage -- /home/force-badname/wordle/script.js [5ms]
[2022-02-03T23:12:58.758Z] > git cat-file -s e69de29bb2d1d6434b8b29ae775ad8c2e48c5391 [1ms]
[2022-02-03T23:25:55.645Z] > git symbolic-ref --short HEAD [0ms]
[2022-02-03T23:25:55.660Z] > git for-each-ref --format=%(refname)%00%(upstream:short)%00%(objectname)%00%(upstream:track) refs/heads/UI-interface refs/remotes/UI-interface [1ms]
[2022-02-03T23:25:55.686Z] > git remote --verbose [1ms]
[2022-02-03T23:25:55.686Z] > git for-each-ref --sort -committerdate --format %(refname) %(objectname) %(*objectname) [8ms]
[2022-02-03T23:25:55.721Z] > git config --get commit.template [11ms]
[2022-02-03T23:25:55.723Z] > git symbolic-ref --short HEAD [2ms]
[2022-02-03T23:25:55.734Z] > git for-each-ref --format=%(refname)%00%(upstream:short)%00%(objectname)%00%(upstream:track) refs/heads/main refs/remotes/main [1ms]
[2022-02-03T23:25:55.746Z] > git remote --verbose [1ms]
[2022-02-03T23:25:55.746Z] > git for-each-ref --sort -committerdate --format %(refname) %(objectname) %(*objectname) [7ms]
[2022-02-03T23:25:55.808Z] > git config --get commit.template [5ms]
