[2022-02-05T21:26:26.149Z] Validating found git in: git
[2022-02-05T21:26:26.210Z] Using git 2.25.1 from git
[2022-02-05T21:26:26.294Z] > git rev-parse --git-dir [2ms]
[2022-02-05T21:26:26.306Z] Open repository: /home/force-badname
[2022-02-05T21:26:26.682Z] > git ls-files --stage -- /home/force-badname/dom-challenge/challenge/dom.js [5ms]
[2022-02-05T21:26:26.694Z] > git cat-file -s 76bd6e38f410dc93ac157f6e7890bb10119b6edd [4ms]
[2022-02-05T21:26:27.509Z] > git symbolic-ref --short HEAD [24ms]
[2022-02-05T21:26:27.526Z] > git for-each-ref --format=%(refname)%00%(upstream:short)%00%(objectname)%00%(upstream:track) refs/heads/main refs/remotes/main [10ms]
[2022-02-05T21:26:27.542Z] > git remote --verbose [4ms]
[2022-02-05T21:26:27.544Z] > git for-each-ref --sort -committerdate --format %(refname) %(objectname) %(*objectname) [11ms]
[2022-02-05T21:26:28.703Z] > git config --get commit.template [1017ms]
[2022-02-05T21:30:06.600Z] > git log --format=%H%n%aN%n%aE%n%at%n%ct%n%P%n%B -z -n21 -- /home/force-badname/dom-challenge/challenge/dom.js [8ms]
[2022-02-05T21:30:10.163Z] > git ls-files --stage -- /home/force-badname/dom-challenge/challenge/style.css [23ms]
[2022-02-05T21:30:10.172Z] > git cat-file -s 5debe158286a7cec5897801278cdd8b2fe5af6a0 [2ms]
[2022-02-05T21:30:15.001Z] > git ls-files --stage -- /home/force-badname/dom-challenge/challenge/index.html [4ms]
[2022-02-05T21:30:15.009Z] > git cat-file -s e982ae17be1768df71829763d48689746352cdb2 [2ms]
[2022-02-05T21:30:17.480Z] > git ls-files --stage -- /home/force-badname/dom-challenge/challenge/style.css [4ms]
[2022-02-05T21:30:17.486Z] > git cat-file -s 5debe158286a7cec5897801278cdd8b2fe5af6a0 [2ms]
[2022-02-05T21:30:40.476Z] > git ls-files --stage -- /home/force-badname/dom-challenge/challenge/dom.js [8ms]
[2022-02-05T21:30:40.481Z] > git cat-file -s 76bd6e38f410dc93ac157f6e7890bb10119b6edd [2ms]
[2022-02-05T21:30:55.114Z] > git symbolic-ref --short HEAD [2ms]
[2022-02-05T21:30:55.120Z] > git for-each-ref --format=%(refname)%00%(upstream:short)%00%(objectname)%00%(upstream:track) refs/heads/main refs/remotes/main [2ms]
[2022-02-05T21:30:55.129Z] > git remote --verbose [2ms]
[2022-02-05T21:30:55.129Z] > git for-each-ref --sort -committerdate --format %(refname) %(objectname) %(*objectname) [5ms]
[2022-02-05T21:30:55.195Z] > git config --get commit.template [2ms]
[2022-02-05T21:30:58.963Z] > git ls-files --stage -- /home/force-badname/dom-challenge/challenge/index.html [3ms]
[2022-02-05T21:30:58.970Z] > git cat-file -s e982ae17be1768df71829763d48689746352cdb2 [1ms]
[2022-02-05T21:31:22.609Z] > git ls-files --stage -- /home/force-badname/dom-challenge/challenge/dom.js [3ms]
[2022-02-05T21:31:22.618Z] > git cat-file -s 76bd6e38f410dc93ac157f6e7890bb10119b6edd [2ms]
[2022-02-05T21:31:45.277Z] > git symbolic-ref --short HEAD [0ms]
[2022-02-05T21:31:45.284Z] > git for-each-ref --format=%(refname)%00%(upstream:short)%00%(objectname)%00%(upstream:track) refs/heads/main refs/remotes/main [1ms]
[2022-02-05T21:31:45.296Z] > git remote --verbose [2ms]
[2022-02-05T21:31:45.297Z] > git for-each-ref --sort -committerdate --format %(refname) %(objectname) %(*objectname) [7ms]
[2022-02-05T21:31:45.385Z] > git config --get commit.template [1ms]
[2022-02-05T21:31:49.221Z] > git ls-files --stage -- /home/force-badname/dom-challenge/challenge/index.html [3ms]
[2022-02-05T21:31:49.227Z] > git cat-file -s e982ae17be1768df71829763d48689746352cdb2 [1ms]
[2022-02-05T21:31:50.473Z] > git symbolic-ref --short HEAD [1ms]
[2022-02-05T21:31:50.480Z] > git for-each-ref --format=%(refname)%00%(upstream:short)%00%(objectname)%00%(upstream:track) refs/heads/main refs/remotes/main [1ms]
[2022-02-05T21:31:50.490Z] > git for-each-ref --sort -committerdate --format %(refname) %(objectname) %(*objectname) [5ms]
[2022-02-05T21:31:50.490Z] > git remote --verbose [1ms]
[2022-02-05T21:31:50.543Z] > git config --get commit.template [4ms]
[2022-02-05T21:31:51.938Z] > git ls-files --stage -- /home/force-badname/dom-challenge/challenge/dom.js [3ms]
[2022-02-05T21:31:51.945Z] > git cat-file -s 76bd6e38f410dc93ac157f6e7890bb10119b6edd [1ms]
[2022-02-05T21:31:55.614Z] > git symbolic-ref --short HEAD [2ms]
[2022-02-05T21:31:55.621Z] > git for-each-ref --format=%(refname)%00%(upstream:short)%00%(objectname)%00%(upstream:track) refs/heads/main refs/remotes/main [2ms]
[2022-02-05T21:31:55.631Z] > git remote --verbose [1ms]
[2022-02-05T21:31:55.631Z] > git for-each-ref --sort -committerdate --format %(refname) %(objectname) %(*objectname) [6ms]
[2022-02-05T21:31:55.678Z] > git config --get commit.template [1ms]
[2022-02-05T21:31:57.942Z] > git ls-files --stage -- /home/force-badname/dom-challenge/challenge/index.html [5ms]
[2022-02-05T21:31:57.949Z] > git cat-file -s e982ae17be1768df71829763d48689746352cdb2 [1ms]
[2022-02-05T21:32:34.501Z] > git ls-files --stage -- /home/force-badname/dom-challenge/challenge/style.css [4ms]
[2022-02-05T21:32:34.508Z] > git cat-file -s 5debe158286a7cec5897801278cdd8b2fe5af6a0 [1ms]
[2022-02-05T21:32:51.560Z] > git symbolic-ref --short HEAD [1ms]
[2022-02-05T21:32:51.568Z] > git for-each-ref --format=%(refname)%00%(upstream:short)%00%(objectname)%00%(upstream:track) refs/heads/main refs/remotes/main [2ms]
[2022-02-05T21:32:51.582Z] > git remote --verbose [1ms]
[2022-02-05T21:32:51.582Z] > git for-each-ref --sort -committerdate --format %(refname) %(objectname) %(*objectname) [6ms]
[2022-02-05T21:32:51.639Z] > git config --get commit.template [1ms]
[2022-02-05T21:32:52.968Z] > git ls-files --stage -- /home/force-badname/dom-challenge/challenge/index.html [4ms]
[2022-02-05T21:32:52.976Z] > git cat-file -s e982ae17be1768df71829763d48689746352cdb2 [1ms]
[2022-02-05T21:33:01.330Z] > git symbolic-ref --short HEAD [1ms]
[2022-02-05T21:33:01.340Z] > git for-each-ref --format=%(refname)%00%(upstream:short)%00%(objectname)%00%(upstream:track) refs/heads/main refs/remotes/main [2ms]
[2022-02-05T21:33:01.350Z] > git remote --verbose [1ms]
[2022-02-05T21:33:01.351Z] > git for-each-ref --sort -committerdate --format %(refname) %(objectname) %(*objectname) [6ms]
[2022-02-05T21:33:01.421Z] > git config --get commit.template [4ms]
[2022-02-05T21:33:15.579Z] > git ls-files --stage -- /home/force-badname/dom-challenge/challenge/dom.js [3ms]
[2022-02-05T21:33:15.586Z] > git cat-file -s 76bd6e38f410dc93ac157f6e7890bb10119b6edd [1ms]
[2022-02-05T21:33:23.942Z] > git ls-files --stage -- /home/force-badname/dom-challenge/challenge/style.css [6ms]
[2022-02-05T21:33:23.951Z] > git cat-file -s 5debe158286a7cec5897801278cdd8b2fe5af6a0 [1ms]
[2022-02-05T21:33:41.190Z] > git symbolic-ref --short HEAD [1ms]
[2022-02-05T21:33:41.195Z] > git for-each-ref --format=%(refname)%00%(upstream:short)%00%(objectname)%00%(upstream:track) refs/heads/main refs/remotes/main [1ms]
[2022-02-05T21:33:41.206Z] > git remote --verbose [1ms]
[2022-02-05T21:33:41.206Z] > git for-each-ref --sort -committerdate --format %(refname) %(objectname) %(*objectname) [7ms]
[2022-02-05T21:33:41.266Z] > git config --get commit.template [1ms]
[2022-02-05T21:33:47.243Z] > git symbolic-ref --short HEAD [1ms]
[2022-02-05T21:33:47.250Z] > git for-each-ref --format=%(refname)%00%(upstream:short)%00%(objectname)%00%(upstream:track) refs/heads/main refs/remotes/main [2ms]
[2022-02-05T21:33:47.262Z] > git for-each-ref --sort -committerdate --format %(refname) %(objectname) %(*objectname) [6ms]
[2022-02-05T21:33:47.262Z] > git remote --verbose [2ms]
[2022-02-05T21:33:47.308Z] > git config --get commit.template [1ms]
[2022-02-05T21:34:10.795Z] > git ls-files --stage -- /home/force-badname/dom-challenge/challenge/index.html [3ms]
[2022-02-05T21:34:10.801Z] > git cat-file -s e982ae17be1768df71829763d48689746352cdb2 [1ms]
[2022-02-05T22:37:10.903Z] > git ls-files --stage -- /home/force-badname/dom-challenge/challenge/dom.js [4ms]
[2022-02-05T22:37:10.909Z] > git cat-file -s 76bd6e38f410dc93ac157f6e7890bb10119b6edd [1ms]
[2022-02-05T22:43:17.162Z] > git ls-files --stage -- /home/force-badname/dom-challenge/challenge/style.css [3ms]
[2022-02-05T22:43:17.170Z] > git cat-file -s 5debe158286a7cec5897801278cdd8b2fe5af6a0 [1ms]
[2022-02-05T22:45:16.575Z] > git ls-files --stage -- /home/force-badname/dom-challenge/challenge/index.html [2ms]
[2022-02-05T22:45:16.582Z] > git cat-file -s e982ae17be1768df71829763d48689746352cdb2 [0ms]
[2022-02-05T22:45:19.238Z] > git symbolic-ref --short HEAD [2ms]
[2022-02-05T22:45:19.246Z] > git for-each-ref --format=%(refname)%00%(upstream:short)%00%(objectname)%00%(upstream:track) refs/heads/main refs/remotes/main [2ms]
[2022-02-05T22:45:19.257Z] > git remote --verbose [2ms]
[2022-02-05T22:45:19.257Z] > git for-each-ref --sort -committerdate --format %(refname) %(objectname) %(*objectname) [7ms]
[2022-02-05T22:45:19.309Z] > git config --get commit.template [3ms]
[2022-02-05T22:45:20.327Z] > git ls-files --stage -- /home/force-badname/dom-challenge/challenge/style.css [3ms]
[2022-02-05T22:45:20.335Z] > git cat-file -s 5debe158286a7cec5897801278cdd8b2fe5af6a0 [2ms]
[2022-02-05T22:45:22.882Z] > git ls-files --stage -- /home/force-badname/dom-challenge/challenge/index.html [3ms]
[2022-02-05T22:45:22.890Z] > git cat-file -s e982ae17be1768df71829763d48689746352cdb2 [1ms]
[2022-02-05T22:45:26.877Z] > git symbolic-ref --short HEAD [6ms]
[2022-02-05T22:45:26.883Z] > git for-each-ref --format=%(refname)%00%(upstream:short)%00%(objectname)%00%(upstream:track) refs/heads/main refs/remotes/main [1ms]
[2022-02-05T22:45:26.893Z] > git for-each-ref --sort -committerdate --format %(refname) %(objectname) %(*objectname) [6ms]
[2022-02-05T22:45:26.894Z] > git remote --verbose [2ms]
[2022-02-05T22:45:26.935Z] > git config --get commit.template [2ms]
[2022-02-05T22:45:35.826Z] > git ls-files --stage -- /home/force-badname/dom-challenge/challenge/dom.js [2ms]
[2022-02-05T22:45:35.832Z] > git cat-file -s 76bd6e38f410dc93ac157f6e7890bb10119b6edd [1ms]
[2022-02-05T22:45:53.626Z] > git symbolic-ref --short HEAD [1ms]
[2022-02-05T22:45:53.631Z] > git for-each-ref --format=%(refname)%00%(upstream:short)%00%(objectname)%00%(upstream:track) refs/heads/main refs/remotes/main [1ms]
[2022-02-05T22:45:53.641Z] > git remote --verbose [1ms]
[2022-02-05T22:45:53.641Z] > git for-each-ref --sort -committerdate --format %(refname) %(objectname) %(*objectname) [5ms]
[2022-02-05T22:45:53.684Z] > git config --get commit.template [3ms]
[2022-02-05T22:46:04.698Z] > git ls-files --stage -- /home/force-badname/dom-challenge/challenge/index.html [3ms]
[2022-02-05T22:46:04.703Z] > git cat-file -s e982ae17be1768df71829763d48689746352cdb2 [0ms]
[2022-02-05T22:47:02.685Z] > git ls-files --stage -- /home/force-badname/dom-challenge/challenge/dom.js [3ms]
[2022-02-05T22:47:02.690Z] > git cat-file -s 76bd6e38f410dc93ac157f6e7890bb10119b6edd [1ms]
[2022-02-05T22:47:39.774Z] > git ls-files --stage -- /home/force-badname/dom-challenge/challenge/style.css [3ms]
[2022-02-05T22:47:39.781Z] > git cat-file -s 5debe158286a7cec5897801278cdd8b2fe5af6a0 [1ms]
[2022-02-05T22:47:44.082Z] > git ls-files --stage -- /home/force-badname/dom-challenge/challenge/index.html [2ms]
[2022-02-05T22:47:44.088Z] > git cat-file -s e982ae17be1768df71829763d48689746352cdb2 [1ms]
[2022-02-05T22:47:47.657Z] > git ls-files --stage -- /home/force-badname/dom-challenge/challenge/dom.js [3ms]
[2022-02-05T22:47:47.663Z] > git cat-file -s 76bd6e38f410dc93ac157f6e7890bb10119b6edd [1ms]
[2022-02-05T22:47:54.959Z] > git symbolic-ref --short HEAD [1ms]
[2022-02-05T22:47:54.964Z] > git for-each-ref --format=%(refname)%00%(upstream:short)%00%(objectname)%00%(upstream:track) refs/heads/main refs/remotes/main [1ms]
[2022-02-05T22:47:54.972Z] > git remote --verbose [1ms]
[2022-02-05T22:47:54.972Z] > git for-each-ref --sort -committerdate --format %(refname) %(objectname) %(*objectname) [4ms]
[2022-02-05T22:47:55.019Z] > git config --get commit.template [3ms]
[2022-02-05T22:48:05.166Z] > git ls-files --stage -- /home/force-badname/dom-challenge/challenge/index.html [3ms]
[2022-02-05T22:48:05.171Z] > git cat-file -s e982ae17be1768df71829763d48689746352cdb2 [1ms]
[2022-02-05T22:48:22.905Z] > git ls-files --stage -- /home/force-badname/dom-challenge/challenge/dom.js [2ms]
[2022-02-05T22:48:22.911Z] > git cat-file -s 76bd6e38f410dc93ac157f6e7890bb10119b6edd [1ms]
[2022-02-05T22:48:46.589Z] > git symbolic-ref --short HEAD [1ms]
[2022-02-05T22:48:46.595Z] > git for-each-ref --format=%(refname)%00%(upstream:short)%00%(objectname)%00%(upstream:track) refs/heads/main refs/remotes/main [0ms]
[2022-02-05T22:48:46.603Z] > git remote --verbose [1ms]
[2022-02-05T22:48:46.603Z] > git for-each-ref --sort -committerdate --format %(refname) %(objectname) %(*objectname) [5ms]
[2022-02-05T22:48:46.654Z] > git config --get commit.template [1ms]
[2022-02-05T22:48:50.621Z] > git ls-files --stage -- /home/force-badname/dom-challenge/challenge/index.html [2ms]
[2022-02-05T22:48:50.628Z] > git cat-file -s e982ae17be1768df71829763d48689746352cdb2 [1ms]
[2022-02-05T22:50:58.375Z] > git ls-files --stage -- /home/force-badname/dom-challenge/challenge/dom.js [5ms]
[2022-02-05T22:50:58.381Z] > git cat-file -s 76bd6e38f410dc93ac157f6e7890bb10119b6edd [2ms]
[2022-02-05T22:51:12.779Z] > git ls-files --stage -- /home/force-badname/dom-challenge/challenge/index.html [4ms]
[2022-02-05T22:51:12.784Z] > git cat-file -s e982ae17be1768df71829763d48689746352cdb2 [1ms]
[2022-02-05T22:51:20.070Z] > git ls-files --stage -- /home/force-badname/dom-challenge/challenge/dom.js [6ms]
[2022-02-05T22:51:20.077Z] > git cat-file -s 76bd6e38f410dc93ac157f6e7890bb10119b6edd [2ms]
[2022-02-05T22:51:43.128Z] > git symbolic-ref --short HEAD [1ms]
[2022-02-05T22:51:43.133Z] > git for-each-ref --format=%(refname)%00%(upstream:short)%00%(objectname)%00%(upstream:track) refs/heads/main refs/remotes/main [1ms]
[2022-02-05T22:51:43.141Z] > git remote --verbose [1ms]
[2022-02-05T22:51:43.142Z] > git for-each-ref --sort -committerdate --format %(refname) %(objectname) %(*objectname) [5ms]
[2022-02-05T22:51:43.187Z] > git config --get commit.template [3ms]
[2022-02-05T22:51:46.217Z] > git ls-files --stage -- /home/force-badname/dom-challenge/challenge/index.html [3ms]
[2022-02-05T22:51:46.223Z] > git cat-file -s e982ae17be1768df71829763d48689746352cdb2 [1ms]
[2022-02-05T22:52:01.635Z] > git symbolic-ref --short HEAD [1ms]
[2022-02-05T22:52:01.642Z] > git for-each-ref --format=%(refname)%00%(upstream:short)%00%(objectname)%00%(upstream:track) refs/heads/main refs/remotes/main [1ms]
[2022-02-05T22:52:01.658Z] > git for-each-ref --sort -committerdate --format %(refname) %(objectname) %(*objectname) [7ms]
[2022-02-05T22:52:01.659Z] > git remote --verbose [2ms]
[2022-02-05T22:52:01.748Z] > git config --get commit.template [8ms]
[2022-02-05T22:52:18.539Z] > git ls-files --stage -- /home/force-badname/dom-challenge/challenge/dom.js [2ms]
[2022-02-05T22:52:18.544Z] > git cat-file -s 76bd6e38f410dc93ac157f6e7890bb10119b6edd [1ms]
[2022-02-05T22:53:42.815Z] > git symbolic-ref --short HEAD [1ms]
[2022-02-05T22:53:42.820Z] > git for-each-ref --format=%(refname)%00%(upstream:short)%00%(objectname)%00%(upstream:track) refs/heads/main refs/remotes/main [1ms]
[2022-02-05T22:53:42.827Z] > git remote --verbose [1ms]
[2022-02-05T22:53:42.828Z] > git for-each-ref --sort -committerdate --format %(refname) %(objectname) %(*objectname) [5ms]
[2022-02-05T22:53:42.872Z] > git config --get commit.template [3ms]
[2022-02-05T22:53:52.104Z] > git ls-files --stage -- /home/force-badname/dom-challenge/challenge/index.html [2ms]
[2022-02-05T22:53:52.109Z] > git cat-file -s e982ae17be1768df71829763d48689746352cdb2 [1ms]
[2022-02-05T22:54:12.383Z] > git ls-files --stage -- /home/force-badname/dom-challenge/challenge/dom.js [6ms]
[2022-02-05T22:54:12.389Z] > git cat-file -s 76bd6e38f410dc93ac157f6e7890bb10119b6edd [1ms]
[2022-02-05T22:54:28.558Z] > git symbolic-ref --short HEAD [0ms]
[2022-02-05T22:54:28.565Z] > git for-each-ref --format=%(refname)%00%(upstream:short)%00%(objectname)%00%(upstream:track) refs/heads/main refs/remotes/main [1ms]
[2022-02-05T22:54:28.573Z] > git remote --verbose [0ms]
[2022-02-05T22:54:28.574Z] > git for-each-ref --sort -committerdate --format %(refname) %(objectname) %(*objectname) [5ms]
[2022-02-05T22:54:28.621Z] > git config --get commit.template [3ms]
[2022-02-05T22:54:40.096Z] > git symbolic-ref --short HEAD [1ms]
[2022-02-05T22:54:40.102Z] > git for-each-ref --format=%(refname)%00%(upstream:short)%00%(objectname)%00%(upstream:track) refs/heads/main refs/remotes/main [1ms]
[2022-02-05T22:54:40.113Z] > git remote --verbose [1ms]
[2022-02-05T22:54:40.114Z] > git for-each-ref --sort -committerdate --format %(refname) %(objectname) %(*objectname) [7ms]
[2022-02-05T22:54:40.159Z] > git config --get commit.template [0ms]
[2022-02-05T22:54:42.659Z] > git ls-files --stage -- /home/force-badname/dom-challenge/challenge/index.html [3ms]
[2022-02-05T22:54:42.666Z] > git cat-file -s e982ae17be1768df71829763d48689746352cdb2 [1ms]
[2022-02-05T22:55:10.202Z] > git ls-files --stage -- /home/force-badname/dom-challenge/challenge/dom.js [3ms]
[2022-02-05T22:55:10.207Z] > git cat-file -s 76bd6e38f410dc93ac157f6e7890bb10119b6edd [1ms]
[2022-02-05T22:55:48.055Z] > git ls-files --stage -- /home/force-badname/dom-challenge/challenge/index.html [2ms]
[2022-02-05T22:55:48.061Z] > git cat-file -s e982ae17be1768df71829763d48689746352cdb2 [1ms]
[2022-02-05T22:55:50.498Z] > git ls-files --stage -- /home/force-badname/dom-challenge/challenge/dom.js [3ms]
[2022-02-05T22:55:50.504Z] > git cat-file -s 76bd6e38f410dc93ac157f6e7890bb10119b6edd [1ms]
[2022-02-05T22:55:57.976Z] > git symbolic-ref --short HEAD [5ms]
[2022-02-05T22:55:57.984Z] > git for-each-ref --format=%(refname)%00%(upstream:short)%00%(objectname)%00%(upstream:track) refs/heads/main refs/remotes/main [1ms]
[2022-02-05T22:55:57.993Z] > git remote --verbose [0ms]
[2022-02-05T22:55:57.994Z] > git for-each-ref --sort -committerdate --format %(refname) %(objectname) %(*objectname) [5ms]
[2022-02-05T22:55:58.046Z] > git config --get commit.template [2ms]
[2022-02-05T22:56:03.110Z] > git symbolic-ref --short HEAD [1ms]
[2022-02-05T22:56:03.116Z] > git for-each-ref --format=%(refname)%00%(upstream:short)%00%(objectname)%00%(upstream:track) refs/heads/main refs/remotes/main [1ms]
[2022-02-05T22:56:03.125Z] > git remote --verbose [1ms]
[2022-02-05T22:56:03.125Z] > git for-each-ref --sort -committerdate --format %(refname) %(objectname) %(*objectname) [5ms]
[2022-02-05T22:56:03.162Z] > git config --get commit.template [4ms]
[2022-02-05T22:56:06.379Z] > git ls-files --stage -- /home/force-badname/dom-challenge/challenge/index.html [3ms]
[2022-02-05T22:56:06.385Z] > git cat-file -s e982ae17be1768df71829763d48689746352cdb2 [1ms]
[2022-02-05T22:56:31.318Z] > git ls-files --stage -- /home/force-badname/dom-challenge/challenge/dom.js [4ms]
[2022-02-05T22:56:31.325Z] > git cat-file -s 76bd6e38f410dc93ac157f6e7890bb10119b6edd [1ms]
[2022-02-05T22:57:36.538Z] > git ls-files --stage -- /home/force-badname/dom-challenge/challenge/style.css [3ms]
[2022-02-05T22:57:36.543Z] > git cat-file -s 5debe158286a7cec5897801278cdd8b2fe5af6a0 [1ms]
[2022-02-05T22:57:53.977Z] > git ls-files --stage -- /home/force-badname/dom-challenge/challenge/index.html [3ms]
[2022-02-05T22:57:53.983Z] > git cat-file -s e982ae17be1768df71829763d48689746352cdb2 [1ms]
[2022-02-05T22:57:56.154Z] > git ls-files --stage -- /home/force-badname/dom-challenge/challenge/dom.js [9ms]
[2022-02-05T22:57:56.161Z] > git cat-file -s 76bd6e38f410dc93ac157f6e7890bb10119b6edd [1ms]
[2022-02-05T22:58:24.274Z] > git symbolic-ref --short HEAD [1ms]
[2022-02-05T22:58:24.279Z] > git for-each-ref --format=%(refname)%00%(upstream:short)%00%(objectname)%00%(upstream:track) refs/heads/main refs/remotes/main [1ms]
[2022-02-05T22:58:24.288Z] > git remote --verbose [1ms]
[2022-02-05T22:58:24.288Z] > git for-each-ref --sort -committerdate --format %(refname) %(objectname) %(*objectname) [4ms]
[2022-02-05T22:58:24.330Z] > git config --get commit.template [3ms]
[2022-02-05T22:58:37.428Z] > git symbolic-ref --short HEAD [1ms]
[2022-02-05T22:58:37.434Z] > git for-each-ref --format=%(refname)%00%(upstream:short)%00%(objectname)%00%(upstream:track) refs/heads/main refs/remotes/main [1ms]
[2022-02-05T22:58:37.444Z] > git remote --verbose [1ms]
[2022-02-05T22:58:37.444Z] > git for-each-ref --sort -committerdate --format %(refname) %(objectname) %(*objectname) [5ms]
[2022-02-05T22:58:37.491Z] > git config --get commit.template [3ms]
[2022-02-05T22:58:39.274Z] > git ls-files --stage -- /home/force-badname/dom-challenge/challenge/index.html [2ms]
[2022-02-05T22:58:39.280Z] > git cat-file -s e982ae17be1768df71829763d48689746352cdb2 [1ms]
[2022-02-05T22:58:42.742Z] > git symbolic-ref --short HEAD [1ms]
[2022-02-05T22:58:42.752Z] > git for-each-ref --format=%(refname)%00%(upstream:short)%00%(objectname)%00%(upstream:track) refs/heads/main refs/remotes/main [4ms]
[2022-02-05T22:58:42.764Z] > git remote --verbose [1ms]
[2022-02-05T22:58:42.764Z] > git for-each-ref --sort -committerdate --format %(refname) %(objectname) %(*objectname) [6ms]
[2022-02-05T22:58:42.813Z] > git config --get commit.template [7ms]
[2022-02-05T23:00:02.681Z] > git ls-files --stage -- /home/force-badname/dom-challenge/challenge/dom.js [3ms]
[2022-02-05T23:00:02.689Z] > git cat-file -s 76bd6e38f410dc93ac157f6e7890bb10119b6edd [2ms]
[2022-02-05T23:01:03.808Z] > git symbolic-ref --short HEAD [1ms]
[2022-02-05T23:01:03.816Z] > git for-each-ref --format=%(refname)%00%(upstream:short)%00%(objectname)%00%(upstream:track) refs/heads/main refs/remotes/main [1ms]
[2022-02-05T23:01:03.826Z] > git remote --verbose [2ms]
[2022-02-05T23:01:03.827Z] > git for-each-ref --sort -committerdate --format %(refname) %(objectname) %(*objectname) [6ms]
[2022-02-05T23:01:03.869Z] > git config --get commit.template [2ms]
[2022-02-05T23:01:08.168Z] > git ls-files --stage -- /home/force-badname/dom-challenge/challenge/index.html [2ms]
[2022-02-05T23:01:08.174Z] > git cat-file -s e982ae17be1768df71829763d48689746352cdb2 [1ms]
[2022-02-05T23:01:08.955Z] > git symbolic-ref --short HEAD [1ms]
[2022-02-05T23:01:08.962Z] > git for-each-ref --format=%(refname)%00%(upstream:short)%00%(objectname)%00%(upstream:track) refs/heads/main refs/remotes/main [1ms]
[2022-02-05T23:01:08.976Z] > git remote --verbose [1ms]
[2022-02-05T23:01:08.976Z] > git for-each-ref --sort -committerdate --format %(refname) %(objectname) %(*objectname) [9ms]
[2022-02-05T23:01:09.022Z] > git config --get commit.template [8ms]
[2022-02-05T23:01:51.298Z] > git ls-files --stage -- /home/force-badname/dom-challenge/challenge/dom.js [2ms]
[2022-02-05T23:01:51.307Z] > git cat-file -s 76bd6e38f410dc93ac157f6e7890bb10119b6edd [1ms]
[2022-02-05T23:01:56.146Z] > git ls-files --stage -- /home/force-badname/dom-challenge/challenge/index.html [4ms]
[2022-02-05T23:01:56.155Z] > git cat-file -s e982ae17be1768df71829763d48689746352cdb2 [2ms]
[2022-02-05T23:02:03.775Z] > git ls-files --stage -- /home/force-badname/dom-challenge/challenge/dom.js [3ms]
[2022-02-05T23:02:03.782Z] > git cat-file -s 76bd6e38f410dc93ac157f6e7890bb10119b6edd [1ms]
[2022-02-05T23:02:18.607Z] > git symbolic-ref --short HEAD [0ms]
[2022-02-05T23:02:18.613Z] > git for-each-ref --format=%(refname)%00%(upstream:short)%00%(objectname)%00%(upstream:track) refs/heads/main refs/remotes/main [1ms]
[2022-02-05T23:02:18.624Z] > git remote --verbose [0ms]
[2022-02-05T23:02:18.625Z] > git for-each-ref --sort -committerdate --format %(refname) %(objectname) %(*objectname) [7ms]
[2022-02-05T23:02:18.668Z] > git config --get commit.template [4ms]
[2022-02-05T23:02:23.757Z] > git symbolic-ref --short HEAD [1ms]
[2022-02-05T23:02:23.763Z] > git for-each-ref --format=%(refname)%00%(upstream:short)%00%(objectname)%00%(upstream:track) refs/heads/main refs/remotes/main [0ms]
[2022-02-05T23:02:23.774Z] > git remote --verbose [1ms]
[2022-02-05T23:02:23.774Z] > git for-each-ref --sort -committerdate --format %(refname) %(objectname) %(*objectname) [6ms]
[2022-02-05T23:02:23.813Z] > git config --get commit.template [5ms]
[2022-02-05T23:04:44.475Z] > git symbolic-ref --short HEAD [1ms]
[2022-02-05T23:04:44.480Z] > git for-each-ref --format=%(refname)%00%(upstream:short)%00%(objectname)%00%(upstream:track) refs/heads/main refs/remotes/main [1ms]
[2022-02-05T23:04:44.488Z] > git remote --verbose [1ms]
[2022-02-05T23:04:44.488Z] > git for-each-ref --sort -committerdate --format %(refname) %(objectname) %(*objectname) [5ms]
[2022-02-05T23:04:44.529Z] > git config --get commit.template [2ms]
[2022-02-05T23:04:47.362Z] > git ls-files --stage -- /home/force-badname/dom-challenge/challenge/index.html [4ms]
[2022-02-05T23:04:47.370Z] > git cat-file -s e982ae17be1768df71829763d48689746352cdb2 [1ms]
[2022-02-05T23:06:54.752Z] > git ls-files --stage -- /home/force-badname/dom-challenge/challenge/dom.js [3ms]
[2022-02-05T23:06:54.758Z] > git cat-file -s 76bd6e38f410dc93ac157f6e7890bb10119b6edd [0ms]
[2022-02-05T23:07:04.759Z] > git ls-files --stage -- /home/force-badname/dom-challenge/challenge/index.html [3ms]
[2022-02-05T23:07:04.765Z] > git cat-file -s e982ae17be1768df71829763d48689746352cdb2 [1ms]
[2022-02-05T23:07:09.289Z] > git ls-files --stage -- /home/force-badname/dom-challenge/challenge/dom.js [2ms]
[2022-02-05T23:07:09.294Z] > git cat-file -s 76bd6e38f410dc93ac157f6e7890bb10119b6edd [0ms]
[2022-02-05T23:07:19.276Z] > git symbolic-ref --short HEAD [1ms]
[2022-02-05T23:07:19.281Z] > git for-each-ref --format=%(refname)%00%(upstream:short)%00%(objectname)%00%(upstream:track) refs/heads/main refs/remotes/main [1ms]
[2022-02-05T23:07:19.291Z] > git remote --verbose [1ms]
[2022-02-05T23:07:19.291Z] > git for-each-ref --sort -committerdate --format %(refname) %(objectname) %(*objectname) [5ms]
[2022-02-05T23:07:19.339Z] > git config --get commit.template [7ms]
[2022-02-05T23:07:24.522Z] > git symbolic-ref --short HEAD [0ms]
[2022-02-05T23:07:24.529Z] > git for-each-ref --format=%(refname)%00%(upstream:short)%00%(objectname)%00%(upstream:track) refs/heads/main refs/remotes/main [1ms]
[2022-02-05T23:07:24.537Z] > git remote --verbose [1ms]
[2022-02-05T23:07:24.537Z] > git for-each-ref --sort -committerdate --format %(refname) %(objectname) %(*objectname) [4ms]
[2022-02-05T23:07:24.578Z] > git config --get commit.template [5ms]
[2022-02-05T23:07:29.880Z] > git symbolic-ref --short HEAD [1ms]
[2022-02-05T23:07:29.886Z] > git for-each-ref --format=%(refname)%00%(upstream:short)%00%(objectname)%00%(upstream:track) refs/heads/main refs/remotes/main [1ms]
[2022-02-05T23:07:29.895Z] > git remote --verbose [1ms]
[2022-02-05T23:07:29.896Z] > git for-each-ref --sort -committerdate --format %(refname) %(objectname) %(*objectname) [6ms]
[2022-02-05T23:07:29.928Z] > git config --get commit.template [1ms]
[2022-02-05T23:07:32.770Z] > git ls-files --stage -- /home/force-badname/dom-challenge/challenge/index.html [2ms]
[2022-02-05T23:07:32.776Z] > git cat-file -s e982ae17be1768df71829763d48689746352cdb2 [1ms]
[2022-02-05T23:07:54.498Z] > git ls-files --stage -- /home/force-badname/dom-challenge/challenge/dom.js [4ms]
[2022-02-05T23:07:54.504Z] > git cat-file -s 76bd6e38f410dc93ac157f6e7890bb10119b6edd [0ms]
[2022-02-05T23:43:44.608Z] > git symbolic-ref --short HEAD [0ms]
[2022-02-05T23:43:44.631Z] > git for-each-ref --format=%(refname)%00%(upstream:short)%00%(objectname)%00%(upstream:track) refs/heads/main refs/remotes/main [1ms]
[2022-02-05T23:43:44.644Z] > git remote --verbose [2ms]
[2022-02-05T23:43:44.644Z] > git for-each-ref --sort -committerdate --format %(refname) %(objectname) %(*objectname) [7ms]
[2022-02-05T23:43:44.692Z] > git config --get commit.template [3ms]
[2022-02-05T23:43:48.357Z] > git ls-files --stage -- /home/force-badname/dom-challenge/challenge/index.html [2ms]
[2022-02-05T23:43:48.364Z] > git cat-file -s e982ae17be1768df71829763d48689746352cdb2 [1ms]
[2022-02-05T23:43:59.774Z] > git ls-files --stage -- /home/force-badname/dom-challenge/challenge/dom.js [4ms]
[2022-02-05T23:43:59.781Z] > git cat-file -s 76bd6e38f410dc93ac157f6e7890bb10119b6edd [2ms]
[2022-02-05T23:44:13.456Z] > git ls-files --stage -- /home/force-badname/dom-challenge/challenge/index.html [3ms]
[2022-02-05T23:44:13.461Z] > git cat-file -s e982ae17be1768df71829763d48689746352cdb2 [0ms]
[2022-02-05T23:44:21.851Z] > git ls-files --stage -- /home/force-badname/dom-challenge/challenge/dom.js [4ms]
[2022-02-05T23:44:21.857Z] > git cat-file -s 76bd6e38f410dc93ac157f6e7890bb10119b6edd [1ms]
[2022-02-05T23:45:05.143Z] > git symbolic-ref --short HEAD [1ms]
[2022-02-05T23:45:05.149Z] > git for-each-ref --format=%(refname)%00%(upstream:short)%00%(objectname)%00%(upstream:track) refs/heads/main refs/remotes/main [1ms]
[2022-02-05T23:45:05.160Z] > git remote --verbose [1ms]
[2022-02-05T23:45:05.160Z] > git for-each-ref --sort -committerdate --format %(refname) %(objectname) %(*objectname) [5ms]
[2022-02-05T23:45:05.226Z] > git config --get commit.template [0ms]
[2022-02-05T23:45:22.855Z] > git symbolic-ref --short HEAD [1ms]
[2022-02-05T23:45:22.861Z] > git for-each-ref --format=%(refname)%00%(upstream:short)%00%(objectname)%00%(upstream:track) refs/heads/main refs/remotes/main [1ms]
[2022-02-05T23:45:22.872Z] > git remote --verbose [0ms]
[2022-02-05T23:45:22.872Z] > git for-each-ref --sort -committerdate --format %(refname) %(objectname) %(*objectname) [7ms]
[2022-02-05T23:45:22.918Z] > git config --get commit.template [1ms]
[2022-02-05T23:45:23.895Z] > git ls-files --stage -- /home/force-badname/dom-challenge/challenge/index.html [3ms]
[2022-02-05T23:45:23.904Z] > git cat-file -s e982ae17be1768df71829763d48689746352cdb2 [1ms]
[2022-02-05T23:51:11.167Z] > git ls-files --stage -- /home/force-badname/dom-challenge/challenge/dom.js [3ms]
[2022-02-05T23:51:11.172Z] > git cat-file -s 76bd6e38f410dc93ac157f6e7890bb10119b6edd [1ms]
[2022-02-05T23:51:32.110Z] > git symbolic-ref --short HEAD [0ms]
[2022-02-05T23:51:32.115Z] > git for-each-ref --format=%(refname)%00%(upstream:short)%00%(objectname)%00%(upstream:track) refs/heads/main refs/remotes/main [1ms]
[2022-02-05T23:51:32.127Z] > git remote --verbose [1ms]
[2022-02-05T23:51:32.127Z] > git for-each-ref --sort -committerdate --format %(refname) %(objectname) %(*objectname) [7ms]
[2022-02-05T23:51:32.202Z] > git config --get commit.template [13ms]
[2022-02-05T23:51:37.441Z] > git ls-files --stage -- /home/force-badname/dom-challenge/challenge/style.css [4ms]
[2022-02-05T23:51:37.447Z] > git cat-file -s 5debe158286a7cec5897801278cdd8b2fe5af6a0 [1ms]
[2022-02-05T23:51:44.048Z] > git ls-files --stage -- /home/force-badname/dom-challenge/challenge/dom.js [3ms]
[2022-02-05T23:51:44.053Z] > git cat-file -s 76bd6e38f410dc93ac157f6e7890bb10119b6edd [1ms]
[2022-02-05T23:51:54.398Z] > git ls-files --stage -- /home/force-badname/dom-challenge/challenge/index.html [2ms]
[2022-02-05T23:51:54.403Z] > git cat-file -s e982ae17be1768df71829763d48689746352cdb2 [1ms]
[2022-02-05T23:55:18.636Z] > git symbolic-ref --short HEAD [1ms]
[2022-02-05T23:55:18.644Z] > git for-each-ref --format=%(refname)%00%(upstream:short)%00%(objectname)%00%(upstream:track) refs/heads/main refs/remotes/main [2ms]
[2022-02-05T23:55:18.654Z] > git remote --verbose [1ms]
[2022-02-05T23:55:18.654Z] > git for-each-ref --sort -committerdate --format %(refname) %(objectname) %(*objectname) [5ms]
[2022-02-05T23:55:18.742Z] > git config --get commit.template [0ms]
[2022-02-05T23:55:24.960Z] > git symbolic-ref --short HEAD [1ms]
[2022-02-05T23:55:24.966Z] > git for-each-ref --format=%(refname)%00%(upstream:short)%00%(objectname)%00%(upstream:track) refs/heads/main refs/remotes/main [1ms]
[2022-02-05T23:55:24.974Z] > git remote --verbose [1ms]
[2022-02-05T23:55:24.974Z] > git for-each-ref --sort -committerdate --format %(refname) %(objectname) %(*objectname) [5ms]
[2022-02-05T23:55:25.011Z] > git config --get commit.template [1ms]
[2022-02-05T23:55:31.725Z] > git ls-files --stage -- /home/force-badname/dom-challenge/challenge/dom.js [2ms]
[2022-02-05T23:55:31.731Z] > git cat-file -s 76bd6e38f410dc93ac157f6e7890bb10119b6edd [1ms]
[2022-02-05T23:56:32.176Z] > git symbolic-ref --short HEAD [1ms]
[2022-02-05T23:56:32.182Z] > git for-each-ref --format=%(refname)%00%(upstream:short)%00%(objectname)%00%(upstream:track) refs/heads/main refs/remotes/main [1ms]
[2022-02-05T23:56:32.190Z] > git remote --verbose [0ms]
[2022-02-05T23:56:32.191Z] > git for-each-ref --sort -committerdate --format %(refname) %(objectname) %(*objectname) [5ms]
[2022-02-05T23:56:32.230Z] > git config --get commit.template [0ms]
[2022-02-05T23:56:43.498Z] > git symbolic-ref --short HEAD [1ms]
[2022-02-05T23:56:43.504Z] > git for-each-ref --format=%(refname)%00%(upstream:short)%00%(objectname)%00%(upstream:track) refs/heads/main refs/remotes/main [1ms]
[2022-02-05T23:56:43.513Z] > git for-each-ref --sort -committerdate --format %(refname) %(objectname) %(*objectname) [5ms]
[2022-02-05T23:56:43.513Z] > git remote --verbose [1ms]
[2022-02-05T23:56:43.556Z] > git config --get commit.template [5ms]
[2022-02-05T23:56:49.778Z] > git ls-files --stage -- /home/force-badname/dom-challenge/challenge/style.css [2ms]
[2022-02-05T23:56:49.783Z] > git cat-file -s 5debe158286a7cec5897801278cdd8b2fe5af6a0 [0ms]
[2022-02-05T23:56:52.915Z] > git ls-files --stage -- /home/force-badname/dom-challenge/challenge/dom.js [3ms]
[2022-02-05T23:56:52.921Z] > git cat-file -s 76bd6e38f410dc93ac157f6e7890bb10119b6edd [0ms]
[2022-02-05T23:57:12.104Z] > git symbolic-ref --short HEAD [1ms]
[2022-02-05T23:57:12.111Z] > git for-each-ref --format=%(refname)%00%(upstream:short)%00%(objectname)%00%(upstream:track) refs/heads/main refs/remotes/main [2ms]
[2022-02-05T23:57:12.120Z] > git for-each-ref --sort -committerdate --format %(refname) %(objectname) %(*objectname) [4ms]
[2022-02-05T23:57:12.121Z] > git remote --verbose [1ms]
[2022-02-05T23:57:12.162Z] > git config --get commit.template [8ms]
[2022-02-05T23:59:34.314Z] > git symbolic-ref --short HEAD [0ms]
[2022-02-05T23:59:34.321Z] > git for-each-ref --format=%(refname)%00%(upstream:short)%00%(objectname)%00%(upstream:track) refs/heads/main refs/remotes/main [1ms]
[2022-02-05T23:59:34.332Z] > git remote --verbose [2ms]
[2022-02-05T23:59:34.333Z] > git for-each-ref --sort -committerdate --format %(refname) %(objectname) %(*objectname) [8ms]
[2022-02-05T23:59:34.373Z] > git config --get commit.template [0ms]
[2022-02-05T23:59:36.069Z] > git ls-files --stage -- /home/force-badname/dom-challenge/challenge/index.html [3ms]
[2022-02-05T23:59:36.075Z] > git cat-file -s e982ae17be1768df71829763d48689746352cdb2 [1ms]
[2022-02-05T23:59:56.084Z] > git symbolic-ref --short HEAD [0ms]
[2022-02-05T23:59:56.091Z] > git for-each-ref --format=%(refname)%00%(upstream:short)%00%(objectname)%00%(upstream:track) refs/heads/main refs/remotes/main [2ms]
[2022-02-05T23:59:56.101Z] > git remote --verbose [1ms]
[2022-02-05T23:59:56.101Z] > git for-each-ref --sort -committerdate --format %(refname) %(objectname) %(*objectname) [6ms]
[2022-02-05T23:59:56.154Z] > git config --get commit.template [13ms]
[2022-02-06T00:00:12.317Z] > git symbolic-ref --short HEAD [1ms]
[2022-02-06T00:00:12.324Z] > git for-each-ref --format=%(refname)%00%(upstream:short)%00%(objectname)%00%(upstream:track) refs/heads/main refs/remotes/main [1ms]
[2022-02-06T00:00:12.337Z] > git remote --verbose [1ms]
[2022-02-06T00:00:12.337Z] > git for-each-ref --sort -committerdate --format %(refname) %(objectname) %(*objectname) [8ms]
[2022-02-06T00:00:12.389Z] > git config --get commit.template [9ms]
[2022-02-06T00:03:39.738Z] > git ls-files --stage -- /home/force-badname/dom-challenge/challenge/dom.js [4ms]
[2022-02-06T00:03:39.745Z] > git cat-file -s 76bd6e38f410dc93ac157f6e7890bb10119b6edd [1ms]
[2022-02-06T00:03:56.234Z] > git symbolic-ref --short HEAD [3ms]
[2022-02-06T00:03:56.240Z] > git for-each-ref --format=%(refname)%00%(upstream:short)%00%(objectname)%00%(upstream:track) refs/heads/main refs/remotes/main [1ms]
[2022-02-06T00:03:56.250Z] > git remote --verbose [1ms]
[2022-02-06T00:03:56.251Z] > git for-each-ref --sort -committerdate --format %(refname) %(objectname) %(*objectname) [7ms]
[2022-02-06T00:03:56.298Z] > git config --get commit.template [2ms]
[2022-02-06T00:04:22.778Z] > git symbolic-ref --short HEAD [1ms]
[2022-02-06T00:04:22.785Z] > git for-each-ref --format=%(refname)%00%(upstream:short)%00%(objectname)%00%(upstream:track) refs/heads/main refs/remotes/main [1ms]
[2022-02-06T00:04:22.796Z] > git remote --verbose [2ms]
[2022-02-06T00:04:22.796Z] > git for-each-ref --sort -committerdate --format %(refname) %(objectname) %(*objectname) [6ms]
[2022-02-06T00:04:22.831Z] > git config --get commit.template [1ms]
[2022-02-06T00:04:38.894Z] > git symbolic-ref --short HEAD [1ms]
[2022-02-06T00:04:38.899Z] > git for-each-ref --format=%(refname)%00%(upstream:short)%00%(objectname)%00%(upstream:track) refs/heads/main refs/remotes/main [1ms]
[2022-02-06T00:04:38.909Z] > git remote --verbose [1ms]
[2022-02-06T00:04:38.910Z] > git for-each-ref --sort -committerdate --format %(refname) %(objectname) %(*objectname) [5ms]
[2022-02-06T00:04:38.953Z] > git config --get commit.template [1ms]
[2022-02-06T00:05:09.213Z] > git symbolic-ref --short HEAD [0ms]
[2022-02-06T00:05:09.219Z] > git for-each-ref --format=%(refname)%00%(upstream:short)%00%(objectname)%00%(upstream:track) refs/heads/main refs/remotes/main [1ms]
[2022-02-06T00:05:09.227Z] > git remote --verbose [1ms]
[2022-02-06T00:05:09.227Z] > git for-each-ref --sort -committerdate --format %(refname) %(objectname) %(*objectname) [4ms]
[2022-02-06T00:05:09.270Z] > git config --get commit.template [1ms]
[2022-02-06T00:05:15.919Z] > git ls-files --stage -- /home/force-badname/dom-challenge/challenge/index.html [2ms]
[2022-02-06T00:05:15.927Z] > git cat-file -s e982ae17be1768df71829763d48689746352cdb2 [1ms]
[2022-02-06T00:05:26.706Z] > git ls-files --stage -- /home/force-badname/dom-challenge/challenge/dom.js [3ms]
[2022-02-06T00:05:26.714Z] > git cat-file -s 76bd6e38f410dc93ac157f6e7890bb10119b6edd [2ms]
[2022-02-06T00:06:18.424Z] > git symbolic-ref --short HEAD [1ms]
[2022-02-06T00:06:18.429Z] > git for-each-ref --format=%(refname)%00%(upstream:short)%00%(objectname)%00%(upstream:track) refs/heads/main refs/remotes/main [1ms]
[2022-02-06T00:06:18.438Z] > git remote --verbose [1ms]
[2022-02-06T00:06:18.438Z] > git for-each-ref --sort -committerdate --format %(refname) %(objectname) %(*objectname) [5ms]
[2022-02-06T00:06:18.485Z] > git config --get commit.template [2ms]
[2022-02-06T00:06:34.370Z] > git symbolic-ref --short HEAD [0ms]
[2022-02-06T00:06:34.376Z] > git for-each-ref --format=%(refname)%00%(upstream:short)%00%(objectname)%00%(upstream:track) refs/heads/main refs/remotes/main [1ms]
[2022-02-06T00:06:34.384Z] > git remote --verbose [1ms]
[2022-02-06T00:06:34.385Z] > git for-each-ref --sort -committerdate --format %(refname) %(objectname) %(*objectname) [5ms]
[2022-02-06T00:06:34.420Z] > git config --get commit.template [1ms]
[2022-02-06T00:08:55.504Z] > git symbolic-ref --short HEAD [1ms]
[2022-02-06T00:08:55.512Z] > git for-each-ref --format=%(refname)%00%(upstream:short)%00%(objectname)%00%(upstream:track) refs/heads/main refs/remotes/main [1ms]
[2022-02-06T00:08:55.524Z] > git remote --verbose [0ms]
[2022-02-06T00:08:55.525Z] > git for-each-ref --sort -committerdate --format %(refname) %(objectname) %(*objectname) [9ms]
[2022-02-06T00:08:55.578Z] > git config --get commit.template [1ms]
[2022-02-06T00:10:34.621Z] > git symbolic-ref --short HEAD [1ms]
[2022-02-06T00:10:34.627Z] > git for-each-ref --format=%(refname)%00%(upstream:short)%00%(objectname)%00%(upstream:track) refs/heads/main refs/remotes/main [1ms]
[2022-02-06T00:10:34.634Z] > git remote --verbose [1ms]
[2022-02-06T00:10:34.635Z] > git for-each-ref --sort -committerdate --format %(refname) %(objectname) %(*objectname) [5ms]
[2022-02-06T00:10:34.680Z] > git config --get commit.template [2ms]
[2022-02-06T00:11:01.963Z] > git symbolic-ref --short HEAD [2ms]
[2022-02-06T00:11:01.969Z] > git for-each-ref --format=%(refname)%00%(upstream:short)%00%(objectname)%00%(upstream:track) refs/heads/main refs/remotes/main [1ms]
[2022-02-06T00:11:01.977Z] > git remote --verbose [1ms]
[2022-02-06T00:11:01.978Z] > git for-each-ref --sort -committerdate --format %(refname) %(objectname) %(*objectname) [5ms]
[2022-02-06T00:11:02.022Z] > git config --get commit.template [0ms]
[2022-02-06T00:11:45.730Z] > git symbolic-ref --short HEAD [1ms]
[2022-02-06T00:11:45.735Z] > git for-each-ref --format=%(refname)%00%(upstream:short)%00%(objectname)%00%(upstream:track) refs/heads/main refs/remotes/main [1ms]
[2022-02-06T00:11:45.746Z] > git remote --verbose [1ms]
[2022-02-06T00:11:45.746Z] > git for-each-ref --sort -committerdate --format %(refname) %(objectname) %(*objectname) [6ms]
[2022-02-06T00:11:45.795Z] > git config --get commit.template [1ms]
[2022-02-06T00:11:57.022Z] > git symbolic-ref --short HEAD [1ms]
[2022-02-06T00:11:57.028Z] > git for-each-ref --format=%(refname)%00%(upstream:short)%00%(objectname)%00%(upstream:track) refs/heads/main refs/remotes/main [1ms]
[2022-02-06T00:11:57.035Z] > git remote --verbose [1ms]
[2022-02-06T00:11:57.035Z] > git for-each-ref --sort -committerdate --format %(refname) %(objectname) %(*objectname) [4ms]
[2022-02-06T00:11:57.079Z] > git config --get commit.template [1ms]
[2022-02-06T00:12:33.960Z] > git symbolic-ref --short HEAD [1ms]
[2022-02-06T00:12:33.965Z] > git for-each-ref --format=%(refname)%00%(upstream:short)%00%(objectname)%00%(upstream:track) refs/heads/main refs/remotes/main [1ms]
[2022-02-06T00:12:33.973Z] > git for-each-ref --sort -committerdate --format %(refname) %(objectname) %(*objectname) [5ms]
[2022-02-06T00:12:33.973Z] > git remote --verbose [1ms]
[2022-02-06T00:12:34.018Z] > git config --get commit.template [2ms]
[2022-02-06T00:12:44.866Z] > git symbolic-ref --short HEAD [1ms]
[2022-02-06T00:12:44.871Z] > git for-each-ref --format=%(refname)%00%(upstream:short)%00%(objectname)%00%(upstream:track) refs/heads/main refs/remotes/main [1ms]
[2022-02-06T00:12:44.881Z] > git remote --verbose [1ms]
[2022-02-06T00:12:44.881Z] > git for-each-ref --sort -committerdate --format %(refname) %(objectname) %(*objectname) [5ms]
[2022-02-06T00:12:44.917Z] > git config --get commit.template [0ms]
[2022-02-06T00:13:13.791Z] > git symbolic-ref --short HEAD [1ms]
[2022-02-06T00:13:13.797Z] > git for-each-ref --format=%(refname)%00%(upstream:short)%00%(objectname)%00%(upstream:track) refs/heads/main refs/remotes/main [1ms]
[2022-02-06T00:13:13.806Z] > git remote --verbose [1ms]
[2022-02-06T00:13:13.806Z] > git for-each-ref --sort -committerdate --format %(refname) %(objectname) %(*objectname) [5ms]
[2022-02-06T00:13:13.853Z] > git config --get commit.template [1ms]
[2022-02-06T00:13:28.818Z] > git symbolic-ref --short HEAD [1ms]
[2022-02-06T00:13:28.826Z] > git for-each-ref --format=%(refname)%00%(upstream:short)%00%(objectname)%00%(upstream:track) refs/heads/main refs/remotes/main [3ms]
[2022-02-06T00:13:28.836Z] > git for-each-ref --sort -committerdate --format %(refname) %(objectname) %(*objectname) [5ms]
[2022-02-06T00:13:28.836Z] > git remote --verbose [1ms]
[2022-02-06T00:13:28.885Z] > git config --get commit.template [5ms]
[2022-02-06T00:14:27.753Z] > git symbolic-ref --short HEAD [1ms]
[2022-02-06T00:14:27.759Z] > git for-each-ref --format=%(refname)%00%(upstream:short)%00%(objectname)%00%(upstream:track) refs/heads/main refs/remotes/main [1ms]
[2022-02-06T00:14:27.769Z] > git remote --verbose [1ms]
[2022-02-06T00:14:27.769Z] > git for-each-ref --sort -committerdate --format %(refname) %(objectname) %(*objectname) [5ms]
[2022-02-06T00:14:27.818Z] > git config --get commit.template [8ms]
[2022-02-06T00:14:29.915Z] > git log --format=%H%n%aN%n%aE%n%at%n%ct%n%P%n%B -z -n21 -- /home/force-badname/dom-challenge/challenge/dom.js [2ms]
[2022-02-06T00:14:37.848Z] > git symbolic-ref --short HEAD [0ms]
[2022-02-06T00:14:37.854Z] > git for-each-ref --format=%(refname)%00%(upstream:short)%00%(objectname)%00%(upstream:track) refs/heads/main refs/remotes/main [1ms]
[2022-02-06T00:14:37.866Z] > git remote --verbose [1ms]
[2022-02-06T00:14:37.866Z] > git for-each-ref --sort -committerdate --format %(refname) %(objectname) %(*objectname) [6ms]
[2022-02-06T00:14:37.908Z] > git config --get commit.template [1ms]
[2022-02-06T00:14:50.808Z] > git symbolic-ref --short HEAD [1ms]
[2022-02-06T00:14:50.816Z] > git for-each-ref --format=%(refname)%00%(upstream:short)%00%(objectname)%00%(upstream:track) refs/heads/main refs/remotes/main [2ms]
[2022-02-06T00:14:50.827Z] > git remote --verbose [1ms]
[2022-02-06T00:14:50.827Z] > git for-each-ref --sort -committerdate --format %(refname) %(objectname) %(*objectname) [7ms]
[2022-02-06T00:14:50.866Z] > git config --get commit.template [1ms]
[2022-02-06T00:14:59.427Z] > git symbolic-ref --short HEAD [0ms]
[2022-02-06T00:14:59.433Z] > git for-each-ref --format=%(refname)%00%(upstream:short)%00%(objectname)%00%(upstream:track) refs/heads/main refs/remotes/main [1ms]
[2022-02-06T00:14:59.444Z] > git remote --verbose [1ms]
[2022-02-06T00:14:59.444Z] > git for-each-ref --sort -committerdate --format %(refname) %(objectname) %(*objectname) [7ms]
[2022-02-06T00:14:59.476Z] > git config --get commit.template [1ms]
[2022-02-06T00:16:26.970Z] > git ls-files --stage -- /home/force-badname/dom-challenge/challenge/index.html [4ms]
[2022-02-06T00:16:26.977Z] > git cat-file -s e982ae17be1768df71829763d48689746352cdb2 [1ms]
[2022-02-06T00:16:32.831Z] > git ls-files --stage -- /home/force-badname/dom-challenge/challenge/dom.js [4ms]
[2022-02-06T00:16:32.838Z] > git cat-file -s 76bd6e38f410dc93ac157f6e7890bb10119b6edd [1ms]
[2022-02-06T00:16:53.061Z] > git ls-files --stage -- /home/force-badname/dom-challenge/solution/dom.js [2ms]
[2022-02-06T00:16:53.067Z] > git cat-file -s 82eff1f8346eb0bd53f5f54cde4b85dd8f51d2a0 [1ms]
[2022-02-06T00:17:22.443Z] > git ls-files --stage -- /home/force-badname/dom-challenge/challenge/dom.js [4ms]
[2022-02-06T00:17:22.449Z] > git cat-file -s 76bd6e38f410dc93ac157f6e7890bb10119b6edd [2ms]
[2022-02-06T00:17:59.721Z] > git symbolic-ref --short HEAD [0ms]
[2022-02-06T00:17:59.727Z] > git for-each-ref --format=%(refname)%00%(upstream:short)%00%(objectname)%00%(upstream:track) refs/heads/main refs/remotes/main [1ms]
[2022-02-06T00:17:59.734Z] > git remote --verbose [1ms]
[2022-02-06T00:17:59.735Z] > git for-each-ref --sort -committerdate --format %(refname) %(objectname) %(*objectname) [5ms]
[2022-02-06T00:17:59.779Z] > git config --get commit.template [2ms]
[2022-02-06T00:18:05.911Z] > git ls-files --stage -- /home/force-badname/dom-challenge/solution/dom.js [2ms]
[2022-02-06T00:18:05.916Z] > git cat-file -s 82eff1f8346eb0bd53f5f54cde4b85dd8f51d2a0 [1ms]
[2022-02-06T00:18:12.419Z] > git ls-files --stage -- /home/force-badname/dom-challenge/challenge/dom.js [3ms]
[2022-02-06T00:18:12.428Z] > git cat-file -s 76bd6e38f410dc93ac157f6e7890bb10119b6edd [4ms]
[2022-02-06T00:18:32.294Z] > git symbolic-ref --short HEAD [1ms]
[2022-02-06T00:18:32.302Z] > git for-each-ref --format=%(refname)%00%(upstream:short)%00%(objectname)%00%(upstream:track) refs/heads/main refs/remotes/main [4ms]
[2022-02-06T00:18:32.312Z] > git remote --verbose [1ms]
[2022-02-06T00:18:32.312Z] > git for-each-ref --sort -committerdate --format %(refname) %(objectname) %(*objectname) [6ms]
[2022-02-06T00:18:32.354Z] > git config --get commit.template [2ms]
[2022-02-06T00:18:45.092Z] > git symbolic-ref --short HEAD [1ms]
[2022-02-06T00:18:45.099Z] > git for-each-ref --format=%(refname)%00%(upstream:short)%00%(objectname)%00%(upstream:track) refs/heads/main refs/remotes/main [1ms]
[2022-02-06T00:18:45.109Z] > git for-each-ref --sort -committerdate --format %(refname) %(objectname) %(*objectname) [5ms]
[2022-02-06T00:18:45.110Z] > git remote --verbose [2ms]
[2022-02-06T00:18:45.148Z] > git config --get commit.template [1ms]
[2022-02-06T00:18:55.050Z] > git ls-files --stage -- /home/force-badname/dom-challenge/solution/dom.js [2ms]
[2022-02-06T00:18:55.056Z] > git cat-file -s 82eff1f8346eb0bd53f5f54cde4b85dd8f51d2a0 [1ms]
[2022-02-06T00:18:56.923Z] > git ls-files --stage -- /home/force-badname/dom-challenge/solution/index.html [2ms]
[2022-02-06T00:18:56.931Z] > git cat-file -s 695fec9de2fab3626213b8c51709b694b798c9f5 [1ms]
[2022-02-06T00:18:59.501Z] > git ls-files --stage -- /home/force-badname/dom-challenge/solution/style.css [2ms]
[2022-02-06T00:18:59.506Z] > git cat-file -s 5debe158286a7cec5897801278cdd8b2fe5af6a0 [0ms]
[2022-02-06T00:19:02.270Z] > git ls-files --stage -- /home/force-badname/dom-challenge/solution/dom.js [2ms]
[2022-02-06T00:19:02.276Z] > git cat-file -s 82eff1f8346eb0bd53f5f54cde4b85dd8f51d2a0 [1ms]
[2022-02-06T00:19:21.178Z] > git ls-files --stage -- /home/force-badname/dom-challenge/challenge/dom.js [3ms]
[2022-02-06T00:19:21.184Z] > git cat-file -s 76bd6e38f410dc93ac157f6e7890bb10119b6edd [1ms]
[2022-02-06T00:19:29.889Z] > git symbolic-ref --short HEAD [1ms]
[2022-02-06T00:19:29.895Z] > git for-each-ref --format=%(refname)%00%(upstream:short)%00%(objectname)%00%(upstream:track) refs/heads/main refs/remotes/main [1ms]
[2022-02-06T00:19:29.905Z] > git remote --verbose [1ms]
[2022-02-06T00:19:29.905Z] > git for-each-ref --sort -committerdate --format %(refname) %(objectname) %(*objectname) [5ms]
[2022-02-06T00:19:29.946Z] > git config --get commit.template [1ms]
[2022-02-06T00:19:42.799Z] > git symbolic-ref --short HEAD [1ms]
[2022-02-06T00:19:42.805Z] > git for-each-ref --format=%(refname)%00%(upstream:short)%00%(objectname)%00%(upstream:track) refs/heads/main refs/remotes/main [1ms]
[2022-02-06T00:19:42.815Z] > git remote --verbose [1ms]
[2022-02-06T00:19:42.815Z] > git for-each-ref --sort -committerdate --format %(refname) %(objectname) %(*objectname) [7ms]
[2022-02-06T00:19:42.860Z] > git config --get commit.template [1ms]
[2022-02-06T00:19:52.108Z] > git symbolic-ref --short HEAD [1ms]
[2022-02-06T00:19:52.115Z] > git for-each-ref --format=%(refname)%00%(upstream:short)%00%(objectname)%00%(upstream:track) refs/heads/main refs/remotes/main [1ms]
[2022-02-06T00:19:52.125Z] > git remote --verbose [1ms]
[2022-02-06T00:19:52.125Z] > git for-each-ref --sort -committerdate --format %(refname) %(objectname) %(*objectname) [6ms]
[2022-02-06T00:19:52.168Z] > git config --get commit.template [6ms]
[2022-02-06T00:20:03.509Z] > git ls-files --stage -- /home/force-badname/dom-challenge/solution/dom.js [3ms]
[2022-02-06T00:20:03.515Z] > git cat-file -s 82eff1f8346eb0bd53f5f54cde4b85dd8f51d2a0 [1ms]
[2022-02-06T00:20:15.826Z] > git ls-files --stage -- /home/force-badname/dom-challenge/challenge/dom.js [3ms]
[2022-02-06T00:20:15.832Z] > git cat-file -s 76bd6e38f410dc93ac157f6e7890bb10119b6edd [1ms]
[2022-02-06T00:20:28.692Z] > git symbolic-ref --short HEAD [0ms]
[2022-02-06T00:20:28.700Z] > git for-each-ref --format=%(refname)%00%(upstream:short)%00%(objectname)%00%(upstream:track) refs/heads/main refs/remotes/main [1ms]
[2022-02-06T00:20:28.709Z] > git remote --verbose [1ms]
[2022-02-06T00:20:28.710Z] > git for-each-ref --sort -committerdate --format %(refname) %(objectname) %(*objectname) [5ms]
[2022-02-06T00:20:28.759Z] > git config --get commit.template [1ms]
[2022-02-06T00:21:05.392Z] > git symbolic-ref --short HEAD [1ms]
[2022-02-06T00:21:05.402Z] > git for-each-ref --format=%(refname)%00%(upstream:short)%00%(objectname)%00%(upstream:track) refs/heads/main refs/remotes/main [2ms]
[2022-02-06T00:21:05.416Z] > git remote --verbose [1ms]
[2022-02-06T00:21:05.416Z] > git for-each-ref --sort -committerdate --format %(refname) %(objectname) %(*objectname) [8ms]
[2022-02-06T00:21:05.466Z] > git config --get commit.template [0ms]
[2022-02-06T00:21:09.074Z] > git ls-files --stage -- /home/force-badname/dom-challenge/solution/dom.js [3ms]
[2022-02-06T00:21:09.080Z] > git cat-file -s 82eff1f8346eb0bd53f5f54cde4b85dd8f51d2a0 [1ms]
[2022-02-06T00:21:14.424Z] > git ls-files --stage -- /home/force-badname/dom-challenge/challenge/index.html [3ms]
[2022-02-06T00:21:14.430Z] > git cat-file -s e982ae17be1768df71829763d48689746352cdb2 [1ms]
[2022-02-06T00:21:15.438Z] > git ls-files --stage -- /home/force-badname/dom-challenge/challenge/dom.js [4ms]
[2022-02-06T00:21:15.447Z] > git cat-file -s 76bd6e38f410dc93ac157f6e7890bb10119b6edd [1ms]
[2022-02-06T00:21:34.351Z] > git symbolic-ref --short HEAD [4ms]
[2022-02-06T00:21:34.360Z] > git for-each-ref --format=%(refname)%00%(upstream:short)%00%(objectname)%00%(upstream:track) refs/heads/main refs/remotes/main [2ms]
[2022-02-06T00:21:34.376Z] > git remote --verbose [1ms]
[2022-02-06T00:21:34.377Z] > git for-each-ref --sort -committerdate --format %(refname) %(objectname) %(*objectname) [7ms]
[2022-02-06T00:21:34.424Z] > git config --get commit.template [0ms]
[2022-02-06T00:22:59.135Z] > git symbolic-ref --short HEAD [1ms]
[2022-02-06T00:22:59.142Z] > git for-each-ref --format=%(refname)%00%(upstream:short)%00%(objectname)%00%(upstream:track) refs/heads/main refs/remotes/main [1ms]
[2022-02-06T00:22:59.152Z] > git remote --verbose [1ms]
[2022-02-06T00:22:59.153Z] > git for-each-ref --sort -committerdate --format %(refname) %(objectname) %(*objectname) [7ms]
[2022-02-06T00:22:59.210Z] > git config --get commit.template [1ms]
[2022-02-06T00:23:11.817Z] > git symbolic-ref --short HEAD [1ms]
[2022-02-06T00:23:11.823Z] > git for-each-ref --format=%(refname)%00%(upstream:short)%00%(objectname)%00%(upstream:track) refs/heads/main refs/remotes/main [1ms]
[2022-02-06T00:23:11.834Z] > git remote --verbose [1ms]
[2022-02-06T00:23:11.834Z] > git for-each-ref --sort -committerdate --format %(refname) %(objectname) %(*objectname) [7ms]
[2022-02-06T00:23:11.880Z] > git config --get commit.template [1ms]
[2022-02-06T00:23:18.066Z] > git symbolic-ref --short HEAD [0ms]
[2022-02-06T00:23:18.073Z] > git for-each-ref --format=%(refname)%00%(upstream:short)%00%(objectname)%00%(upstream:track) refs/heads/main refs/remotes/main [1ms]
[2022-02-06T00:23:18.084Z] > git remote --verbose [1ms]
[2022-02-06T00:23:18.084Z] > git for-each-ref --sort -committerdate --format %(refname) %(objectname) %(*objectname) [7ms]
[2022-02-06T00:23:18.120Z] > git config --get commit.template [1ms]
[2022-02-06T00:23:35.419Z] > git symbolic-ref --short HEAD [1ms]
[2022-02-06T00:23:35.425Z] > git for-each-ref --format=%(refname)%00%(upstream:short)%00%(objectname)%00%(upstream:track) refs/heads/main refs/remotes/main [1ms]
[2022-02-06T00:23:35.444Z] > git remote --verbose [7ms]
[2022-02-06T00:23:35.444Z] > git for-each-ref --sort -committerdate --format %(refname) %(objectname) %(*objectname) [13ms]
[2022-02-06T00:23:35.486Z] > git config --get commit.template [1ms]
[2022-02-06T00:27:00.172Z] > git symbolic-ref --short HEAD [1ms]
[2022-02-06T00:27:00.177Z] > git for-each-ref --format=%(refname)%00%(upstream:short)%00%(objectname)%00%(upstream:track) refs/heads/main refs/remotes/main [1ms]
[2022-02-06T00:27:00.186Z] > git remote --verbose [2ms]
[2022-02-06T00:27:00.186Z] > git for-each-ref --sort -committerdate --format %(refname) %(objectname) %(*objectname) [5ms]
[2022-02-06T00:27:00.232Z] > git config --get commit.template [2ms]
[2022-02-06T00:28:51.483Z] > git symbolic-ref --short HEAD [2ms]
[2022-02-06T00:28:51.492Z] > git for-each-ref --format=%(refname)%00%(upstream:short)%00%(objectname)%00%(upstream:track) refs/heads/main refs/remotes/main [2ms]
[2022-02-06T00:28:51.503Z] > git remote --verbose [2ms]
[2022-02-06T00:28:51.503Z] > git for-each-ref --sort -committerdate --format %(refname) %(objectname) %(*objectname) [7ms]
[2022-02-06T00:28:51.565Z] > git config --get commit.template [2ms]
[2022-02-06T00:28:54.781Z] > git ls-files --stage -- /home/force-badname/dom-challenge/solution/dom.js [4ms]
[2022-02-06T00:28:54.789Z] > git cat-file -s 82eff1f8346eb0bd53f5f54cde4b85dd8f51d2a0 [1ms]
[2022-02-06T00:29:03.310Z] > git ls-files --stage -- /home/force-badname/dom-challenge/challenge/dom.js [4ms]
[2022-02-06T00:29:03.318Z] > git cat-file -s 76bd6e38f410dc93ac157f6e7890bb10119b6edd [1ms]
[2022-02-06T00:29:46.511Z] > git symbolic-ref --short HEAD [0ms]
[2022-02-06T00:29:46.517Z] > git for-each-ref --format=%(refname)%00%(upstream:short)%00%(objectname)%00%(upstream:track) refs/heads/main refs/remotes/main [1ms]
[2022-02-06T00:29:46.526Z] > git for-each-ref --sort -committerdate --format %(refname) %(objectname) %(*objectname) [5ms]
[2022-02-06T00:29:46.526Z] > git remote --verbose [1ms]
[2022-02-06T00:29:46.578Z] > git config --get commit.template [1ms]
[2022-02-06T00:30:12.726Z] > git symbolic-ref --short HEAD [1ms]
[2022-02-06T00:30:12.732Z] > git for-each-ref --format=%(refname)%00%(upstream:short)%00%(objectname)%00%(upstream:track) refs/heads/main refs/remotes/main [1ms]
[2022-02-06T00:30:12.745Z] > git remote --verbose [1ms]
[2022-02-06T00:30:12.745Z] > git for-each-ref --sort -committerdate --format %(refname) %(objectname) %(*objectname) [6ms]
[2022-02-06T00:30:12.817Z] > git config --get commit.template [1ms]
[2022-02-06T01:07:33.207Z] > git ls-files --stage -- /home/force-badname/dom-challenge/solution/dom.js [9ms]
[2022-02-06T01:07:33.224Z] > git cat-file -s 82eff1f8346eb0bd53f5f54cde4b85dd8f51d2a0 [3ms]
[2022-02-06T01:07:42.678Z] > git ls-files --stage -- /home/force-badname/dom-challenge/challenge/dom.js [14ms]
[2022-02-06T01:07:42.705Z] > git cat-file -s 76bd6e38f410dc93ac157f6e7890bb10119b6edd [4ms]
[2022-02-06T01:07:59.149Z] > git symbolic-ref --short HEAD [1ms]
[2022-02-06T01:07:59.160Z] > git for-each-ref --format=%(refname)%00%(upstream:short)%00%(objectname)%00%(upstream:track) refs/heads/main refs/remotes/main [3ms]
[2022-02-06T01:07:59.179Z] > git remote --verbose [4ms]
[2022-02-06T01:07:59.179Z] > git for-each-ref --sort -committerdate --format %(refname) %(objectname) %(*objectname) [11ms]
[2022-02-06T01:07:59.306Z] > git config --get commit.template [6ms]
[2022-02-06T01:08:14.364Z] > git symbolic-ref --short HEAD [1ms]
[2022-02-06T01:08:14.376Z] > git for-each-ref --format=%(refname)%00%(upstream:short)%00%(objectname)%00%(upstream:track) refs/heads/main refs/remotes/main [3ms]
[2022-02-06T01:08:14.400Z] > git for-each-ref --sort -committerdate --format %(refname) %(objectname) %(*objectname) [15ms]
[2022-02-06T01:08:14.402Z] > git remote --verbose [7ms]
[2022-02-06T01:08:16.494Z] > git config --get commit.template [28ms]
[2022-02-06T01:08:41.187Z] > git symbolic-ref --short HEAD [1ms]
[2022-02-06T01:08:41.197Z] > git for-each-ref --format=%(refname)%00%(upstream:short)%00%(objectname)%00%(upstream:track) refs/heads/main refs/remotes/main [2ms]
[2022-02-06T01:08:41.213Z] > git for-each-ref --sort -committerdate --format %(refname) %(objectname) %(*objectname) [9ms]
[2022-02-06T01:08:41.214Z] > git remote --verbose [2ms]
[2022-02-06T01:08:41.328Z] > git config --get commit.template [2ms]
[2022-02-06T01:08:49.594Z] > git symbolic-ref --short HEAD [1ms]
[2022-02-06T01:08:49.604Z] > git for-each-ref --format=%(refname)%00%(upstream:short)%00%(objectname)%00%(upstream:track) refs/heads/main refs/remotes/main [2ms]
[2022-02-06T01:08:49.625Z] > git for-each-ref --sort -committerdate --format %(refname) %(objectname) %(*objectname) [12ms]
[2022-02-06T01:08:49.625Z] > git remote --verbose [2ms]
[2022-02-06T01:08:49.707Z] > git config --get commit.template [1ms]
[2022-02-06T01:09:21.010Z] > git symbolic-ref --short HEAD [4ms]
[2022-02-06T01:09:21.038Z] > git for-each-ref --format=%(refname)%00%(upstream:short)%00%(objectname)%00%(upstream:track) refs/heads/main refs/remotes/main [8ms]
[2022-02-06T01:09:21.084Z] > git for-each-ref --sort -committerdate --format %(refname) %(objectname) %(*objectname) [25ms]
[2022-02-06T01:09:21.086Z] > git remote --verbose [7ms]
[2022-02-06T01:09:23.246Z] > git config --get commit.template [2007ms]
[2022-02-06T01:10:00.110Z] > git symbolic-ref --short HEAD [4ms]
[2022-02-06T01:10:00.139Z] > git for-each-ref --format=%(refname)%00%(upstream:short)%00%(objectname)%00%(upstream:track) refs/heads/main refs/remotes/main [7ms]
[2022-02-06T01:10:00.179Z] > git for-each-ref --sort -committerdate --format %(refname) %(objectname) %(*objectname) [20ms]
[2022-02-06T01:10:00.180Z] > git remote --verbose [4ms]
[2022-02-06T01:10:03.027Z] > git config --get commit.template [27ms]
[2022-02-06T01:10:30.311Z] > git symbolic-ref --short HEAD [13ms]
[2022-02-06T01:10:30.344Z] > git for-each-ref --format=%(refname)%00%(upstream:short)%00%(objectname)%00%(upstream:track) refs/heads/main refs/remotes/main [11ms]
[2022-02-06T01:10:30.375Z] > git for-each-ref --sort -committerdate --format %(refname) %(objectname) %(*objectname) [15ms]
[2022-02-06T01:10:30.376Z] > git remote --verbose [4ms]
[2022-02-06T01:10:30.472Z] > git config --get commit.template [8ms]
[2022-02-06T01:32:59.812Z] > git symbolic-ref --short HEAD [3ms]
[2022-02-06T01:32:59.832Z] > git for-each-ref --format=%(refname)%00%(upstream:short)%00%(objectname)%00%(upstream:track) refs/heads/main refs/remotes/main [5ms]
[2022-02-06T01:32:59.866Z] > git for-each-ref --sort -committerdate --format %(refname) %(objectname) %(*objectname) [20ms]
[2022-02-06T01:32:59.868Z] > git remote --verbose [6ms]
[2022-02-06T01:33:02.246Z] > git config --get commit.template [26ms]
[2022-02-06T01:33:07.537Z] > git symbolic-ref --short HEAD [4ms]
[2022-02-06T01:33:07.557Z] > git for-each-ref --format=%(refname)%00%(upstream:short)%00%(objectname)%00%(upstream:track) refs/heads/main refs/remotes/main [4ms]
[2022-02-06T01:33:07.595Z] > git for-each-ref --sort -committerdate --format %(refname) %(objectname) %(*objectname) [23ms]
[2022-02-06T01:33:07.597Z] > git remote --verbose [6ms]
[2022-02-06T01:33:09.762Z] > git config --get commit.template [21ms]
[2022-02-06T01:33:12.109Z] > git ls-files --stage -- /home/force-badname/dom-challenge/challenge/index.html [6ms]
[2022-02-06T01:33:12.126Z] > git cat-file -s e982ae17be1768df71829763d48689746352cdb2 [3ms]
[2022-02-06T01:33:16.693Z] > git symbolic-ref --short HEAD [3ms]
[2022-02-06T01:33:16.731Z] > git for-each-ref --format=%(refname)%00%(upstream:short)%00%(objectname)%00%(upstream:track) refs/heads/main refs/remotes/main [17ms]
[2022-02-06T01:33:16.778Z] > git remote --verbose [4ms]
[2022-02-06T01:33:16.779Z] > git for-each-ref --sort -committerdate --format %(refname) %(objectname) %(*objectname) [27ms]
[2022-02-06T01:33:18.975Z] > git config --get commit.template [19ms]
[2022-02-06T01:33:30.468Z] > git ls-files --stage -- /home/force-badname/dom-challenge/challenge/dom.js [5ms]
[2022-02-06T01:33:30.476Z] > git cat-file -s 76bd6e38f410dc93ac157f6e7890bb10119b6edd [2ms]
[2022-02-06T01:33:40.761Z] > git symbolic-ref --short HEAD [3ms]
[2022-02-06T01:33:40.790Z] > git for-each-ref --format=%(refname)%00%(upstream:short)%00%(objectname)%00%(upstream:track) refs/heads/main refs/remotes/main [7ms]
[2022-02-06T01:33:40.831Z] > git for-each-ref --sort -committerdate --format %(refname) %(objectname) %(*objectname) [22ms]
[2022-02-06T01:33:40.832Z] > git remote --verbose [5ms]
[2022-02-06T01:33:40.937Z] > git config --get commit.template [14ms]
[2022-02-06T01:33:54.506Z] > git symbolic-ref --short HEAD [2ms]
[2022-02-06T01:33:54.514Z] > git for-each-ref --format=%(refname)%00%(upstream:short)%00%(objectname)%00%(upstream:track) refs/heads/main refs/remotes/main [1ms]
[2022-02-06T01:33:54.531Z] > git for-each-ref --sort -committerdate --format %(refname) %(objectname) %(*objectname) [8ms]
[2022-02-06T01:33:54.531Z] > git remote --verbose [1ms]
[2022-02-06T01:33:54.600Z] > git config --get commit.template [1ms]
[2022-02-06T01:34:21.040Z] > git symbolic-ref --short HEAD [2ms]
[2022-02-06T01:34:21.054Z] > git for-each-ref --format=%(refname)%00%(upstream:short)%00%(objectname)%00%(upstream:track) refs/heads/main refs/remotes/main [2ms]
[2022-02-06T01:34:21.079Z] > git for-each-ref --sort -committerdate --format %(refname) %(objectname) %(*objectname) [14ms]
[2022-02-06T01:34:21.080Z] > git remote --verbose [4ms]
[2022-02-06T01:34:21.199Z] > git config --get commit.template [3ms]
[2022-02-06T01:34:27.713Z] > git symbolic-ref --short HEAD [1ms]
[2022-02-06T01:34:27.724Z] > git for-each-ref --format=%(refname)%00%(upstream:short)%00%(objectname)%00%(upstream:track) refs/heads/main refs/remotes/main [2ms]
[2022-02-06T01:34:27.745Z] > git for-each-ref --sort -committerdate --format %(refname) %(objectname) %(*objectname) [12ms]
[2022-02-06T01:34:27.746Z] > git remote --verbose [3ms]
[2022-02-06T01:34:27.838Z] > git config --get commit.template [2ms]
[2022-02-06T01:34:34.182Z] > git symbolic-ref --short HEAD [2ms]
[2022-02-06T01:34:34.197Z] > git for-each-ref --format=%(refname)%00%(upstream:short)%00%(objectname)%00%(upstream:track) refs/heads/main refs/remotes/main [3ms]
[2022-02-06T01:34:34.223Z] > git remote --verbose [2ms]
[2022-02-06T01:34:34.224Z] > git for-each-ref --sort -committerdate --format %(refname) %(objectname) %(*objectname) [15ms]
[2022-02-06T01:34:34.324Z] > git config --get commit.template [1ms]
[2022-02-06T01:40:43.966Z] > git symbolic-ref --short HEAD [2ms]
[2022-02-06T01:40:43.980Z] > git for-each-ref --format=%(refname)%00%(upstream:short)%00%(objectname)%00%(upstream:track) refs/heads/main refs/remotes/main [2ms]
[2022-02-06T01:40:43.999Z] > git remote --verbose [3ms]
[2022-02-06T01:40:43.999Z] > git for-each-ref --sort -committerdate --format %(refname) %(objectname) %(*objectname) [11ms]
[2022-02-06T01:40:44.095Z] > git config --get commit.template [4ms]
[2022-02-06T01:41:14.762Z] > git ls-files --stage -- /home/force-badname/dom-challenge/challenge/index.html [9ms]
[2022-02-06T01:41:14.781Z] > git cat-file -s e982ae17be1768df71829763d48689746352cdb2 [4ms]
[2022-02-06T01:41:48.563Z] > git ls-files --stage -- /home/force-badname/dom-challenge/challenge/dom.js [8ms]
[2022-02-06T01:41:48.581Z] > git cat-file -s 76bd6e38f410dc93ac157f6e7890bb10119b6edd [3ms]
[2022-02-06T01:41:57.605Z] > git ls-files --stage -- /home/force-badname/dom-challenge/challenge/index.html [9ms]
[2022-02-06T01:41:57.622Z] > git cat-file -s e982ae17be1768df71829763d48689746352cdb2 [3ms]
[2022-02-06T01:42:12.998Z] > git ls-files --stage -- /home/force-badname/dom-challenge/challenge/dom.js [12ms]
[2022-02-06T01:42:13.015Z] > git cat-file -s 76bd6e38f410dc93ac157f6e7890bb10119b6edd [3ms]
[2022-02-06T01:43:03.852Z] > git ls-files --stage -- /home/force-badname/dom-challenge/challenge/index.html [10ms]
[2022-02-06T01:43:03.879Z] > git cat-file -s e982ae17be1768df71829763d48689746352cdb2 [4ms]
[2022-02-06T01:43:10.238Z] > git ls-files --stage -- /home/force-badname/dom-challenge/challenge/dom.js [13ms]
[2022-02-06T01:43:10.265Z] > git cat-file -s 76bd6e38f410dc93ac157f6e7890bb10119b6edd [8ms]
[2022-02-06T01:43:18.678Z] > git ls-files --stage -- /home/force-badname/dom-challenge/challenge/index.html [9ms]
[2022-02-06T01:43:18.693Z] > git cat-file -s e982ae17be1768df71829763d48689746352cdb2 [3ms]
[2022-02-06T01:43:23.966Z] > git ls-files --stage -- /home/force-badname/dom-challenge/challenge/dom.js [10ms]
[2022-02-06T01:43:23.983Z] > git cat-file -s 76bd6e38f410dc93ac157f6e7890bb10119b6edd [4ms]
[2022-02-06T01:44:13.299Z] > git ls-files --stage -- /home/force-badname/dom-challenge/challenge/index.html [14ms]
[2022-02-06T01:44:13.318Z] > git cat-file -s e982ae17be1768df71829763d48689746352cdb2 [4ms]
[2022-02-06T01:44:17.649Z] > git ls-files --stage -- /home/force-badname/dom-challenge/challenge/dom.js [11ms]
[2022-02-06T01:44:17.672Z] > git cat-file -s 76bd6e38f410dc93ac157f6e7890bb10119b6edd [9ms]
[2022-02-06T01:44:22.842Z] > git ls-files --stage -- /home/force-badname/dom-challenge/challenge/index.html [10ms]
[2022-02-06T01:44:22.857Z] > git cat-file -s e982ae17be1768df71829763d48689746352cdb2 [3ms]
[2022-02-06T01:44:28.530Z] > git ls-files --stage -- /home/force-badname/dom-challenge/challenge/dom.js [10ms]
[2022-02-06T01:44:28.546Z] > git cat-file -s 76bd6e38f410dc93ac157f6e7890bb10119b6edd [3ms]
[2022-02-06T01:44:54.131Z] > git symbolic-ref --short HEAD [1ms]
[2022-02-06T01:44:54.139Z] > git for-each-ref --format=%(refname)%00%(upstream:short)%00%(objectname)%00%(upstream:track) refs/heads/main refs/remotes/main [2ms]
[2022-02-06T01:44:54.158Z] > git remote --verbose [6ms]
[2022-02-06T01:44:54.158Z] > git for-each-ref --sort -committerdate --format %(refname) %(objectname) %(*objectname) [12ms]
[2022-02-06T01:44:54.229Z] > git config --get commit.template [3ms]
[2022-02-06T01:45:19.241Z] > git symbolic-ref --short HEAD [2ms]
[2022-02-06T01:45:19.261Z] > git for-each-ref --format=%(refname)%00%(upstream:short)%00%(objectname)%00%(upstream:track) refs/heads/main refs/remotes/main [5ms]
[2022-02-06T01:45:19.286Z] > git for-each-ref --sort -committerdate --format %(refname) %(objectname) %(*objectname) [14ms]
[2022-02-06T01:45:19.287Z] > git remote --verbose [3ms]
[2022-02-06T01:45:19.393Z] > git config --get commit.template [1ms]
[2022-02-06T01:46:06.056Z] > git ls-files --stage -- /home/force-badname/dom-challenge/challenge/index.html [10ms]
[2022-02-06T01:46:06.076Z] > git cat-file -s e982ae17be1768df71829763d48689746352cdb2 [4ms]
[2022-02-06T01:46:07.482Z] > git ls-files --stage -- /home/force-badname/dom-challenge/challenge/dom.js [11ms]
[2022-02-06T01:46:07.509Z] > git cat-file -s 76bd6e38f410dc93ac157f6e7890bb10119b6edd [6ms]
[2022-02-06T01:47:11.066Z] > git symbolic-ref --short HEAD [2ms]
[2022-02-06T01:47:11.081Z] > git for-each-ref --format=%(refname)%00%(upstream:short)%00%(objectname)%00%(upstream:track) refs/heads/main refs/remotes/main [2ms]
[2022-02-06T01:47:11.102Z] > git remote --verbose [3ms]
[2022-02-06T01:47:11.103Z] > git for-each-ref --sort -committerdate --format %(refname) %(objectname) %(*objectname) [12ms]
[2022-02-06T01:47:11.210Z] > git config --get commit.template [1ms]
[2022-02-06T01:47:16.372Z] > git symbolic-ref --short HEAD [1ms]
[2022-02-06T01:47:16.382Z] > git for-each-ref --format=%(refname)%00%(upstream:short)%00%(objectname)%00%(upstream:track) refs/heads/main refs/remotes/main [1ms]
[2022-02-06T01:47:16.402Z] > git for-each-ref --sort -committerdate --format %(refname) %(objectname) %(*objectname) [14ms]
[2022-02-06T01:47:16.402Z] > git remote --verbose [1ms]
[2022-02-06T01:47:16.473Z] > git config --get commit.template [2ms]
[2022-02-06T01:49:19.149Z] > git ls-files --stage -- /home/force-badname/dom-challenge/challenge/index.html [9ms]
[2022-02-06T01:49:19.169Z] > git cat-file -s e982ae17be1768df71829763d48689746352cdb2 [5ms]
[2022-02-06T01:49:30.439Z] > git ls-files --stage -- /home/force-badname/dom-challenge/challenge/dom.js [10ms]
[2022-02-06T01:49:30.463Z] > git cat-file -s 76bd6e38f410dc93ac157f6e7890bb10119b6edd [4ms]
[2022-02-06T01:49:35.959Z] > git ls-files --stage -- /home/force-badname/dom-challenge/solution/dom.js [12ms]
[2022-02-06T01:49:35.975Z] > git cat-file -s 82eff1f8346eb0bd53f5f54cde4b85dd8f51d2a0 [3ms]
[2022-02-06T01:51:15.095Z] > git ls-files --stage -- /home/force-badname/dom-challenge/challenge/dom.js [12ms]
[2022-02-06T01:51:15.117Z] > git cat-file -s 76bd6e38f410dc93ac157f6e7890bb10119b6edd [5ms]
[2022-02-06T01:53:11.642Z] > git ls-files --stage -- /home/force-badname/dom-challenge/solution/dom.js [10ms]
[2022-02-06T01:53:11.659Z] > git cat-file -s 82eff1f8346eb0bd53f5f54cde4b85dd8f51d2a0 [4ms]
[2022-02-06T01:54:49.390Z] > git log --oneline --cherry main...main@{upstream} -- [22ms]
[2022-02-06T01:54:50.707Z] > git ls-files --stage -- /home/force-badname/dom-challenge/solution/dom.js [15ms]
[2022-02-06T01:54:50.725Z] > git cat-file -s 82eff1f8346eb0bd53f5f54cde4b85dd8f51d2a0 [3ms]
[2022-02-06T01:54:51.052Z] > git pull --tags origin main [1640ms]
[2022-02-06T01:54:51.053Z] From https://github.com/Bereketmebrahtu/Bereketmebrahtu
 * branch            main       -> FETCH_HEAD
 + 54816b8...e52d7d3 main       -> origin/main  (forced update)
fatal: refusing to merge unrelated histories
[2022-02-06T01:54:54.088Z] > git ls-files --stage -- /home/force-badname/dom-challenge/solution/dom.js [17ms]
[2022-02-06T01:54:54.115Z] > git cat-file -s 82eff1f8346eb0bd53f5f54cde4b85dd8f51d2a0 [4ms]
[2022-02-06T01:54:54.331Z] > git symbolic-ref --short HEAD [3ms]
[2022-02-06T01:54:54.354Z] > git for-each-ref --format=%(refname)%00%(upstream:short)%00%(objectname)%00%(upstream:track) refs/heads/main refs/remotes/main [8ms]
[2022-02-06T01:54:54.390Z] > git remote --verbose [6ms]
[2022-02-06T01:54:54.391Z] > git for-each-ref --sort -committerdate --format %(refname) %(objectname) %(*objectname) [22ms]
[2022-02-06T01:54:56.577Z] > git config --get commit.template [24ms]
[2022-02-06T01:55:14.137Z] > git for-each-ref --format %(refname:short)%00%(upstream:short) refs/heads [2ms]
[2022-02-06T01:55:14.286Z] > git checkout -q --track origin/DOM-challenge [133ms]
[2022-02-06T01:55:14.493Z] > git symbolic-ref --short HEAD [2ms]
[2022-02-06T01:55:14.509Z] > git for-each-ref --format=%(refname)%00%(upstream:short)%00%(objectname)%00%(upstream:track) refs/heads/DOM-challenge refs/remotes/DOM-challenge [3ms]
[2022-02-06T01:55:14.535Z] > git for-each-ref --sort -committerdate --format %(refname) %(objectname) %(*objectname) [14ms]
[2022-02-06T01:55:14.536Z] > git remote --verbose [4ms]
[2022-02-06T01:55:14.653Z] > git config --get commit.template [1ms]
[2022-02-06T01:55:16.912Z] > git ls-files --stage -- /home/force-badname/dom-challenge/solution/dom.js [3ms]
[2022-02-06T01:55:16.920Z] > git cat-file -s 82eff1f8346eb0bd53f5f54cde4b85dd8f51d2a0 [1ms]
[2022-02-06T01:55:20.494Z] > git log --oneline --cherry DOM-challenge...DOM-challenge@{upstream} -- [6ms]
[2022-02-06T01:55:21.172Z] > git pull --tags origin DOM-challenge [657ms]
[2022-02-06T01:55:21.172Z] From https://github.com/Bereketmebrahtu/Bereketmebrahtu
 * branch            DOM-challenge -> FETCH_HEAD
[2022-02-06T01:55:21.445Z] > git symbolic-ref --short HEAD [2ms]
[2022-02-06T01:55:21.466Z] > git for-each-ref --format=%(refname)%00%(upstream:short)%00%(objectname)%00%(upstream:track) refs/heads/DOM-challenge refs/remotes/DOM-challenge [4ms]
[2022-02-06T01:55:21.504Z] > git for-each-ref --sort -committerdate --format %(refname) %(objectname) %(*objectname) [21ms]
[2022-02-06T01:55:21.505Z] > git remote --verbose [6ms]
[2022-02-06T01:55:23.393Z] > git config --get commit.template [1751ms]
[2022-02-06T01:55:23.577Z] > git ls-files --stage -- /home/force-badname/dom-challenge/solution/dom.js [4ms]
[2022-02-06T01:55:23.589Z] > git cat-file -s 82eff1f8346eb0bd53f5f54cde4b85dd8f51d2a0 [2ms]
[2022-02-06T01:55:32.749Z] > git symbolic-ref --short HEAD [2ms]
[2022-02-06T01:55:32.761Z] > git for-each-ref --format=%(refname)%00%(upstream:short)%00%(objectname)%00%(upstream:track) refs/heads/DOM-challenge refs/remotes/DOM-challenge [2ms]
[2022-02-06T01:55:32.782Z] > git remote --verbose [2ms]
[2022-02-06T01:55:32.783Z] > git for-each-ref --sort -committerdate --format %(refname) %(objectname) %(*objectname) [12ms]
[2022-02-06T01:55:32.876Z] > git config --get commit.template [2ms]
