[2022-02-03T21:39:44.490Z] Validating found git in: git
[2022-02-03T21:39:44.535Z] Using git 2.25.1 from git
[2022-02-03T21:39:44.607Z] > git rev-parse --git-dir [32ms]
[2022-02-03T21:39:44.613Z] Open repository: /home/force-badname/wordle
[2022-02-03T21:39:44.628Z] > git symbolic-ref --short HEAD [1ms]
[2022-02-03T21:39:44.634Z] > git for-each-ref --format=%(refname)%00%(upstream:short)%00%(objectname)%00%(upstream:track) refs/heads/master refs/remotes/master [2ms]
[2022-02-03T21:39:44.643Z] > git remote --verbose [3ms]
[2022-02-03T21:39:44.644Z] > git for-each-ref --sort -committerdate --format %(refname) %(objectname) %(*objectname) [7ms]
[2022-02-03T21:39:44.649Z] > git config --get commit.template [1ms]
[2022-02-03T21:40:23.897Z] > git ls-files --stage -- /home/force-badname/wordle/index.html [13ms]
[2022-02-03T21:40:24.412Z] > git symbolic-ref --short HEAD [7ms]
[2022-02-03T21:40:24.419Z] > git for-each-ref --format=%(refname)%00%(upstream:short)%00%(objectname)%00%(upstream:track) refs/heads/master refs/remotes/master [2ms]
[2022-02-03T21:40:24.430Z] > git remote --verbose [2ms]
[2022-02-03T21:40:24.431Z] > git for-each-ref --sort -committerdate --format %(refname) %(objectname) %(*objectname) [7ms]
[2022-02-03T21:40:24.438Z] > git config --get commit.template [1ms]
[2022-02-03T21:40:29.398Z] > git ls-files --stage -- /home/force-badname/wordle/styles.css [2ms]
[2022-02-03T21:40:30.245Z] > git symbolic-ref --short HEAD [2ms]
[2022-02-03T21:40:30.252Z] > git for-each-ref --format=%(refname)%00%(upstream:short)%00%(objectname)%00%(upstream:track) refs/heads/master refs/remotes/master [1ms]
[2022-02-03T21:40:30.260Z] > git remote --verbose [1ms]
[2022-02-03T21:40:30.261Z] > git for-each-ref --sort -committerdate --format %(refname) %(objectname) %(*objectname) [5ms]
[2022-02-03T21:40:30.267Z] > git config --get commit.template [1ms]
[2022-02-03T21:40:35.094Z] > git ls-files --stage -- /home/force-badname/wordle/script.js [1ms]
[2022-02-03T21:40:35.852Z] > git symbolic-ref --short HEAD [1ms]
[2022-02-03T21:40:35.860Z] > git for-each-ref --format=%(refname)%00%(upstream:short)%00%(objectname)%00%(upstream:track) refs/heads/master refs/remotes/master [3ms]
[2022-02-03T21:40:35.874Z] > git for-each-ref --sort -committerdate --format %(refname) %(objectname) %(*objectname) [8ms]
[2022-02-03T21:40:35.875Z] > git remote --verbose [2ms]
[2022-02-03T21:40:35.884Z] > git config --get commit.template [2ms]
[2022-02-03T21:41:04.334Z] > git add -A -- . [5ms]
[2022-02-03T21:41:04.359Z] > git -c user.useConfigOnly=true commit --quiet --allow-empty-message --file - [21ms]
[2022-02-03T21:41:04.370Z] > git symbolic-ref --short HEAD [1ms]
[2022-02-03T21:41:04.376Z] > git for-each-ref --format=%(refname)%00%(upstream:short)%00%(objectname)%00%(upstream:track) refs/heads/master refs/remotes/master [1ms]
[2022-02-03T21:41:04.385Z] > git remote --verbose [1ms]
[2022-02-03T21:41:04.385Z] > git for-each-ref --sort -committerdate --format %(refname) %(objectname) %(*objectname) [6ms]
[2022-02-03T21:41:04.393Z] > git config --get commit.template [1ms]
[2022-02-03T21:41:05.476Z] > git symbolic-ref --short HEAD [2ms]
[2022-02-03T21:41:05.483Z] > git for-each-ref --format=%(refname)%00%(upstream:short)%00%(objectname)%00%(upstream:track) refs/heads/master refs/remotes/master [1ms]
[2022-02-03T21:41:05.492Z] > git remote --verbose [1ms]
[2022-02-03T21:41:05.492Z] > git for-each-ref --sort -committerdate --format %(refname) %(objectname) %(*objectname) [5ms]
[2022-02-03T21:41:05.499Z] > git config --get commit.template [1ms]
[2022-02-03T21:41:05.576Z] > git ls-files --stage -- /home/force-badname/wordle/script.js [1ms]
[2022-02-03T21:41:05.581Z] > git cat-file -s e69de29bb2d1d6434b8b29ae775ad8c2e48c5391 [1ms]
[2022-02-03T21:41:30.162Z] > git log --format=%H%n%aN%n%aE%n%at%n%ct%n%P%n%B -z -n21 -- /home/force-badname/wordle/script.js [2ms]
[2022-02-03T21:41:32.978Z] > git ls-files --stage -- /home/force-badname/wordle/index.html [2ms]
[2022-02-03T21:41:32.984Z] > git cat-file -s e69de29bb2d1d6434b8b29ae775ad8c2e48c5391 [2ms]
[2022-02-03T21:45:38.071Z] > git ls-files --stage -- /home/force-badname/wordle/styles.css [4ms]
[2022-02-03T21:45:38.076Z] > git cat-file -s e69de29bb2d1d6434b8b29ae775ad8c2e48c5391 [1ms]
[2022-02-03T21:46:28.535Z] > git ls-files --stage -- /home/force-badname/wordle/index.html [2ms]
[2022-02-03T21:46:28.539Z] > git cat-file -s e69de29bb2d1d6434b8b29ae775ad8c2e48c5391 [0ms]
[2022-02-03T21:46:31.954Z] > git symbolic-ref --short HEAD [1ms]
[2022-02-03T21:46:31.959Z] > git for-each-ref --format=%(refname)%00%(upstream:short)%00%(objectname)%00%(upstream:track) refs/heads/master refs/remotes/master [0ms]
[2022-02-03T21:46:31.969Z] > git remote --verbose [2ms]
[2022-02-03T21:46:31.969Z] > git for-each-ref --sort -committerdate --format %(refname) %(objectname) %(*objectname) [5ms]
[2022-02-03T21:46:31.980Z] > git config --get commit.template [1ms]
[2022-02-03T21:46:48.680Z] > git ls-files --stage -- /home/force-badname/wordle/styles.css [2ms]
[2022-02-03T21:46:48.684Z] > git cat-file -s e69de29bb2d1d6434b8b29ae775ad8c2e48c5391 [1ms]
[2022-02-03T21:46:57.320Z] > git ls-files --stage -- /home/force-badname/wordle/index.html [3ms]
[2022-02-03T21:46:57.329Z] > git cat-file -s e69de29bb2d1d6434b8b29ae775ad8c2e48c5391 [3ms]
[2022-02-03T21:47:01.203Z] > git symbolic-ref --short HEAD [1ms]
[2022-02-03T21:47:01.208Z] > git for-each-ref --format=%(refname)%00%(upstream:short)%00%(objectname)%00%(upstream:track) refs/heads/master refs/remotes/master [1ms]
[2022-02-03T21:47:01.216Z] > git for-each-ref --sort -committerdate --format %(refname) %(objectname) %(*objectname) [5ms]
[2022-02-03T21:47:01.216Z] > git remote --verbose [1ms]
[2022-02-03T21:47:01.224Z] > git config --get commit.template [2ms]
[2022-02-03T21:47:29.523Z] > git checkout -q -b wordle-mock-up --no-track HEAD [4ms]
[2022-02-03T21:47:29.531Z] > git symbolic-ref --short HEAD [1ms]
[2022-02-03T21:47:29.535Z] > git for-each-ref --format=%(refname)%00%(upstream:short)%00%(objectname)%00%(upstream:track) refs/heads/wordle-mock-up refs/remotes/wordle-mock-up [1ms]
[2022-02-03T21:47:29.542Z] > git for-each-ref --sort -committerdate --format %(refname) %(objectname) %(*objectname) [4ms]
[2022-02-03T21:47:29.542Z] > git remote --verbose [1ms]
[2022-02-03T21:47:29.552Z] > git config --get commit.template [3ms]
[2022-02-03T21:47:30.602Z] > git symbolic-ref --short HEAD [1ms]
[2022-02-03T21:47:30.608Z] > git for-each-ref --format=%(refname)%00%(upstream:short)%00%(objectname)%00%(upstream:track) refs/heads/wordle-mock-up refs/remotes/wordle-mock-up [1ms]
[2022-02-03T21:47:30.619Z] > git remote --verbose [3ms]
[2022-02-03T21:47:30.619Z] > git for-each-ref --sort -committerdate --format %(refname) %(objectname) %(*objectname) [6ms]
[2022-02-03T21:47:30.625Z] > git config --get commit.template [1ms]
[2022-02-03T21:47:30.693Z] > git ls-files --stage -- /home/force-badname/wordle/index.html [1ms]
[2022-02-03T21:47:30.698Z] > git cat-file -s e69de29bb2d1d6434b8b29ae775ad8c2e48c5391 [1ms]
[2022-02-03T21:47:35.638Z] > git symbolic-ref --short HEAD [1ms]
[2022-02-03T21:47:35.643Z] > git for-each-ref --format=%(refname)%00%(upstream:short)%00%(objectname)%00%(upstream:track) refs/heads/wordle-mock-up refs/remotes/wordle-mock-up [1ms]
[2022-02-03T21:47:35.650Z] > git for-each-ref --sort -committerdate --format %(refname) %(objectname) %(*objectname) [4ms]
[2022-02-03T21:47:35.650Z] > git remote --verbose [1ms]
[2022-02-03T21:47:35.656Z] > git config --get commit.template [1ms]
[2022-02-03T21:47:57.169Z] > git checkout -q master [5ms]
[2022-02-03T21:47:57.178Z] > git symbolic-ref --short HEAD [0ms]
[2022-02-03T21:47:57.182Z] > git for-each-ref --format=%(refname)%00%(upstream:short)%00%(objectname)%00%(upstream:track) refs/heads/master refs/remotes/master [1ms]
[2022-02-03T21:47:57.189Z] > git remote --verbose [1ms]
[2022-02-03T21:47:57.189Z] > git for-each-ref --sort -committerdate --format %(refname) %(objectname) %(*objectname) [3ms]
[2022-02-03T21:47:57.196Z] > git config --get commit.template [1ms]
[2022-02-03T21:47:58.282Z] > git symbolic-ref --short HEAD [2ms]
[2022-02-03T21:47:58.288Z] > git for-each-ref --format=%(refname)%00%(upstream:short)%00%(objectname)%00%(upstream:track) refs/heads/master refs/remotes/master [1ms]
[2022-02-03T21:47:58.296Z] > git remote --verbose [1ms]
[2022-02-03T21:47:58.296Z] > git for-each-ref --sort -committerdate --format %(refname) %(objectname) %(*objectname) [4ms]
[2022-02-03T21:47:58.303Z] > git config --get commit.template [0ms]
[2022-02-03T21:47:58.369Z] > git ls-files --stage -- /home/force-badname/wordle/index.html [1ms]
[2022-02-03T21:47:58.373Z] > git cat-file -s e69de29bb2d1d6434b8b29ae775ad8c2e48c5391 [1ms]
[2022-02-03T21:48:26.537Z] git.stage 1
[2022-02-03T21:48:26.538Z] git.stage.scmResources 1
[2022-02-03T21:48:26.545Z] > git add -A -- /home/force-badname/wordle/index.html [3ms]
[2022-02-03T21:48:26.557Z] > git symbolic-ref --short HEAD [1ms]
[2022-02-03T21:48:26.561Z] > git for-each-ref --format=%(refname)%00%(upstream:short)%00%(objectname)%00%(upstream:track) refs/heads/master refs/remotes/master [1ms]
[2022-02-03T21:48:26.568Z] > git remote --verbose [1ms]
[2022-02-03T21:48:26.568Z] > git for-each-ref --sort -committerdate --format %(refname) %(objectname) %(*objectname) [3ms]
[2022-02-03T21:48:26.575Z] > git config --get commit.template [1ms]
[2022-02-03T21:48:27.650Z] > git symbolic-ref --short HEAD [1ms]
[2022-02-03T21:48:27.655Z] > git for-each-ref --format=%(refname)%00%(upstream:short)%00%(objectname)%00%(upstream:track) refs/heads/master refs/remotes/master [1ms]
[2022-02-03T21:48:27.663Z] > git remote --verbose [1ms]
[2022-02-03T21:48:27.663Z] > git for-each-ref --sort -committerdate --format %(refname) %(objectname) %(*objectname) [4ms]
[2022-02-03T21:48:27.669Z] > git config --get commit.template [1ms]
[2022-02-03T21:48:27.747Z] > git ls-files --stage -- /home/force-badname/wordle/index.html [1ms]
[2022-02-03T21:48:27.752Z] > git cat-file -s 4f4d87d875aa6f9b272d5577ff103b373b89f107 [1ms]
[2022-02-03T21:48:29.551Z] git.stage 1
[2022-02-03T21:48:29.551Z] git.stage.scmResources 1
[2022-02-03T21:48:29.557Z] > git add -A -- /home/force-badname/wordle/styles.css [2ms]
[2022-02-03T21:48:29.568Z] > git symbolic-ref --short HEAD [0ms]
[2022-02-03T21:48:29.572Z] > git for-each-ref --format=%(refname)%00%(upstream:short)%00%(objectname)%00%(upstream:track) refs/heads/master refs/remotes/master [1ms]
[2022-02-03T21:48:29.580Z] > git remote --verbose [2ms]
[2022-02-03T21:48:29.580Z] > git for-each-ref --sort -committerdate --format %(refname) %(objectname) %(*objectname) [5ms]
[2022-02-03T21:48:29.587Z] > git config --get commit.template [1ms]
[2022-02-03T21:48:30.738Z] > git ls-files --stage -- /home/force-badname/wordle/index.html [1ms]
[2022-02-03T21:48:30.742Z] > git cat-file -s 4f4d87d875aa6f9b272d5577ff103b373b89f107 [1ms]
[2022-02-03T21:48:32.682Z] > git symbolic-ref --short HEAD [1ms]
[2022-02-03T21:48:32.688Z] > git for-each-ref --format=%(refname)%00%(upstream:short)%00%(objectname)%00%(upstream:track) refs/heads/master refs/remotes/master [1ms]
[2022-02-03T21:48:32.698Z] > git for-each-ref --sort -committerdate --format %(refname) %(objectname) %(*objectname) [6ms]
[2022-02-03T21:48:32.698Z] > git remote --verbose [3ms]
[2022-02-03T21:48:32.705Z] > git config --get commit.template [1ms]
[2022-02-03T21:48:57.566Z] > git -c user.useConfigOnly=true commit --quiet --allow-empty-message --file - [7ms]
[2022-02-03T21:48:57.576Z] > git symbolic-ref --short HEAD [1ms]
[2022-02-03T21:48:57.580Z] > git for-each-ref --format=%(refname)%00%(upstream:short)%00%(objectname)%00%(upstream:track) refs/heads/master refs/remotes/master [1ms]
[2022-02-03T21:48:57.586Z] > git for-each-ref --sort -committerdate --format %(refname) %(objectname) %(*objectname) [3ms]
[2022-02-03T21:48:57.587Z] > git remote --verbose [1ms]
[2022-02-03T21:48:57.594Z] > git config --get commit.template [1ms]
[2022-02-03T21:48:58.709Z] > git symbolic-ref --short HEAD [3ms]
[2022-02-03T21:48:58.719Z] > git for-each-ref --format=%(refname)%00%(upstream:short)%00%(objectname)%00%(upstream:track) refs/heads/master refs/remotes/master [2ms]
[2022-02-03T21:48:58.728Z] > git remote --verbose [1ms]
[2022-02-03T21:48:58.729Z] > git for-each-ref --sort -committerdate --format %(refname) %(objectname) %(*objectname) [5ms]
[2022-02-03T21:48:58.736Z] > git config --get commit.template [1ms]
[2022-02-03T21:48:58.787Z] > git ls-files --stage -- /home/force-badname/wordle/index.html [1ms]
[2022-02-03T21:48:58.791Z] > git cat-file -s 4f4d87d875aa6f9b272d5577ff103b373b89f107 [1ms]
[2022-02-03T21:49:11.739Z] > git symbolic-ref --short HEAD [1ms]
[2022-02-03T21:49:11.744Z] > git for-each-ref --format=%(refname)%00%(upstream:short)%00%(objectname)%00%(upstream:track) refs/heads/master refs/remotes/master [1ms]
[2022-02-03T21:49:11.751Z] > git for-each-ref --sort -committerdate --format %(refname) %(objectname) %(*objectname) [4ms]
[2022-02-03T21:49:11.751Z] > git remote --verbose [2ms]
[2022-02-03T21:49:11.758Z] > git config --get commit.template [0ms]
[2022-02-03T21:49:18.666Z] > git log --format=%H%n%aN%n%aE%n%at%n%ct%n%P%n%B -z -n21 -- /home/force-badname/wordle/index.html [1ms]
[2022-02-03T21:49:40.263Z] > git ls-files --stage -- /home/force-badname/wordle/index.html [3ms]
[2022-02-03T21:49:40.269Z] > git cat-file -s 4f4d87d875aa6f9b272d5577ff103b373b89f107 [1ms]
[2022-02-03T21:49:56.765Z] > git checkout -q master [2ms]
[2022-02-03T21:49:56.774Z] > git symbolic-ref --short HEAD [1ms]
[2022-02-03T21:49:56.780Z] > git for-each-ref --format=%(refname)%00%(upstream:short)%00%(objectname)%00%(upstream:track) refs/heads/master refs/remotes/master [0ms]
[2022-02-03T21:49:56.787Z] > git remote --verbose [1ms]
[2022-02-03T21:49:56.787Z] > git for-each-ref --sort -committerdate --format %(refname) %(objectname) %(*objectname) [3ms]
[2022-02-03T21:49:56.793Z] > git config --get commit.template [1ms]
[2022-02-03T21:49:57.837Z] > git symbolic-ref --short HEAD [1ms]
[2022-02-03T21:49:57.842Z] > git for-each-ref --format=%(refname)%00%(upstream:short)%00%(objectname)%00%(upstream:track) refs/heads/master refs/remotes/master [0ms]
[2022-02-03T21:49:57.851Z] > git remote --verbose [1ms]
[2022-02-03T21:49:57.851Z] > git for-each-ref --sort -committerdate --format %(refname) %(objectname) %(*objectname) [5ms]
[2022-02-03T21:49:57.858Z] > git config --get commit.template [1ms]
[2022-02-03T21:49:57.942Z] > git ls-files --stage -- /home/force-badname/wordle/index.html [1ms]
[2022-02-03T21:49:57.946Z] > git cat-file -s 4f4d87d875aa6f9b272d5577ff103b373b89f107 [0ms]
[2022-02-03T21:50:00.598Z] > git log --oneline --cherry master...master@{upstream} -- [3ms]
[2022-02-03T21:50:00.598Z] fatal: no such branch: 'master...master'
[2022-02-03T21:50:01.225Z] > git pull --tags origin master [621ms]
[2022-02-03T21:50:01.225Z] fatal: couldn't find remote ref master
[2022-02-03T21:50:04.541Z] > git ls-files --stage -- /home/force-badname/wordle/index.html [1ms]
[2022-02-03T21:50:04.545Z] > git cat-file -s 4f4d87d875aa6f9b272d5577ff103b373b89f107 [1ms]
[2022-02-03T21:50:12.823Z] > git checkout -q wordle-mock-up [6ms]
[2022-02-03T21:50:12.835Z] > git symbolic-ref --short HEAD [1ms]
[2022-02-03T21:50:12.839Z] > git for-each-ref --format=%(refname)%00%(upstream:short)%00%(objectname)%00%(upstream:track) refs/heads/wordle-mock-up refs/remotes/wordle-mock-up [0ms]
[2022-02-03T21:50:12.846Z] > git remote --verbose [1ms]
[2022-02-03T21:50:12.846Z] > git for-each-ref --sort -committerdate --format %(refname) %(objectname) %(*objectname) [4ms]
[2022-02-03T21:50:12.852Z] > git config --get commit.template [0ms]
[2022-02-03T21:50:13.917Z] > git symbolic-ref --short HEAD [2ms]
[2022-02-03T21:50:13.922Z] > git for-each-ref --format=%(refname)%00%(upstream:short)%00%(objectname)%00%(upstream:track) refs/heads/wordle-mock-up refs/remotes/wordle-mock-up [1ms]
[2022-02-03T21:50:13.930Z] > git remote --verbose [1ms]
[2022-02-03T21:50:13.930Z] > git for-each-ref --sort -committerdate --format %(refname) %(objectname) %(*objectname) [4ms]
[2022-02-03T21:50:13.936Z] > git config --get commit.template [1ms]
[2022-02-03T21:50:14.022Z] > git ls-files --stage -- /home/force-badname/wordle/index.html [1ms]
[2022-02-03T21:50:14.026Z] > git cat-file -s e69de29bb2d1d6434b8b29ae775ad8c2e48c5391 [1ms]
[2022-02-03T21:50:18.540Z] > git ls-files --stage -- /home/force-badname/wordle/index.html [2ms]
[2022-02-03T21:50:18.546Z] > git cat-file -s e69de29bb2d1d6434b8b29ae775ad8c2e48c5391 [1ms]
[2022-02-03T21:50:28.099Z] > git checkout -q --detach master [4ms]
[2022-02-03T21:50:28.111Z] > git symbolic-ref --short HEAD [1ms]
[2022-02-03T21:50:28.111Z] fatal: ref HEAD is not a symbolic ref
[2022-02-03T21:50:28.115Z] > git rev-parse HEAD [1ms]
[2022-02-03T21:50:28.121Z] > git for-each-ref --sort -committerdate --format %(refname) %(objectname) %(*objectname) [3ms]
[2022-02-03T21:50:28.121Z] > git remote --verbose [1ms]
[2022-02-03T21:50:28.127Z] > git config --get commit.template [1ms]
[2022-02-03T21:50:29.197Z] > git symbolic-ref --short HEAD [2ms]
[2022-02-03T21:50:29.197Z] fatal: ref HEAD is not a symbolic ref
[2022-02-03T21:50:29.202Z] > git rev-parse HEAD [1ms]
[2022-02-03T21:50:29.209Z] > git remote --verbose [1ms]
[2022-02-03T21:50:29.209Z] > git for-each-ref --sort -committerdate --format %(refname) %(objectname) %(*objectname) [4ms]
[2022-02-03T21:50:29.215Z] > git config --get commit.template [0ms]
[2022-02-03T21:50:29.288Z] > git ls-files --stage -- /home/force-badname/wordle/index.html [0ms]
[2022-02-03T21:50:29.293Z] > git cat-file -s 4f4d87d875aa6f9b272d5577ff103b373b89f107 [1ms]
[2022-02-03T21:52:55.520Z] > git checkout -q -b UI-interface --no-track HEAD [8ms]
[2022-02-03T21:52:55.531Z] > git symbolic-ref --short HEAD [1ms]
[2022-02-03T21:52:55.536Z] > git for-each-ref --format=%(refname)%00%(upstream:short)%00%(objectname)%00%(upstream:track) refs/heads/UI-interface refs/remotes/UI-interface [1ms]
[2022-02-03T21:52:55.543Z] > git remote --verbose [1ms]
[2022-02-03T21:52:55.543Z] > git for-each-ref --sort -committerdate --format %(refname) %(objectname) %(*objectname) [4ms]
[2022-02-03T21:52:55.549Z] > git config --get commit.template [1ms]
[2022-02-03T21:52:56.610Z] > git symbolic-ref --short HEAD [1ms]
[2022-02-03T21:52:56.614Z] > git for-each-ref --format=%(refname)%00%(upstream:short)%00%(objectname)%00%(upstream:track) refs/heads/UI-interface refs/remotes/UI-interface [1ms]
[2022-02-03T21:52:56.621Z] > git remote --verbose [1ms]
[2022-02-03T21:52:56.622Z] > git for-each-ref --sort -committerdate --format %(refname) %(objectname) %(*objectname) [4ms]
[2022-02-03T21:52:56.628Z] > git config --get commit.template [1ms]
[2022-02-03T21:52:56.714Z] > git ls-files --stage -- /home/force-badname/wordle/index.html [1ms]
[2022-02-03T21:52:56.718Z] > git cat-file -s 4f4d87d875aa6f9b272d5577ff103b373b89f107 [1ms]
[2022-02-03T21:53:06.825Z] > git push -u origin UI-interface [1965ms]
[2022-02-03T21:53:06.825Z] To https://github.com/Bereketmebrahtu/wordle.git
 * [new branch]      UI-interface -> UI-interface
[2022-02-03T21:53:06.840Z] > git symbolic-ref --short HEAD [2ms]
[2022-02-03T21:53:06.845Z] > git for-each-ref --format=%(refname)%00%(upstream:short)%00%(objectname)%00%(upstream:track) refs/heads/UI-interface refs/remotes/UI-interface [1ms]
[2022-02-03T21:53:06.852Z] > git for-each-ref --sort -committerdate --format %(refname) %(objectname) %(*objectname) [4ms]
[2022-02-03T21:53:06.853Z] > git remote --verbose [2ms]
[2022-02-03T21:53:06.858Z] > git config --get commit.template [1ms]
[2022-02-03T21:53:37.324Z] > git symbolic-ref --short HEAD [1ms]
[2022-02-03T21:53:37.340Z] > git ls-files --stage -- /home/force-badname/wordle/index.html [3ms]
[2022-02-03T21:53:37.344Z] > git for-each-ref --format=%(refname)%00%(upstream:short)%00%(objectname)%00%(upstream:track) refs/heads/UI-interface refs/remotes/UI-interface [14ms]
[2022-02-03T21:53:37.353Z] > git remote --verbose [1ms]
[2022-02-03T21:53:37.353Z] > git for-each-ref --sort -committerdate --format %(refname) %(objectname) %(*objectname) [4ms]
[2022-02-03T21:53:37.355Z] > git cat-file -s 4f4d87d875aa6f9b272d5577ff103b373b89f107 [11ms]
[2022-02-03T21:53:37.366Z] > git config --get commit.template [7ms]
[2022-02-03T21:53:57.517Z] > git log --oneline --cherry UI-interface...UI-interface@{upstream} -- [1ms]
[2022-02-03T21:53:58.076Z] > git pull --tags origin UI-interface [554ms]
[2022-02-03T21:53:58.076Z] From https://github.com/Bereketmebrahtu/wordle
 * branch            UI-interface -> FETCH_HEAD
[2022-02-03T21:53:58.085Z] > git symbolic-ref --short HEAD [0ms]
[2022-02-03T21:53:58.090Z] > git for-each-ref --format=%(refname)%00%(upstream:short)%00%(objectname)%00%(upstream:track) refs/heads/UI-interface refs/remotes/UI-interface [1ms]
[2022-02-03T21:53:58.098Z] > git for-each-ref --sort -committerdate --format %(refname) %(objectname) %(*objectname) [4ms]
[2022-02-03T21:53:58.098Z] > git remote --verbose [1ms]
[2022-02-03T21:53:58.104Z] > git config --get commit.template [1ms]
[2022-02-03T21:53:59.169Z] > git symbolic-ref --short HEAD [0ms]
[2022-02-03T21:53:59.174Z] > git for-each-ref --format=%(refname)%00%(upstream:short)%00%(objectname)%00%(upstream:track) refs/heads/UI-interface refs/remotes/UI-interface [1ms]
[2022-02-03T21:53:59.181Z] > git remote --verbose [1ms]
[2022-02-03T21:53:59.182Z] > git for-each-ref --sort -committerdate --format %(refname) %(objectname) %(*objectname) [5ms]
[2022-02-03T21:53:59.191Z] > git config --get commit.template [0ms]
[2022-02-03T21:53:59.270Z] > git ls-files --stage -- /home/force-badname/wordle/index.html [1ms]
[2022-02-03T21:53:59.277Z] > git cat-file -s 4f4d87d875aa6f9b272d5577ff103b373b89f107 [1ms]
[2022-02-03T21:54:48.300Z] > git symbolic-ref --short HEAD [2ms]
[2022-02-03T21:54:48.307Z] > git for-each-ref --format=%(refname)%00%(upstream:short)%00%(objectname)%00%(upstream:track) refs/heads/UI-interface refs/remotes/UI-interface [1ms]
[2022-02-03T21:54:48.318Z] > git remote --verbose [1ms]
[2022-02-03T21:54:48.319Z] > git for-each-ref --sort -committerdate --format %(refname) %(objectname) %(*objectname) [6ms]
[2022-02-03T21:54:48.328Z] > git config --get commit.template [2ms]
