[2022-01-26 00:36:41.222] [exthost] [info] Extension host with pid 142 started
[2022-01-26 00:36:41.233] [exthost] [info] Lock '/home/force-badname/.vscode-server/data/User/workspaceStorage/cb6deba68a449237dbb10ee66a452316/vscode.lock': Lock acquired.
[2022-01-26 00:36:41.343] [exthost] [info] ExtensionService#_doActivateExtension vscode.debug-auto-launch, startup: true, activationEvent: '*'
[2022-01-26 00:36:41.367] [exthost] [info] ExtensionService#_doActivateExtension vscode.git-base, startup: true, activationEvent: '*', root cause: vscode.github
[2022-01-26 00:36:41.402] [exthost] [info] ExtensionService#_doActivateExtension vscode.git, startup: true, activationEvent: '*'
[2022-01-26 00:36:41.465] [exthost] [info] ExtensionService#_doActivateExtension vscode.github, startup: true, activationEvent: '*'
[2022-01-26 00:36:41.535] [exthost] [info] ExtensionService#_doActivateExtension vscode.emmet, startup: false, activationEvent: 'onStartupFinished'
[2022-01-26 00:36:41.552] [exthost] [info] ExtensionService#_doActivateExtension vscode.merge-conflict, startup: false, activationEvent: 'onStartupFinished'
[2022-01-26 00:36:41.556] [exthost] [info] Eager extensions activated
[2022-01-26 00:36:42.184] [exthost] [warning] [Decorations] CAPPING events from decorations provider vscode.git 6952
[2022-01-26 00:36:43.525] [exthost] [info] ExtensionService#_doActivateExtension vscode.configuration-editing, startup: false, activationEvent: 'onLanguage:jsonc'
[2022-01-26 00:36:43.555] [exthost] [info] ExtensionService#_doActivateExtension vscode.json-language-features, startup: false, activationEvent: 'onLanguage:jsonc'
[2022-01-26 00:36:43.644] [exthost] [info] ExtensionService#_doActivateExtension vscode.typescript-language-features, startup: false, activationEvent: 'onLanguage:jsonc'
[2022-01-26 00:37:49.361] [exthost] [info] ExtensionService#_doActivateExtension vscode.html-language-features, startup: false, activationEvent: 'onLanguage:html'
[2022-01-26 00:37:49.436] [exthost] [info] ExtensionService#_doActivateExtension ritwickdey.LiveServer, startup: false, activationEvent: 'onLanguage:html'
[2022-01-26 00:37:50.514] [exthost] [warning] [Decorations] CAPPING events from decorations provider vscode.git 6954
[2022-01-26 00:38:00.228] [exthost] [warning] [Decorations] CAPPING events from decorations provider vscode.git 6951
[2022-01-26 00:38:09.206] [exthost] [info] ExtensionService#_doActivateExtension vscode.css-language-features, startup: false, activationEvent: 'onLanguage:css'
[2022-01-26 00:38:10.385] [exthost] [warning] [Decorations] CAPPING events from decorations provider vscode.git 6952
[2022-01-26 00:38:19.222] [exthost] [warning] [Decorations] CAPPING events from decorations provider vscode.git 6953
[2022-01-26 00:38:40.619] [exthost] [warning] [Decorations] CAPPING events from decorations provider vscode.git 6954
[2022-01-26 00:39:03.650] [exthost] [warning] [Decorations] CAPPING events from decorations provider vscode.git 6954
[2022-01-26 00:39:08.817] [exthost] [warning] [Decorations] CAPPING events from decorations provider vscode.git 6953
[2022-01-26 00:39:13.957] [exthost] [warning] [Decorations] CAPPING events from decorations provider vscode.git 6952
[2022-01-26 00:47:31.446] [exthost] [info] extension host terminating: received terminate message from renderer
[2022-01-26 00:47:31.447] [exthost] [info] Lock '/home/force-badname/.vscode-server/data/User/workspaceStorage/cb6deba68a449237dbb10ee66a452316/vscode.lock': Marking the lockfile as scheduled to be released in 6000 ms.
[2022-01-26 00:47:31.557] [exthost] [info] Extension host with pid 142 exiting with code 0
