Validating found git in: git
Using git 2.25.1 from git
> git rev-parse --git-dir
Open repository: /home/force-badname
> git status -z -u
> git symbolic-ref --short HEAD
> git for-each-ref --format=%(refname)%00%(upstream:short)%00%(objectname)%00%(upstream:track) refs/heads/learning-area refs/remotes/learning-area
> git for-each-ref --sort -committerdate --format %(refname) %(objectname) %(*objectname)
> git remote --verbose
> git config --get commit.template
> git check-ignore -v -z --stdin
> git check-ignore -v -z --stdin
> git show --textconv :functions-callbacks-async/challenge/index.html
> git ls-files --stage -- /home/force-badname/functions-callbacks-async/challenge/index.html
> git show --textconv :functions-callbacks-async/challenge/solution.html
> git ls-files --stage -- /home/force-badname/functions-callbacks-async/challenge/solution.html
> git show --textconv :functions-callbacks-async/challenge/index.html
> git ls-files --stage -- /home/force-badname/functions-callbacks-async/challenge/index.html
> git show --textconv :functions-callbacks-async/challenge/index.html
> git ls-files --stage -- /home/force-badname/functions-callbacks-async/challenge/index.html
> git show --textconv :functions-callbacks-async/challenge/script.js
> git ls-files --stage -- /home/force-badname/functions-callbacks-async/challenge/script.js
> git check-ignore -v -z --stdin
> git status -z -u
> git symbolic-ref --short HEAD
> git for-each-ref --format=%(refname)%00%(upstream:short)%00%(objectname)%00%(upstream:track) refs/heads/learning-area refs/remotes/learning-area
> git for-each-ref --sort -committerdate --format %(refname) %(objectname) %(*objectname)
> git remote --verbose
> git config --get commit.template
> git show --textconv :functions-callbacks-async/challenge/index.html
> git ls-files --stage -- /home/force-badname/functions-callbacks-async/challenge/index.html
> git show --textconv :functions-callbacks-async/challenge/solution.html
> git ls-files --stage -- /home/force-badname/functions-callbacks-async/challenge/solution.html
> git show --textconv :functions-callbacks-async/challenge/index.html
> git ls-files --stage -- /home/force-badname/functions-callbacks-async/challenge/index.html
> git show --textconv :functions-callbacks-async/challenge/script.js
> git ls-files --stage -- /home/force-badname/functions-callbacks-async/challenge/script.js
> git show --textconv :functions-callbacks-async/challenge/index.html
> git ls-files --stage -- /home/force-badname/functions-callbacks-async/challenge/index.html
> git show --textconv :functions-callbacks-async/challenge/script.js
> git ls-files --stage -- /home/force-badname/functions-callbacks-async/challenge/script.js
> git show --textconv :functions-callbacks-async/challenge/index.html
> git ls-files --stage -- /home/force-badname/functions-callbacks-async/challenge/index.html
> git show --textconv :functions-callbacks-async/challenge/script.js
> git ls-files --stage -- /home/force-badname/functions-callbacks-async/challenge/script.js
> git status -z -u
> git symbolic-ref --short HEAD
> git for-each-ref --format=%(refname)%00%(upstream:short)%00%(objectname)%00%(upstream:track) refs/heads/learning-area refs/remotes/learning-area
> git for-each-ref --sort -committerdate --format %(refname) %(objectname) %(*objectname)
> git remote --verbose
> git config --get commit.template
> git show --textconv :functions-callbacks-async/challenge/index.html
> git ls-files --stage -- /home/force-badname/functions-callbacks-async/challenge/index.html
> git check-ignore -v -z --stdin
> git log --format=%H%n%aN%n%aE%n%at%n%ct%n%P%n%B -z -n21 -- /home/force-badname/functions-callbacks-async/challenge/index.html
> git show --textconv :functions-callbacks-async/challenge/solution.html
> git ls-files --stage -- /home/force-badname/functions-callbacks-async/challenge/solution.html
> git show --textconv :functions-callbacks-async/challenge/index.html
> git ls-files --stage -- /home/force-badname/functions-callbacks-async/challenge/index.html
> git log --format=%H%n%aN%n%aE%n%at%n%ct%n%P%n%B -z -n21 -- /home/force-badname/functions-callbacks-async/challenge/index.html
> git show --textconv :functions-callbacks-async/challenge/solution.html
> git ls-files --stage -- /home/force-badname/functions-callbacks-async/challenge/solution.html
> git status -z -u
> git symbolic-ref --short HEAD
> git for-each-ref --format=%(refname)%00%(upstream:short)%00%(objectname)%00%(upstream:track) refs/heads/learning-area refs/remotes/learning-area
> git for-each-ref --sort -committerdate --format %(refname) %(objectname) %(*objectname)
> git remote --verbose
> git config --get commit.template
> git show --textconv :functions-callbacks-async/challenge/index.html
> git ls-files --stage -- /home/force-badname/functions-callbacks-async/challenge/index.html
> git show --textconv :functions-callbacks-async/challenge/solution.html
> git ls-files --stage -- /home/force-badname/functions-callbacks-async/challenge/solution.html
> git show --textconv :functions-callbacks-async/challenge/index.html
> git ls-files --stage -- /home/force-badname/functions-callbacks-async/challenge/index.html
> git show --textconv :functions-callbacks-async/challenge/solution.html
> git ls-files --stage -- /home/force-badname/functions-callbacks-async/challenge/solution.html
> git show --textconv :functions-callbacks-async/challenge/index.html
> git ls-files --stage -- /home/force-badname/functions-callbacks-async/challenge/index.html
> git show --textconv :functions-callbacks-async/challenge/solution.html
> git ls-files --stage -- /home/force-badname/functions-callbacks-async/challenge/solution.html
> git show --textconv :functions-callbacks-async/challenge/index.html
> git ls-files --stage -- /home/force-badname/functions-callbacks-async/challenge/index.html
> git show --textconv :functions-callbacks-async/challenge/solution.html
> git ls-files --stage -- /home/force-badname/functions-callbacks-async/challenge/solution.html
> git show --textconv :functions-callbacks-async/challenge/index.html
> git ls-files --stage -- /home/force-badname/functions-callbacks-async/challenge/index.html
> git show --textconv :functions-callbacks-async/challenge/solution.html
> git ls-files --stage -- /home/force-badname/functions-callbacks-async/challenge/solution.html
> git show --textconv :functions-callbacks-async/challenge/index.html
> git ls-files --stage -- /home/force-badname/functions-callbacks-async/challenge/index.html
> git show --textconv :functions-callbacks-async/challenge/solution.html
> git ls-files --stage -- /home/force-badname/functions-callbacks-async/challenge/solution.html
> git show --textconv :functions-callbacks-async/challenge/index.html
> git ls-files --stage -- /home/force-badname/functions-callbacks-async/challenge/index.html
> git show --textconv :functions-callbacks-async/challenge/solution.html
> git ls-files --stage -- /home/force-badname/functions-callbacks-async/challenge/solution.html
> git show --textconv :functions-callbacks-async/challenge/index.html
> git ls-files --stage -- /home/force-badname/functions-callbacks-async/challenge/index.html
> git show --textconv :functions-callbacks-async/challenge/solution.html
> git ls-files --stage -- /home/force-badname/functions-callbacks-async/challenge/solution.html
> git show --textconv :functions-callbacks-async/challenge/index.html
> git ls-files --stage -- /home/force-badname/functions-callbacks-async/challenge/index.html
> git show --textconv :functions-callbacks-async/challenge/solution.html
> git ls-files --stage -- /home/force-badname/functions-callbacks-async/challenge/solution.html
> git show --textconv :functions-callbacks-async/challenge/index.html
> git ls-files --stage -- /home/force-badname/functions-callbacks-async/challenge/index.html
> git show --textconv :functions-callbacks-async/challenge/solution.html
> git ls-files --stage -- /home/force-badname/functions-callbacks-async/challenge/solution.html
> git show --textconv :functions-callbacks-async/challenge/index.html
> git ls-files --stage -- /home/force-badname/functions-callbacks-async/challenge/index.html
> git show --textconv :functions-callbacks-async/challenge/solution.html
> git ls-files --stage -- /home/force-badname/functions-callbacks-async/challenge/solution.html
> git show --textconv :functions-callbacks-async/challenge/index.html
> git ls-files --stage -- /home/force-badname/functions-callbacks-async/challenge/index.html
> git show --textconv :functions-callbacks-async/challenge/solution.html
> git ls-files --stage -- /home/force-badname/functions-callbacks-async/challenge/solution.html
> git show --textconv :functions-callbacks-async/challenge/index.html
> git ls-files --stage -- /home/force-badname/functions-callbacks-async/challenge/index.html
> git show --textconv :functions-callbacks-async/challenge/solution.html
> git ls-files --stage -- /home/force-badname/functions-callbacks-async/challenge/solution.html
> git show --textconv :functions-callbacks-async/challenge/index.html
> git ls-files --stage -- /home/force-badname/functions-callbacks-async/challenge/index.html
> git show --textconv :functions-callbacks-async/challenge/solution.html
> git ls-files --stage -- /home/force-badname/functions-callbacks-async/challenge/solution.html
> git show --textconv :functions-callbacks-async/challenge/index.html
> git ls-files --stage -- /home/force-badname/functions-callbacks-async/challenge/index.html
> git show --textconv :functions-callbacks-async/challenge/solution.html
> git ls-files --stage -- /home/force-badname/functions-callbacks-async/challenge/solution.html
> git show --textconv :functions-callbacks-async/challenge/index.html
> git ls-files --stage -- /home/force-badname/functions-callbacks-async/challenge/index.html
> git show --textconv :functions-callbacks-async/challenge/solution.html
> git ls-files --stage -- /home/force-badname/functions-callbacks-async/challenge/solution.html
> git show --textconv :functions-callbacks-async/challenge/index.html
> git ls-files --stage -- /home/force-badname/functions-callbacks-async/challenge/index.html
> git status -z -u
> git symbolic-ref --short HEAD
> git for-each-ref --format=%(refname)%00%(upstream:short)%00%(objectname)%00%(upstream:track) refs/heads/learning-area refs/remotes/learning-area
> git for-each-ref --sort -committerdate --format %(refname) %(objectname) %(*objectname)
> git remote --verbose
> git config --get commit.template
> git status -z -u
> git symbolic-ref --short HEAD
> git for-each-ref --format=%(refname)%00%(upstream:short)%00%(objectname)%00%(upstream:track) refs/heads/learning-area refs/remotes/learning-area
> git for-each-ref --sort -committerdate --format %(refname) %(objectname) %(*objectname)
> git remote --verbose
> git config --get commit.template
