Validating found git in: git
Using git 2.25.1 from git
> git rev-parse --git-dir
Open repository: /home/force-badname/Bereketmebrahtu
> git status -z -u
> git symbolic-ref --short HEAD
> git for-each-ref --format=%(refname)%00%(upstream:short)%00%(objectname)%00%(upstream:track) refs/heads/main refs/remotes/main
> git for-each-ref --sort -committerdate --format %(refname) %(objectname) %(*objectname)
> git remote --verbose
Warning: Failed to watch ref '/home/force-badname/Bereketmebrahtu/.git/refs/remotes/origin/main', is most likely packed.
> git config --get commit.template
> git check-ignore -v -z --stdin
> git show --textconv :README.md
> git ls-files --stage -- /home/force-badname/Bereketmebrahtu/README.md
> git cat-file -s 3b65526c6c2975c5ec329bf4d4a1237b39e67d12
> git status -z -u
> git symbolic-ref --short HEAD
> git for-each-ref --format=%(refname)%00%(upstream:short)%00%(objectname)%00%(upstream:track) refs/heads/main refs/remotes/main
> git for-each-ref --sort -committerdate --format %(refname) %(objectname) %(*objectname)
> git remote --verbose
Warning: Failed to watch ref '/home/force-badname/Bereketmebrahtu/.git/refs/remotes/origin/main', is most likely packed.
> git config --get commit.template
> git status -z -u
> git symbolic-ref --short HEAD
> git for-each-ref --format=%(refname)%00%(upstream:short)%00%(objectname)%00%(upstream:track) refs/heads/main refs/remotes/main
> git for-each-ref --sort -committerdate --format %(refname) %(objectname) %(*objectname)
> git remote --verbose
Warning: Failed to watch ref '/home/force-badname/Bereketmebrahtu/.git/refs/remotes/origin/main', is most likely packed.
> git config --get commit.template
git.stage 1
git.stage.scmResources 1
> git add -A -- /home/force-badname/Bereketmebrahtu/README.md
> git status -z -u
> git symbolic-ref --short HEAD
> git for-each-ref --format=%(refname)%00%(upstream:short)%00%(objectname)%00%(upstream:track) refs/heads/main refs/remotes/main
> git for-each-ref --sort -committerdate --format %(refname) %(objectname) %(*objectname)
> git remote --verbose
Warning: Failed to watch ref '/home/force-badname/Bereketmebrahtu/.git/refs/remotes/origin/main', is most likely packed.
> git config --get commit.template
> git ls-files --stage -- /home/force-badname/Bereketmebrahtu/README.md
> git cat-file -s f4cc62e3d75db6ad447db99bd77d6853be492197
> git show --textconv :README.md
> git status -z -u
> git symbolic-ref --short HEAD
> git for-each-ref --format=%(refname)%00%(upstream:short)%00%(objectname)%00%(upstream:track) refs/heads/main refs/remotes/main
> git for-each-ref --sort -committerdate --format %(refname) %(objectname) %(*objectname)
> git remote --verbose
Warning: Failed to watch ref '/home/force-badname/Bereketmebrahtu/.git/refs/remotes/origin/main', is most likely packed.
> git config --get commit.template
> git add -A -- /home/force-badname/Bereketmebrahtu/README.md
> git status -z -u
> git symbolic-ref --short HEAD
> git for-each-ref --format=%(refname)%00%(upstream:short)%00%(objectname)%00%(upstream:track) refs/heads/main refs/remotes/main
> git for-each-ref --sort -committerdate --format %(refname) %(objectname) %(*objectname)
> git remote --verbose
Warning: Failed to watch ref '/home/force-badname/Bereketmebrahtu/.git/refs/remotes/origin/main', is most likely packed.
> git config --get commit.template
> git ls-files --stage -- /home/force-badname/Bereketmebrahtu/README.md
> git cat-file -s 7b94b87afa68eab6ed9e198f0027550bf7b2ace1
> git show --textconv :README.md
> git status -z -u
> git symbolic-ref --short HEAD
> git for-each-ref --format=%(refname)%00%(upstream:short)%00%(objectname)%00%(upstream:track) refs/heads/main refs/remotes/main
> git for-each-ref --sort -committerdate --format %(refname) %(objectname) %(*objectname)
> git remote --verbose
Warning: Failed to watch ref '/home/force-badname/Bereketmebrahtu/.git/refs/remotes/origin/main', is most likely packed.
> git config --get commit.template
> git status -z -u
> git symbolic-ref --short HEAD
> git for-each-ref --format=%(refname)%00%(upstream:short)%00%(objectname)%00%(upstream:track) refs/heads/main refs/remotes/main
> git for-each-ref --sort -committerdate --format %(refname) %(objectname) %(*objectname)
> git remote --verbose
Warning: Failed to watch ref '/home/force-badname/Bereketmebrahtu/.git/refs/remotes/origin/main', is most likely packed.
> git config --get commit.template
> git -c user.useConfigOnly=true commit --quiet --allow-empty-message --file -
> git status -z -u
> git symbolic-ref --short HEAD
> git for-each-ref --format=%(refname)%00%(upstream:short)%00%(objectname)%00%(upstream:track) refs/heads/main refs/remotes/main
> git for-each-ref --sort -committerdate --format %(refname) %(objectname) %(*objectname)
> git remote --verbose
Warning: Failed to watch ref '/home/force-badname/Bereketmebrahtu/.git/refs/remotes/origin/main', is most likely packed.
> git config --get commit.template
> git ls-files --stage -- /home/force-badname/Bereketmebrahtu/README.md
> git cat-file -s 7b94b87afa68eab6ed9e198f0027550bf7b2ace1
> git show --textconv :README.md
> git status -z -u
> git log --oneline --cherry main...main@{upstream} --
> git symbolic-ref --short HEAD
> git for-each-ref --format=%(refname)%00%(upstream:short)%00%(objectname)%00%(upstream:track) refs/heads/main refs/remotes/main
> git pull --tags origin main
> git for-each-ref --sort -committerdate --format %(refname) %(objectname) %(*objectname)
> git remote --verbose
Warning: Failed to watch ref '/home/force-badname/Bereketmebrahtu/.git/refs/remotes/origin/main', is most likely packed.
> git config --get commit.template
From https://github.com/Bereketmebrahtu/Bereketmebrahtu
 * branch            main       -> FETCH_HEAD
> git push origin main:main
> git ls-files --stage -- /home/force-badname/Bereketmebrahtu/README.md
> git cat-file -s 7b94b87afa68eab6ed9e198f0027550bf7b2ace1
> git show --textconv :README.md
To https://github.com/Bereketmebrahtu/Bereketmebrahtu.git
   4f0331b..01afc88  main -> main
> git status -z -u
> git symbolic-ref --short HEAD
> git for-each-ref --format=%(refname)%00%(upstream:short)%00%(objectname)%00%(upstream:track) refs/heads/main refs/remotes/main
> git for-each-ref --sort -committerdate --format %(refname) %(objectname) %(*objectname)
> git remote --verbose
> git config --get commit.template
> git status -z -u
> git symbolic-ref --short HEAD
> git for-each-ref --format=%(refname)%00%(upstream:short)%00%(objectname)%00%(upstream:track) refs/heads/main refs/remotes/main
> git for-each-ref --sort -committerdate --format %(refname) %(objectname) %(*objectname)
> git remote --verbose
> git config --get commit.template
> git status -z -u
> git symbolic-ref --short HEAD
> git for-each-ref --format=%(refname)%00%(upstream:short)%00%(objectname)%00%(upstream:track) refs/heads/main refs/remotes/main
> git for-each-ref --sort -committerdate --format %(refname) %(objectname) %(*objectname)
> git remote --verbose
> git config --get commit.template
> git log --oneline --cherry main...main@{upstream} --
> git pull --tags origin main
From https://github.com/Bereketmebrahtu/Bereketmebrahtu
 * branch            main       -> FETCH_HEAD
> git status -z -u
> git symbolic-ref --short HEAD
> git for-each-ref --format=%(refname)%00%(upstream:short)%00%(objectname)%00%(upstream:track) refs/heads/main refs/remotes/main
> git for-each-ref --sort -committerdate --format %(refname) %(objectname) %(*objectname)
> git remote --verbose
> git config --get commit.template
> git ls-files --stage -- /home/force-badname/Bereketmebrahtu/README.md
> git cat-file -s 7b94b87afa68eab6ed9e198f0027550bf7b2ace1
> git show --textconv :README.md
> git status -z -u
> git symbolic-ref --short HEAD
> git for-each-ref --format=%(refname)%00%(upstream:short)%00%(objectname)%00%(upstream:track) refs/heads/main refs/remotes/main
> git for-each-ref --sort -committerdate --format %(refname) %(objectname) %(*objectname)
> git remote --verbose
> git config --get commit.template
> git status -z -u
> git symbolic-ref --short HEAD
> git for-each-ref --format=%(refname)%00%(upstream:short)%00%(objectname)%00%(upstream:track) refs/heads/main refs/remotes/main
> git for-each-ref --sort -committerdate --format %(refname) %(objectname) %(*objectname)
> git remote --verbose
> git config --get commit.template
> git log --oneline --cherry main...main@{upstream} --
> git pull --tags origin main
From https://github.com/Bereketmebrahtu/Bereketmebrahtu
 * branch            main       -> FETCH_HEAD
> git status -z -u
> git symbolic-ref --short HEAD
> git for-each-ref --format=%(refname)%00%(upstream:short)%00%(objectname)%00%(upstream:track) refs/heads/main refs/remotes/main
> git for-each-ref --sort -committerdate --format %(refname) %(objectname) %(*objectname)
> git remote --verbose
> git config --get commit.template
> git ls-files --stage -- /home/force-badname/Bereketmebrahtu/README.md
> git cat-file -s 7b94b87afa68eab6ed9e198f0027550bf7b2ace1
> git show --textconv :README.md
> git status -z -u
> git symbolic-ref --short HEAD
> git for-each-ref --format=%(refname)%00%(upstream:short)%00%(objectname)%00%(upstream:track) refs/heads/main refs/remotes/main
> git for-each-ref --sort -committerdate --format %(refname) %(objectname) %(*objectname)
> git remote --verbose
> git config --get commit.template
git.stage 1
git.stage.scmResources 1
> git add -A -- /home/force-badname/Bereketmebrahtu/README.md
> git status -z -u
> git symbolic-ref --short HEAD
> git for-each-ref --format=%(refname)%00%(upstream:short)%00%(objectname)%00%(upstream:track) refs/heads/main refs/remotes/main
> git for-each-ref --sort -committerdate --format %(refname) %(objectname) %(*objectname)
> git remote --verbose
> git config --get commit.template
> git ls-files --stage -- /home/force-badname/Bereketmebrahtu/README.md
> git cat-file -s 6cd907c95fd765d7773ae0fd541aca5051dd6a81
> git show --textconv :README.md
> git status -z -u
> git symbolic-ref --short HEAD
> git for-each-ref --format=%(refname)%00%(upstream:short)%00%(objectname)%00%(upstream:track) refs/heads/main refs/remotes/main
> git for-each-ref --sort -committerdate --format %(refname) %(objectname) %(*objectname)
> git remote --verbose
> git config --get commit.template
> git log --oneline --cherry main...main@{upstream} --
> git pull --tags origin main
From https://github.com/Bereketmebrahtu/Bereketmebrahtu
 * branch            main       -> FETCH_HEAD
> git status -z -u
> git symbolic-ref --short HEAD
> git for-each-ref --format=%(refname)%00%(upstream:short)%00%(objectname)%00%(upstream:track) refs/heads/main refs/remotes/main
> git for-each-ref --sort -committerdate --format %(refname) %(objectname) %(*objectname)
> git remote --verbose
> git config --get commit.template
> git ls-files --stage -- /home/force-badname/Bereketmebrahtu/README.md
> git cat-file -s 6cd907c95fd765d7773ae0fd541aca5051dd6a81
> git show --textconv :README.md
> git status -z -u
> git symbolic-ref --short HEAD
> git for-each-ref --format=%(refname)%00%(upstream:short)%00%(objectname)%00%(upstream:track) refs/heads/main refs/remotes/main
> git for-each-ref --sort -committerdate --format %(refname) %(objectname) %(*objectname)
> git remote --verbose
> git config --get commit.template
> git status -z -u
> git symbolic-ref --short HEAD
> git for-each-ref --format=%(refname)%00%(upstream:short)%00%(objectname)%00%(upstream:track) refs/heads/main refs/remotes/main
> git for-each-ref --sort -committerdate --format %(refname) %(objectname) %(*objectname)
> git remote --verbose
> git config --get commit.template
> git log --oneline --cherry main...main@{upstream} --
> git pull --tags origin main
From https://github.com/Bereketmebrahtu/Bereketmebrahtu
 * branch            main       -> FETCH_HEAD
   01afc88..b3a823c  main       -> origin/main
error: Your local changes to the following files would be overwritten by merge:
	README.md
Please commit your changes or stash them before you merge.
Aborting
> git ls-files --stage -- /home/force-badname/Bereketmebrahtu/README.md
> git cat-file -s 6cd907c95fd765d7773ae0fd541aca5051dd6a81
> git show --textconv :README.md
> git status -z -u
> git symbolic-ref --short HEAD
> git for-each-ref --format=%(refname)%00%(upstream:short)%00%(objectname)%00%(upstream:track) refs/heads/main refs/remotes/main
> git for-each-ref --sort -committerdate --format %(refname) %(objectname) %(*objectname)
> git remote --verbose
> git config --get commit.template
git.stage 1
git.stage.scmResources 1
> git add -A -- /home/force-badname/Bereketmebrahtu/README.md
> git status -z -u
> git symbolic-ref --short HEAD
> git for-each-ref --format=%(refname)%00%(upstream:short)%00%(objectname)%00%(upstream:track) refs/heads/main refs/remotes/main
> git for-each-ref --sort -committerdate --format %(refname) %(objectname) %(*objectname)
> git remote --verbose
> git config --get commit.template
> git ls-files --stage -- /home/force-badname/Bereketmebrahtu/README.md
> git cat-file -s 0fd9df06bb861ef19d71e2802fe183e858a6d96c
> git show --textconv :README.md
> git status -z -u
> git symbolic-ref --short HEAD
> git for-each-ref --format=%(refname)%00%(upstream:short)%00%(objectname)%00%(upstream:track) refs/heads/main refs/remotes/main
> git for-each-ref --sort -committerdate --format %(refname) %(objectname) %(*objectname)
> git remote --verbose
> git config --get commit.template
> git log --oneline --cherry main...main@{upstream} --
> git pull --tags origin main
From https://github.com/Bereketmebrahtu/Bereketmebrahtu
 * branch            main       -> FETCH_HEAD
error: Your local changes to the following files would be overwritten by merge:
	README.md
Please commit your changes or stash them before you merge.
Aborting
> git ls-files --stage -- /home/force-badname/Bereketmebrahtu/README.md
> git cat-file -s 0fd9df06bb861ef19d71e2802fe183e858a6d96c
> git show --textconv :README.md
> git status -z -u
> git symbolic-ref --short HEAD
> git for-each-ref --format=%(refname)%00%(upstream:short)%00%(objectname)%00%(upstream:track) refs/heads/main refs/remotes/main
> git for-each-ref --sort -committerdate --format %(refname) %(objectname) %(*objectname)
> git remote --verbose
> git config --get commit.template
> git add -A -- /home/force-badname/Bereketmebrahtu/README.md
> git status -z -u
> git symbolic-ref --short HEAD
> git for-each-ref --format=%(refname)%00%(upstream:short)%00%(objectname)%00%(upstream:track) refs/heads/main refs/remotes/main
> git for-each-ref --sort -committerdate --format %(refname) %(objectname) %(*objectname)
> git remote --verbose
> git config --get commit.template
> git status -z -u
> git symbolic-ref --short HEAD
> git for-each-ref --format=%(refname)%00%(upstream:short)%00%(objectname)%00%(upstream:track) refs/heads/main refs/remotes/main
> git for-each-ref --sort -committerdate --format %(refname) %(objectname) %(*objectname)
> git remote --verbose
> git ls-files --stage -- /home/force-badname/Bereketmebrahtu/README.md
> git config --get commit.template
> git cat-file -s 1a00565217d5ecb01c065aa8795d4b7ccbc88544
> git show --textconv :README.md
> git -c user.useConfigOnly=true commit --quiet --allow-empty-message --file -
> git status -z -u
> git symbolic-ref --short HEAD
> git for-each-ref --format=%(refname)%00%(upstream:short)%00%(objectname)%00%(upstream:track) refs/heads/main refs/remotes/main
> git for-each-ref --sort -committerdate --format %(refname) %(objectname) %(*objectname)
> git remote --verbose
> git config --get commit.template
> git ls-files --stage -- /home/force-badname/Bereketmebrahtu/README.md
> git cat-file -s 1a00565217d5ecb01c065aa8795d4b7ccbc88544
> git show --textconv :README.md
> git status -z -u
> git symbolic-ref --short HEAD
> git log --oneline --cherry main...main@{upstream} --
> git for-each-ref --format=%(refname)%00%(upstream:short)%00%(objectname)%00%(upstream:track) refs/heads/main refs/remotes/main
> git pull --tags origin main
> git for-each-ref --sort -committerdate --format %(refname) %(objectname) %(*objectname)
> git remote --verbose
> git config --get commit.template
From https://github.com/Bereketmebrahtu/Bereketmebrahtu
 * branch            main       -> FETCH_HEAD
> git ls-files --stage -- /home/force-badname/Bereketmebrahtu/README.md
> git cat-file -s 7b94b87afa68eab6ed9e198f0027550bf7b2ace1
> git show --textconv :README.md
> git status -z -u
> git symbolic-ref --short HEAD
> git for-each-ref --format=%(refname)%00%(upstream:short)%00%(objectname)%00%(upstream:track) refs/heads/main refs/remotes/main
> git for-each-ref --sort -committerdate --format %(refname) %(objectname) %(*objectname)
> git remote --verbose
> git log --oneline --cherry main...main@{upstream} --
> git pull --tags origin main
error: Pulling is not possible because you have unmerged files.
hint: Fix them up in the work tree, and then use 'git add/rm <file>'
hint: as appropriate to mark resolution and make a commit.
fatal: Exiting because of an unresolved conflict.
> git add -A -- /home/force-badname/Bereketmebrahtu/README.md
> git status -z -u
> git symbolic-ref --short HEAD
> git for-each-ref --format=%(refname)%00%(upstream:short)%00%(objectname)%00%(upstream:track) refs/heads/main refs/remotes/main
> git for-each-ref --sort -committerdate --format %(refname) %(objectname) %(*objectname)
> git remote --verbose
> git ls-files --stage -- /home/force-badname/Bereketmebrahtu/README.md
> git cat-file -s bfbc715bde39b2bf653a10e92f2f927163387a98
> git show --textconv :README.md
> git status -z -u
> git symbolic-ref --short HEAD
> git for-each-ref --format=%(refname)%00%(upstream:short)%00%(objectname)%00%(upstream:track) refs/heads/main refs/remotes/main
> git for-each-ref --sort -committerdate --format %(refname) %(objectname) %(*objectname)
> git remote --verbose
> git -c user.useConfigOnly=true commit --quiet --allow-empty-message --file -
> git status -z -u
> git symbolic-ref --short HEAD
> git for-each-ref --format=%(refname)%00%(upstream:short)%00%(objectname)%00%(upstream:track) refs/heads/main refs/remotes/main
> git for-each-ref --sort -committerdate --format %(refname) %(objectname) %(*objectname)
> git remote --verbose
> git config --get commit.template
> git config --get commit.template
> git ls-files --stage -- /home/force-badname/Bereketmebrahtu/README.md
> git cat-file -s bfbc715bde39b2bf653a10e92f2f927163387a98
> git show --textconv :README.md
> git status -z -u
> git symbolic-ref --short HEAD
> git log --oneline --cherry main...main@{upstream} --
> git for-each-ref --format=%(refname)%00%(upstream:short)%00%(objectname)%00%(upstream:track) refs/heads/main refs/remotes/main
> git pull --tags origin main
> git for-each-ref --sort -committerdate --format %(refname) %(objectname) %(*objectname)
> git remote --verbose
> git config --get commit.template
From https://github.com/Bereketmebrahtu/Bereketmebrahtu
 * branch            main       -> FETCH_HEAD
> git push origin main:main
> git ls-files --stage -- /home/force-badname/Bereketmebrahtu/README.md
> git cat-file -s bfbc715bde39b2bf653a10e92f2f927163387a98
> git show --textconv :README.md
To https://github.com/Bereketmebrahtu/Bereketmebrahtu.git
   b3a823c..d8c5277  main -> main
> git status -z -u
> git symbolic-ref --short HEAD
> git for-each-ref --format=%(refname)%00%(upstream:short)%00%(objectname)%00%(upstream:track) refs/heads/main refs/remotes/main
> git for-each-ref --sort -committerdate --format %(refname) %(objectname) %(*objectname)
> git remote --verbose
> git config --get commit.template
> git ls-files --stage -- /home/force-badname/Bereketmebrahtu/README.md
> git cat-file -s bfbc715bde39b2bf653a10e92f2f927163387a98
> git show --textconv :README.md
> git status -z -u
> git symbolic-ref --short HEAD
> git for-each-ref --format=%(refname)%00%(upstream:short)%00%(objectname)%00%(upstream:track) refs/heads/main refs/remotes/main
> git for-each-ref --sort -committerdate --format %(refname) %(objectname) %(*objectname)
> git remote --verbose
> git config --get commit.template
> git add -A -- /home/force-badname/Bereketmebrahtu/README.md
> git status -z -u
> git symbolic-ref --short HEAD
> git for-each-ref --format=%(refname)%00%(upstream:short)%00%(objectname)%00%(upstream:track) refs/heads/main refs/remotes/main
> git for-each-ref --sort -committerdate --format %(refname) %(objectname) %(*objectname)
> git remote --verbose
> git config --get commit.template
> git status -z -u
> git symbolic-ref --short HEAD
> git ls-files --stage -- /home/force-badname/Bereketmebrahtu/README.md
> git for-each-ref --format=%(refname)%00%(upstream:short)%00%(objectname)%00%(upstream:track) refs/heads/main refs/remotes/main
> git cat-file -s e0dba1398acdcad336741ce943751751b3fa8fb1
> git for-each-ref --sort -committerdate --format %(refname) %(objectname) %(*objectname)
> git remote --verbose
> git config --get commit.template
> git show --textconv :README.md
> git log --oneline --cherry main...main@{upstream} --
> git pull --tags origin main
From https://github.com/Bereketmebrahtu/Bereketmebrahtu
 * branch            main       -> FETCH_HEAD
   d8c5277..65bcece  main       -> origin/main
error: Your local changes to the following files would be overwritten by merge:
	README.md
Please commit your changes or stash them before you merge.
Aborting
> git ls-files --stage -- /home/force-badname/Bereketmebrahtu/README.md
> git cat-file -s e0dba1398acdcad336741ce943751751b3fa8fb1
> git show --textconv :README.md
> git status -z -u
> git symbolic-ref --short HEAD
> git for-each-ref --format=%(refname)%00%(upstream:short)%00%(objectname)%00%(upstream:track) refs/heads/main refs/remotes/main
> git for-each-ref --sort -committerdate --format %(refname) %(objectname) %(*objectname)
> git remote --verbose
> git config --get commit.template
> git log --oneline --cherry main...main@{upstream} --
> git pull --tags origin main
From https://github.com/Bereketmebrahtu/Bereketmebrahtu
 * branch            main       -> FETCH_HEAD
error: Your local changes to the following files would be overwritten by merge:
	README.md
Please commit your changes or stash them before you merge.
Aborting
> git ls-files --stage -- /home/force-badname/Bereketmebrahtu/README.md
> git cat-file -s e0dba1398acdcad336741ce943751751b3fa8fb1
> git show --textconv :README.md
> git status -z -u
> git symbolic-ref --short HEAD
> git for-each-ref --format=%(refname)%00%(upstream:short)%00%(objectname)%00%(upstream:track) refs/heads/main refs/remotes/main
> git for-each-ref --sort -committerdate --format %(refname) %(objectname) %(*objectname)
> git remote --verbose
> git config --get commit.template
> git log --oneline --cherry main...main@{upstream} --
> git pull --tags origin main
From https://github.com/Bereketmebrahtu/Bereketmebrahtu
 * branch            main       -> FETCH_HEAD
error: Your local changes to the following files would be overwritten by merge:
	README.md
Please commit your changes or stash them before you merge.
Aborting
> git ls-files --stage -- /home/force-badname/Bereketmebrahtu/README.md
> git cat-file -s e0dba1398acdcad336741ce943751751b3fa8fb1
> git show --textconv :README.md
> git status -z -u
> git symbolic-ref --short HEAD
> git for-each-ref --format=%(refname)%00%(upstream:short)%00%(objectname)%00%(upstream:track) refs/heads/main refs/remotes/main
> git for-each-ref --sort -committerdate --format %(refname) %(objectname) %(*objectname)
> git remote --verbose
> git config --get commit.template
> git status -z -u
> git symbolic-ref --short HEAD
> git for-each-ref --format=%(refname)%00%(upstream:short)%00%(objectname)%00%(upstream:track) refs/heads/main refs/remotes/main
> git for-each-ref --sort -committerdate --format %(refname) %(objectname) %(*objectname)
> git remote --verbose
> git config --get commit.template
> git log --oneline --cherry main...main@{upstream} --
> git pull --tags origin main
From https://github.com/Bereketmebrahtu/Bereketmebrahtu
 * branch            main       -> FETCH_HEAD
error: Your local changes to the following files would be overwritten by merge:
	README.md
Please commit your changes or stash them before you merge.
Aborting
> git ls-files --stage -- /home/force-badname/Bereketmebrahtu/README.md
> git cat-file -s e0dba1398acdcad336741ce943751751b3fa8fb1
> git show --textconv :README.md
> git status -z -u
> git symbolic-ref --short HEAD
> git for-each-ref --format=%(refname)%00%(upstream:short)%00%(objectname)%00%(upstream:track) refs/heads/main refs/remotes/main
> git for-each-ref --sort -committerdate --format %(refname) %(objectname) %(*objectname)
> git remote --verbose
> git config --get commit.template
> git log --oneline --cherry main...main@{upstream} --
> git pull --tags origin main
From https://github.com/Bereketmebrahtu/Bereketmebrahtu
 * branch            main       -> FETCH_HEAD
error: Your local changes to the following files would be overwritten by merge:
	README.md
Please commit your changes or stash them before you merge.
Aborting
> git ls-files --stage -- /home/force-badname/Bereketmebrahtu/README.md
> git cat-file -s e0dba1398acdcad336741ce943751751b3fa8fb1
> git show --textconv :README.md
> git status -z -u
> git symbolic-ref --short HEAD
> git for-each-ref --format=%(refname)%00%(upstream:short)%00%(objectname)%00%(upstream:track) refs/heads/main refs/remotes/main
> git for-each-ref --sort -committerdate --format %(refname) %(objectname) %(*objectname)
> git remote --verbose
> git config --get commit.template
> git log --oneline --cherry main...main@{upstream} --
> git pull --tags origin main
From https://github.com/Bereketmebrahtu/Bereketmebrahtu
 * branch            main       -> FETCH_HEAD
error: Your local changes to the following files would be overwritten by merge:
	README.md
Please commit your changes or stash them before you merge.
Aborting
> git status -z -u
> git symbolic-ref --short HEAD
> git for-each-ref --format=%(refname)%00%(upstream:short)%00%(objectname)%00%(upstream:track) refs/heads/main refs/remotes/main
> git for-each-ref --sort -committerdate --format %(refname) %(objectname) %(*objectname)
> git remote --verbose
> git config --get commit.template
> git show --textconv :README.md
> git ls-files --stage -- /home/force-badname/Bereketmebrahtu/README.md
> git cat-file -s e0dba1398acdcad336741ce943751751b3fa8fb1
> git status -z -u
> git symbolic-ref --short HEAD
> git for-each-ref --format=%(refname)%00%(upstream:short)%00%(objectname)%00%(upstream:track) refs/heads/main refs/remotes/main
> git for-each-ref --sort -committerdate --format %(refname) %(objectname) %(*objectname)
> git remote --verbose
> git config --get commit.template
