[2022-01-26 16:37:44.326] [exthost] [info] Extension host with pid 1149 started
[2022-01-26 16:37:44.338] [exthost] [info] Lock '/home/force-badname/.vscode-server/data/User/workspaceStorage/91d752cb256b493a191741175ab48973/vscode.lock': Lock acquired.
[2022-01-26 16:37:44.387] [exthost] [info] ExtensionService#_doActivateExtension vscode.html-language-features, startup: false, activationEvent: 'onLanguage:html'
[2022-01-26 16:37:44.465] [exthost] [info] ExtensionService#_doActivateExtension ritwickdey.LiveServer, startup: false, activationEvent: 'onLanguage:html'
[2022-01-26 16:37:44.571] [exthost] [info] ExtensionService#_doActivateExtension vscode.debug-auto-launch, startup: true, activationEvent: '*'
[2022-01-26 16:37:44.574] [exthost] [info] ExtensionService#_doActivateExtension vscode.git-base, startup: true, activationEvent: '*', root cause: vscode.github
[2022-01-26 16:37:44.629] [exthost] [info] ExtensionService#_doActivateExtension vscode.git, startup: true, activationEvent: '*'
[2022-01-26 16:37:44.693] [exthost] [info] ExtensionService#_doActivateExtension vscode.github, startup: true, activationEvent: '*'
[2022-01-26 16:37:44.776] [exthost] [info] ExtensionService#_doActivateExtension vscode.emmet, startup: false, activationEvent: 'onStartupFinished'
[2022-01-26 16:37:44.794] [exthost] [info] ExtensionService#_doActivateExtension vscode.merge-conflict, startup: false, activationEvent: 'onStartupFinished'
[2022-01-26 16:37:44.797] [exthost] [info] Eager extensions activated
[2022-01-26 16:37:45.223] [exthost] [info] ExtensionService#_doActivateExtension vscode.configuration-editing, startup: false, activationEvent: 'onLanguage:jsonc'
[2022-01-26 16:37:45.230] [exthost] [info] ExtensionService#_doActivateExtension vscode.json-language-features, startup: false, activationEvent: 'onLanguage:jsonc'
[2022-01-26 16:37:45.310] [exthost] [info] ExtensionService#_doActivateExtension vscode.typescript-language-features, startup: false, activationEvent: 'onLanguage:jsonc'
[2022-01-26 16:37:45.417] [exthost] [error] {"message":"Git error","stdout":"","stderr":"fatal: Pathspec '/home/force-badname/User-Stories/User-Stories/User-Stories/index.html' is in submodule 'User-Stories'\n","exitCode":128,"gitErrorCode":"IsInSubmodule"}
[2022-01-26 16:37:45.417] [exthost] [error] {"message":"Git error","stdout":"","stderr":"fatal: Pathspec '/home/force-badname/User-Stories/User-Stories/User-Stories/index.html' is in submodule 'User-Stories'\n","exitCode":128,"gitErrorCode":"IsInSubmodule"}
[2022-01-26 16:37:45.417] [exthost] [error] {"message":"Git error","stdout":"","stderr":"fatal: Pathspec '/home/force-badname/User-Stories/User-Stories/User-Stories/index.html' is in submodule 'User-Stories'\n","exitCode":128,"gitErrorCode":"IsInSubmodule"}
[2022-01-26 16:37:45.417] [exthost] [error] {"message":"Git error","stdout":"","stderr":"fatal: Pathspec '/home/force-badname/User-Stories/User-Stories/User-Stories/index.html' is in submodule 'User-Stories'\n","exitCode":128,"gitErrorCode":"IsInSubmodule"}
[2022-01-26 16:37:45.417] [exthost] [error] {"message":"Git error","stdout":"","stderr":"fatal: Pathspec '/home/force-badname/User-Stories/User-Stories/User-Stories/index.html' is in submodule 'User-Stories'\n","exitCode":128,"gitErrorCode":"IsInSubmodule"}
[2022-01-26 16:37:45.417] [exthost] [error] {"message":"Git error","stdout":"","stderr":"fatal: Pathspec '/home/force-badname/User-Stories/User-Stories/User-Stories/index.html' is in submodule 'User-Stories'\n","exitCode":128,"gitErrorCode":"IsInSubmodule"}
[2022-01-26 16:37:57.671] [exthost] [info] extension host terminating: received terminate message from renderer
[2022-01-26 16:37:57.671] [exthost] [info] Lock '/home/force-badname/.vscode-server/data/User/workspaceStorage/91d752cb256b493a191741175ab48973/vscode.lock': Marking the lockfile as scheduled to be released in 6000 ms.
[2022-01-26 16:37:57.699] [exthost] [info] Extension host with pid 1149 exiting with code 0
