Validating found git in: git
Using git 2.25.1 from git
> git rev-parse --git-dir
Open repository: /home/force-badname/User-Stories/User-Stories
> git status -z -u
> git show --textconv :User-Stories/index.html
> git ls-files --stage -- /home/force-badname/User-Stories/User-Stories/User-Stories/index.html
> git check-ignore -v -z --stdin
> git status -z -u
> git status -z -u
> git status -z -u
> git status -z -u
> git status -z -u
> git status -z -u
> git status -z -u
> git status -z -u
> git status -z -u
> git status -z -u
> git status -z -u
> git log --format=%H%n%aN%n%aE%n%at%n%ct%n%P%n%B -z -n21 -- /home/force-badname/User-Stories/User-Stories/User-Stories/index.html
> git add -A -- /home/force-badname/User-Stories/User-Stories/User-Stories/index.html
fatal: Pathspec '/home/force-badname/User-Stories/User-Stories/User-Stories/index.html' is in submodule 'User-Stories'
> git status -z -u
> git show --textconv :User-Stories/index.html
> git ls-files --stage -- /home/force-badname/User-Stories/User-Stories/User-Stories/index.html
> git show --textconv :User-Stories/index.html
> git ls-files --stage -- /home/force-badname/User-Stories/User-Stories/User-Stories/index.html
> git status -z -u
> git show --textconv :User-Stories/git-error-1643213288232
> git ls-files --stage -- /home/force-badname/User-Stories/User-Stories/User-Stories/git-error-1643213288232
> git check-ignore -v -z --stdin
> git status -z -u
> git show --textconv :User-Stories/index.html
> git ls-files --stage -- /home/force-badname/User-Stories/User-Stories/User-Stories/index.html
> git status -z -u
