[2022-02-03 21:55:00.459] [exthost] [info] Extension host with pid 1739 started
[2022-02-03 21:55:00.475] [exthost] [info] Lock '/home/force-badname/.vscode-server/data/User/workspaceStorage/cd0c89d3a25a731b7238ee03b7da96a9/vscode.lock': Lock acquired.
[2022-02-03 21:55:00.518] [exthost] [info] ExtensionService#_doActivateExtension vscode.html-language-features, startup: false, activationEvent: 'onLanguage:html'
[2022-02-03 21:55:00.572] [exthost] [info] ExtensionService#_doActivateExtension ritwickdey.LiveServer, startup: false, activationEvent: 'onLanguage:html'
[2022-02-03 21:55:00.677] [exthost] [info] ExtensionService#_doActivateExtension vscode.debug-auto-launch, startup: true, activationEvent: '*'
[2022-02-03 21:55:00.680] [exthost] [info] ExtensionService#_doActivateExtension vscode.git-base, startup: true, activationEvent: '*', root cause: vscode.github
[2022-02-03 21:55:00.724] [exthost] [info] ExtensionService#_doActivateExtension vscode.git, startup: true, activationEvent: '*'
[2022-02-03 21:55:00.788] [exthost] [info] ExtensionService#_doActivateExtension vscode.github, startup: true, activationEvent: '*'
[2022-02-03 21:55:00.873] [exthost] [info] ExtensionService#_doActivateExtension vscode.emmet, startup: false, activationEvent: 'onStartupFinished'
[2022-02-03 21:55:00.891] [exthost] [info] ExtensionService#_doActivateExtension vscode.merge-conflict, startup: false, activationEvent: 'onStartupFinished'
[2022-02-03 21:55:00.895] [exthost] [info] Eager extensions activated
[2022-02-03 21:55:01.893] [exthost] [info] ExtensionService#_doActivateExtension vscode.configuration-editing, startup: false, activationEvent: 'onLanguage:jsonc'
[2022-02-03 21:55:01.900] [exthost] [info] ExtensionService#_doActivateExtension vscode.json-language-features, startup: false, activationEvent: 'onLanguage:jsonc'
[2022-02-03 21:55:01.965] [exthost] [info] ExtensionService#_doActivateExtension vscode.typescript-language-features, startup: false, activationEvent: 'onLanguage:jsonc'
[2022-02-03 21:55:34.249] [exthost] [info] ExtensionService#_doActivateExtension vscode.css-language-features, startup: false, activationEvent: 'onLanguage:css'
[2022-02-03 23:12:50.395] [exthost] [warning] [Decorations] CAPPING events from decorations provider vscode.git 2904
[2022-02-03 23:25:55.787] [exthost] [warning] [Decorations] CAPPING events from decorations provider vscode.git 2904
[2022-02-03 23:26:00.372] [exthost] [info] extension host terminating: received terminate message from renderer
[2022-02-03 23:26:00.374] [exthost] [info] Lock '/home/force-badname/.vscode-server/data/User/workspaceStorage/cd0c89d3a25a731b7238ee03b7da96a9/vscode.lock': Marking the lockfile as scheduled to be released in 6000 ms.
[2022-02-03 23:26:00.535] [exthost] [info] Extension host with pid 1739 exiting with code 0
