[2022-02-04T17:49:21.347Z] Validating found git in: git
[2022-02-04T17:49:21.383Z] Using git 2.25.1 from git
[2022-02-04T17:49:21.431Z] > git rev-parse --git-dir [2ms]
[2022-02-04T17:49:21.438Z] Open repository: /home/force-badname/wordle
[2022-02-04T17:49:21.502Z] > git symbolic-ref --short HEAD [3ms]
[2022-02-04T17:49:21.516Z] > git for-each-ref --format=%(refname)%00%(upstream:short)%00%(objectname)%00%(upstream:track) refs/heads/UI-interface refs/remotes/UI-interface [8ms]
[2022-02-04T17:49:21.528Z] > git remote --verbose [2ms]
[2022-02-04T17:49:21.529Z] > git for-each-ref --sort -committerdate --format %(refname) %(objectname) %(*objectname) [9ms]
[2022-02-04T17:49:21.550Z] > git config --get commit.template [10ms]
[2022-02-04T17:49:21.882Z] > git ls-files --stage -- /home/force-badname/wordle/script.js [2ms]
[2022-02-04T17:49:21.891Z] > git cat-file -s e69de29bb2d1d6434b8b29ae775ad8c2e48c5391 [2ms]
[2022-02-04T18:43:25.942Z] > git ls-files --stage -- /home/force-badname/wordle/index.html [5ms]
[2022-02-04T18:43:25.948Z] > git cat-file -s 4f4d87d875aa6f9b272d5577ff103b373b89f107 [1ms]
[2022-02-04T18:44:00.148Z] > git ls-files --stage -- /home/force-badname/wordle/styles.css [9ms]
[2022-02-04T18:44:00.156Z] > git cat-file -s 041b85c474d24e2cc4722c367fdb1e1cdaed4223 [1ms]
[2022-02-04T18:44:09.670Z] > git symbolic-ref --short HEAD [1ms]
[2022-02-04T18:44:09.678Z] > git for-each-ref --format=%(refname)%00%(upstream:short)%00%(objectname)%00%(upstream:track) refs/heads/UI-interface refs/remotes/UI-interface [2ms]
[2022-02-04T18:44:09.696Z] > git remote --verbose [1ms]
[2022-02-04T18:44:09.697Z] > git for-each-ref --sort -committerdate --format %(refname) %(objectname) %(*objectname) [7ms]
[2022-02-04T18:44:09.705Z] > git config --get commit.template [1ms]
[2022-02-04T18:44:22.946Z] > git symbolic-ref --short HEAD [1ms]
[2022-02-04T18:44:22.951Z] > git for-each-ref --format=%(refname)%00%(upstream:short)%00%(objectname)%00%(upstream:track) refs/heads/UI-interface refs/remotes/UI-interface [1ms]
[2022-02-04T18:44:22.958Z] > git remote --verbose [1ms]
[2022-02-04T18:44:22.959Z] > git for-each-ref --sort -committerdate --format %(refname) %(objectname) %(*objectname) [4ms]
[2022-02-04T18:44:22.966Z] > git config --get commit.template [0ms]
[2022-02-04T18:44:27.221Z] > git ls-files --stage -- /home/force-badname/wordle/script.js [3ms]
[2022-02-04T18:44:27.227Z] > git cat-file -s e69de29bb2d1d6434b8b29ae775ad8c2e48c5391 [1ms]
[2022-02-04T18:45:47.246Z] > git symbolic-ref --short HEAD [1ms]
[2022-02-04T18:45:47.251Z] > git for-each-ref --format=%(refname)%00%(upstream:short)%00%(objectname)%00%(upstream:track) refs/heads/UI-interface refs/remotes/UI-interface [1ms]
[2022-02-04T18:45:47.258Z] > git remote --verbose [1ms]
[2022-02-04T18:45:47.259Z] > git for-each-ref --sort -committerdate --format %(refname) %(objectname) %(*objectname) [5ms]
[2022-02-04T18:45:47.271Z] > git config --get commit.template [4ms]
[2022-02-04T18:45:52.297Z] > git symbolic-ref --short HEAD [2ms]
[2022-02-04T18:45:52.304Z] > git for-each-ref --format=%(refname)%00%(upstream:short)%00%(objectname)%00%(upstream:track) refs/heads/UI-interface refs/remotes/UI-interface [1ms]
[2022-02-04T18:45:52.313Z] > git remote --verbose [1ms]
[2022-02-04T18:45:52.314Z] > git for-each-ref --sort -committerdate --format %(refname) %(objectname) %(*objectname) [5ms]
[2022-02-04T18:45:52.320Z] > git config --get commit.template [0ms]
[2022-02-04T18:46:22.131Z] > git symbolic-ref --short HEAD [0ms]
[2022-02-04T18:46:22.136Z] > git for-each-ref --format=%(refname)%00%(upstream:short)%00%(objectname)%00%(upstream:track) refs/heads/UI-interface refs/remotes/UI-interface [1ms]
[2022-02-04T18:46:22.142Z] > git remote --verbose [1ms]
[2022-02-04T18:46:22.143Z] > git for-each-ref --sort -committerdate --format %(refname) %(objectname) %(*objectname) [4ms]
[2022-02-04T18:46:22.150Z] > git config --get commit.template [0ms]
[2022-02-04T18:46:27.162Z] > git symbolic-ref --short HEAD [1ms]
[2022-02-04T18:46:27.166Z] > git for-each-ref --format=%(refname)%00%(upstream:short)%00%(objectname)%00%(upstream:track) refs/heads/UI-interface refs/remotes/UI-interface [1ms]
[2022-02-04T18:46:27.173Z] > git remote --verbose [1ms]
[2022-02-04T18:46:27.173Z] > git for-each-ref --sort -committerdate --format %(refname) %(objectname) %(*objectname) [4ms]
[2022-02-04T18:46:27.182Z] > git config --get commit.template [1ms]
[2022-02-04T18:46:46.133Z] > git symbolic-ref --short HEAD [1ms]
[2022-02-04T18:46:46.138Z] > git for-each-ref --format=%(refname)%00%(upstream:short)%00%(objectname)%00%(upstream:track) refs/heads/UI-interface refs/remotes/UI-interface [1ms]
[2022-02-04T18:46:46.146Z] > git remote --verbose [2ms]
[2022-02-04T18:46:46.146Z] > git for-each-ref --sort -committerdate --format %(refname) %(objectname) %(*objectname) [5ms]
[2022-02-04T18:46:46.154Z] > git config --get commit.template [2ms]
[2022-02-04T18:46:51.168Z] > git symbolic-ref --short HEAD [1ms]
[2022-02-04T18:46:51.173Z] > git for-each-ref --format=%(refname)%00%(upstream:short)%00%(objectname)%00%(upstream:track) refs/heads/UI-interface refs/remotes/UI-interface [1ms]
[2022-02-04T18:46:51.182Z] > git remote --verbose [2ms]
[2022-02-04T18:46:51.182Z] > git for-each-ref --sort -committerdate --format %(refname) %(objectname) %(*objectname) [6ms]
[2022-02-04T18:46:51.188Z] > git config --get commit.template [0ms]
[2022-02-04T18:46:57.795Z] > git symbolic-ref --short HEAD [2ms]
[2022-02-04T18:46:57.803Z] > git for-each-ref --format=%(refname)%00%(upstream:short)%00%(objectname)%00%(upstream:track) refs/heads/UI-interface refs/remotes/UI-interface [1ms]
[2022-02-04T18:46:57.811Z] > git remote --verbose [1ms]
[2022-02-04T18:46:57.812Z] > git for-each-ref --sort -committerdate --format %(refname) %(objectname) %(*objectname) [5ms]
[2022-02-04T18:46:57.820Z] > git config --get commit.template [2ms]
[2022-02-04T18:54:20.966Z] > git symbolic-ref --short HEAD [1ms]
[2022-02-04T18:54:20.980Z] > git for-each-ref --format=%(refname)%00%(upstream:short)%00%(objectname)%00%(upstream:track) refs/heads/UI-interface refs/remotes/UI-interface [1ms]
[2022-02-04T18:54:21.000Z] > git remote --verbose [1ms]
[2022-02-04T18:54:21.000Z] > git for-each-ref --sort -committerdate --format %(refname) %(objectname) %(*objectname) [12ms]
[2022-02-04T18:54:21.012Z] > git config --get commit.template [1ms]
