[2022-01-26 20:14:18.008] [exthost] [info] Extension host with pid 4752 started
[2022-01-26 20:14:18.020] [exthost] [info] Lock '/home/force-badname/.vscode-server/data/User/workspaceStorage/ad517024a566768c97d18f458f161ae5/vscode.lock': Lock acquired.
[2022-01-26 20:14:18.073] [exthost] [info] ExtensionService#_doActivateExtension vscode.debug-auto-launch, startup: true, activationEvent: '*'
[2022-01-26 20:14:18.087] [exthost] [info] ExtensionService#_doActivateExtension vscode.git-base, startup: true, activationEvent: '*', root cause: vscode.github
[2022-01-26 20:14:18.144] [exthost] [info] ExtensionService#_doActivateExtension vscode.git, startup: true, activationEvent: '*'
[2022-01-26 20:14:18.232] [exthost] [info] ExtensionService#_doActivateExtension vscode.github, startup: true, activationEvent: '*'
[2022-01-26 20:14:18.313] [exthost] [info] ExtensionService#_doActivateExtension vscode.emmet, startup: false, activationEvent: 'onStartupFinished'
[2022-01-26 20:14:18.334] [exthost] [info] ExtensionService#_doActivateExtension vscode.merge-conflict, startup: false, activationEvent: 'onStartupFinished'
[2022-01-26 20:14:18.340] [exthost] [info] Eager extensions activated
[2022-01-26 20:18:06.820] [exthost] [error] {"message":"Git error","stdout":"","stderr":"fatal: Pathspec '/home/force-badname/Agency-website/User-Stories/README.md' is in submodule 'User-Stories'\n","exitCode":128,"gitErrorCode":"IsInSubmodule"}
[2022-01-26 20:18:25.845] [exthost] [info] ExtensionService#_doActivateExtension vscode.css-language-features, startup: false, activationEvent: 'onLanguage:css'
[2022-01-26 20:18:25.920] [exthost] [info] ExtensionService#_doActivateExtension ritwickdey.LiveServer, startup: false, activationEvent: 'onLanguage:css'
[2022-01-26 20:18:26.339] [exthost] [info] ExtensionService#_doActivateExtension vscode.typescript-language-features, startup: false, activationEvent: 'onLanguage:javascript'
[2022-01-26 20:18:35.112] [exthost] [error] {"message":"Git error","stdout":"","stderr":"fatal: Pathspec '/home/force-badname/Agency-website/User-Stories/style.css' is in submodule 'User-Stories'\n","exitCode":128,"gitErrorCode":"IsInSubmodule"}
[2022-01-26 20:18:41.151] [exthost] [error] {"message":"Git error","stdout":"","stderr":"fatal: Pathspec '/home/force-badname/Agency-website/User-Stories/script.js' is in submodule 'User-Stories'\n","exitCode":128,"gitErrorCode":"IsInSubmodule"}
[2022-01-26 20:18:48.202] [exthost] [error] {"message":"Git error","stdout":"","stderr":"fatal: Pathspec '/home/force-badname/Agency-website/User-Stories/img_chania.jpg' is in submodule 'User-Stories'\n","exitCode":128,"gitErrorCode":"IsInSubmodule"}
[2022-01-26 20:18:53.349] [exthost] [info] ExtensionService#_doActivateExtension vscode.html-language-features, startup: false, activationEvent: 'onLanguage:html'
[2022-01-26 20:18:53.790] [exthost] [error] {"message":"Git error","stdout":"","stderr":"fatal: Pathspec '/home/force-badname/Agency-website/User-Stories/index.html' is in submodule 'User-Stories'\n","exitCode":128,"gitErrorCode":"IsInSubmodule"}
[2022-01-26 20:20:03.049] [exthost] [info] ExtensionService#_doActivateExtension vscode.configuration-editing, startup: false, activationEvent: 'onLanguage:jsonc'
[2022-01-26 20:20:03.060] [exthost] [info] ExtensionService#_doActivateExtension vscode.json-language-features, startup: false, activationEvent: 'onLanguage:jsonc'
[2022-01-26 20:20:49.103] [exthost] [info] extension host terminating: received terminate message from renderer
[2022-01-26 20:20:49.105] [exthost] [info] Lock '/home/force-badname/.vscode-server/data/User/workspaceStorage/ad517024a566768c97d18f458f161ae5/vscode.lock': Marking the lockfile as scheduled to be released in 6000 ms.
[2022-01-26 20:20:49.175] [exthost] [info] Extension host with pid 4752 exiting with code 0
