0 verbose cli [
0 verbose cli   '/home/force-badname/.volta/tools/image/node/16.13.2/bin/node',
0 verbose cli   '/home/force-badname/.volta/tools/image/npm/8.3.1/bin/npm-cli.js',
0 verbose cli   'install',
0 verbose cli   '--ignore-scripts',
0 verbose cli   'types-registry@latest'
0 verbose cli ]
1 info using npm@8.3.1
2 info using node@v16.13.2
3 timing npm:load:whichnode Completed in 1ms
4 timing config:load:defaults Completed in 3ms
5 timing config:load:file:/home/force-badname/.volta/tools/image/npm/8.3.1/npmrc Completed in 2ms
6 timing config:load:builtin Completed in 2ms
7 timing config:load:cli Completed in 2ms
8 timing config:load:env Completed in 1ms
9 timing config:load:file:/home/force-badname/.cache/typescript/4.5/.npmrc Completed in 1ms
10 timing config:load:project Completed in 4ms
11 timing config:load:file:/home/force-badname/.npmrc Completed in 1ms
12 timing config:load:user Completed in 2ms
13 timing config:load:file:/home/force-badname/.volta/tools/image/node/16.13.2/etc/npmrc Completed in 1ms
14 timing config:load:global Completed in 1ms
15 timing config:load:validate Completed in 0ms
16 timing config:load:credentials Completed in 5ms
17 timing config:load:setEnvs Completed in 1ms
18 timing config:load Completed in 23ms
19 timing npm:load:configload Completed in 23ms
20 timing npm:load:setTitle Completed in 0ms
21 timing config:load:flatten Completed in 4ms
22 timing npm:load:display Completed in 5ms
23 verbose logfile /home/force-badname/.npm/_logs/2022-01-26T17_53_32_360Z-debug-0.log
24 timing npm:load:logFile Completed in 9ms
25 timing npm:load:timers Completed in 0ms
26 timing npm:load:configScope Completed in 0ms
27 timing npm:load Completed in 40ms
28 timing arborist:ctor Completed in 5ms
29 silly logfile start cleaning logs, removing 1 files
30 timing idealTree:init Completed in 78ms
31 timing arborist:ctor Completed in 0ms
32 http fetch GET 200 https://registry.npmjs.org/types-registry 1183ms (cache revalidated)
33 timing idealTree:userRequests Completed in 1212ms
34 silly idealTree buildDeps
35 silly fetch manifest types-registry@0.1.577
36 silly placeDep ROOT types-registry@0.1.577 REPLACE for:  want: 0.1.577
37 timing idealTree:#root Completed in 26ms
38 timing idealTree:node_modules/types-registry Completed in 0ms
39 timing idealTree:buildDeps Completed in 31ms
40 timing idealTree:fixDepFlags Completed in 1ms
41 timing idealTree Completed in 1328ms
42 timing reify:loadTrees Completed in 1335ms
43 timing reify:diffTrees Completed in 6ms
44 silly reify moves {}
45 timing reify:retireShallow Completed in 1ms
46 timing reify:createSparse Completed in 0ms
47 timing reify:loadBundles Completed in 0ms
48 silly audit bulk request { 'types-registry': [ '0.1.577' ] }
49 timing reify:unpack Completed in 1ms
50 timing reify:unretire Completed in 0ms
51 timing build:queue Completed in 0ms
52 timing build:deps Completed in 1ms
53 timing build Completed in 1ms
54 timing reify:build Completed in 2ms
55 timing reify:trash Completed in 0ms
56 timing reify:save Completed in 10ms
57 http fetch POST 200 https://registry.npmjs.org/-/npm/v1/security/advisories/bulk 296ms
58 timing auditReport:getReport Completed in 301ms
59 silly audit report {}
60 timing auditReport:init Completed in 0ms
61 timing reify:audit Completed in 304ms
62 timing reify Completed in 1675ms
63 timing command:install Completed in 1695ms
64 verbose exit 0
65 timing npm Completed in 2530ms
66 info ok
