0 verbose cli [
0 verbose cli   '/home/force-badname/.volta/tools/image/node/16.13.2/bin/node',
0 verbose cli   '/home/force-badname/.volta/tools/image/npm/8.3.1/bin/npm-cli.js',
0 verbose cli   'exec',
0 verbose cli   '--',
0 verbose cli   'degit',
0 verbose cli   'foundersandcoders/coursework/src/workshops/css-layout/starter-files#main',
0 verbose cli   'css-layout'
0 verbose cli ]
1 info using npm@8.3.1
2 info using node@v16.13.2
3 timing npm:load:whichnode Completed in 0ms
4 timing config:load:defaults Completed in 3ms
5 timing config:load:file:/home/force-badname/.volta/tools/image/npm/8.3.1/npmrc Completed in 4ms
6 timing config:load:builtin Completed in 4ms
7 timing config:load:cli Completed in 4ms
8 timing config:load:env Completed in 1ms
9 timing config:load:project Completed in 2ms
10 timing config:load:file:/home/force-badname/.npmrc Completed in 1ms
11 timing config:load:user Completed in 1ms
12 timing config:load:file:/home/force-badname/.volta/tools/image/node/16.13.2/etc/npmrc Completed in 1ms
13 timing config:load:global Completed in 1ms
14 timing config:load:validate Completed in 1ms
15 timing config:load:credentials Completed in 4ms
16 timing config:load:setEnvs Completed in 2ms
17 timing config:load Completed in 24ms
18 timing npm:load:configload Completed in 25ms
19 timing npm:load:setTitle Completed in 0ms
20 timing config:load:flatten Completed in 7ms
21 timing npm:load:display Completed in 12ms
22 verbose logfile /home/force-badname/.npm/_logs/2022-01-17T15_24_50_928Z-debug-0.log
23 timing npm:load:logFile Completed in 13ms
24 timing npm:load:timers Completed in 0ms
25 timing npm:load:configScope Completed in 0ms
26 timing npm:load Completed in 53ms
27 http fetch GET 200 https://registry.npmjs.org/degit 1636ms (cache revalidated)
28 timing arborist:ctor Completed in 3ms
29 timing arborist:ctor Completed in 0ms
30 timing arborist:ctor Completed in 1ms
31 timing command:exec Completed in 29107ms
32 verbose exit 1
33 timing npm Completed in 30054ms
34 verbose code 1
