0 verbose cli [
0 verbose cli   '/home/force-badname/.volta/tools/image/node/16.13.2/bin/node',
0 verbose cli   '/home/force-badname/.volta/tools/image/npm/8.3.1/bin/npm-cli.js',
0 verbose cli   'install',
0 verbose cli   '--ignore-scripts',
0 verbose cli   'types-registry@latest'
0 verbose cli ]
1 info using npm@8.3.1
2 info using node@v16.13.2
3 timing npm:load:whichnode Completed in 1ms
4 timing config:load:defaults Completed in 3ms
5 timing config:load:file:/home/force-badname/.volta/tools/image/npm/8.3.1/npmrc Completed in 1ms
6 timing config:load:builtin Completed in 1ms
7 timing config:load:cli Completed in 3ms
8 timing config:load:env Completed in 0ms
9 timing config:load:file:/home/force-badname/.cache/typescript/4.5/.npmrc Completed in 0ms
10 timing config:load:project Completed in 4ms
11 timing config:load:file:/home/force-badname/.npmrc Completed in 1ms
12 timing config:load:user Completed in 1ms
13 timing config:load:file:/home/force-badname/.volta/tools/image/node/16.13.2/etc/npmrc Completed in 0ms
14 timing config:load:global Completed in 1ms
15 timing config:load:validate Completed in 0ms
16 timing config:load:credentials Completed in 3ms
17 timing config:load:setEnvs Completed in 2ms
18 timing config:load Completed in 20ms
19 timing npm:load:configload Completed in 20ms
20 timing npm:load:setTitle Completed in 1ms
21 timing config:load:flatten Completed in 6ms
22 timing npm:load:display Completed in 9ms
23 verbose logfile /home/force-badname/.npm/_logs/2022-01-31T00_57_26_348Z-debug-0.log
24 timing npm:load:logFile Completed in 9ms
25 timing npm:load:timers Completed in 0ms
26 timing npm:load:configScope Completed in 0ms
27 timing npm:load Completed in 40ms
28 timing arborist:ctor Completed in 1ms
29 silly logfile start cleaning logs, removing 1 files
30 timing idealTree:init Completed in 26ms
31 timing arborist:ctor Completed in 0ms
32 http fetch GET 200 https://registry.npmjs.org/types-registry 748ms (cache updated)
33 timing idealTree:userRequests Completed in 771ms
34 silly idealTree buildDeps
35 silly fetch manifest types-registry@0.1.578
36 silly placeDep ROOT types-registry@0.1.578 REPLACE for:  want: 0.1.578
37 timing idealTree:#root Completed in 14ms
38 timing idealTree:node_modules/types-registry Completed in 0ms
39 timing idealTree:buildDeps Completed in 18ms
40 timing idealTree:fixDepFlags Completed in 0ms
41 timing idealTree Completed in 818ms
42 timing reify:loadTrees Completed in 820ms
43 timing reify:diffTrees Completed in 2ms
44 silly reify mark retired [
44 silly reify   '/home/force-badname/.cache/typescript/4.5/node_modules/types-registry'
44 silly reify ]
45 silly reify moves {
45 silly reify   '/home/force-badname/.cache/typescript/4.5/node_modules/types-registry': '/home/force-badname/.cache/typescript/4.5/node_modules/.types-registry-su8AUeK7'
45 silly reify }
46 timing reify:retireShallow Completed in 4ms
47 timing reify:createSparse Completed in 3ms
48 timing reify:loadBundles Completed in 0ms
49 silly audit bulk request { 'types-registry': [ '0.1.578' ] }
50 silly tarball no local data for types-registry@https://registry.npmjs.org/types-registry/-/types-registry-0.1.578.tgz. Extracting by manifest.
51 http fetch POST 200 https://registry.npmjs.org/-/npm/v1/security/advisories/bulk 280ms
52 timing auditReport:getReport Completed in 282ms
53 silly audit report {}
54 timing auditReport:init Completed in 0ms
55 timing reify:audit Completed in 285ms
56 http fetch GET 200 https://registry.npmjs.org/types-registry/-/types-registry-0.1.578.tgz 424ms (cache miss)
57 timing reifyNode:node_modules/types-registry Completed in 434ms
58 timing reify:unpack Completed in 436ms
59 timing reify:unretire Completed in 0ms
60 timing build:queue Completed in 4ms
61 timing build:deps Completed in 4ms
62 timing build Completed in 4ms
63 timing reify:build Completed in 5ms
64 timing reify:trash Completed in 5ms
65 timing reify:save Completed in 8ms
66 timing reify Completed in 1305ms
67 silly CHANGE node_modules/types-registry
68 timing command:install Completed in 1312ms
69 verbose exit 0
70 timing npm Completed in 2072ms
71 info ok
