0 verbose cli [
0 verbose cli   '/home/force-badname/.volta/tools/image/node/16.13.2/bin/node',
0 verbose cli   '/home/force-badname/.volta/tools/image/npm/8.3.1/bin/npm-cli.js',
0 verbose cli   'install',
0 verbose cli   '--ignore-scripts',
0 verbose cli   'types-registry@latest'
0 verbose cli ]
1 info using npm@8.3.1
2 info using node@v16.13.2
3 timing npm:load:whichnode Completed in 0ms
4 timing config:load:defaults Completed in 2ms
5 timing config:load:file:/home/force-badname/.volta/tools/image/npm/8.3.1/npmrc Completed in 1ms
6 timing config:load:builtin Completed in 1ms
7 timing config:load:cli Completed in 2ms
8 timing config:load:env Completed in 1ms
9 timing config:load:file:/home/force-badname/.cache/typescript/4.5/.npmrc Completed in 0ms
10 timing config:load:project Completed in 2ms
11 timing config:load:file:/home/force-badname/.npmrc Completed in 1ms
12 timing config:load:user Completed in 1ms
13 timing config:load:file:/home/force-badname/.volta/tools/image/node/16.13.2/etc/npmrc Completed in 0ms
14 timing config:load:global Completed in 0ms
15 timing config:load:validate Completed in 0ms
16 timing config:load:credentials Completed in 2ms
17 timing config:load:setEnvs Completed in 1ms
18 timing config:load Completed in 13ms
19 timing npm:load:configload Completed in 13ms
20 timing npm:load:setTitle Completed in 1ms
21 timing config:load:flatten Completed in 3ms
22 timing npm:load:display Completed in 4ms
23 verbose logfile /home/force-badname/.npm/_logs/2022-01-25T22_14_16_055Z-debug-0.log
24 timing npm:load:logFile Completed in 5ms
25 timing npm:load:timers Completed in 0ms
26 timing npm:load:configScope Completed in 0ms
27 timing npm:load Completed in 24ms
28 timing arborist:ctor Completed in 1ms
29 timing arborist:ctor Completed in 1ms
30 timing idealTree:init Completed in 17ms
31 http fetch GET 200 https://registry.npmjs.org/types-registry 944ms (cache miss)
32 timing idealTree:userRequests Completed in 954ms
33 silly idealTree buildDeps
34 silly fetch manifest types-registry@0.1.577
35 silly placeDep ROOT types-registry@0.1.577 OK for:  want: 0.1.577
36 timing idealTree:#root Completed in 4ms
37 timing idealTree:node_modules/types-registry Completed in 0ms
38 timing idealTree:buildDeps Completed in 6ms
39 timing idealTree:fixDepFlags Completed in 1ms
40 timing idealTree Completed in 978ms
41 timing reify:loadTrees Completed in 979ms
42 timing reify:diffTrees Completed in 1ms
43 silly reify moves {}
44 timing reify:retireShallow Completed in 1ms
45 timing reify:createSparse Completed in 2ms
46 timing reify:loadBundles Completed in 0ms
47 silly audit bulk request { 'types-registry': [ '0.1.577' ] }
48 silly tarball no local data for types-registry@https://registry.npmjs.org/types-registry/-/types-registry-0.1.577.tgz. Extracting by manifest.
49 http fetch POST 200 https://registry.npmjs.org/-/npm/v1/security/advisories/bulk 269ms
50 timing auditReport:getReport Completed in 269ms
51 silly audit report {}
52 timing auditReport:init Completed in 0ms
53 timing reify:audit Completed in 270ms
54 http fetch GET 200 https://registry.npmjs.org/types-registry/-/types-registry-0.1.577.tgz 643ms (cache miss)
55 timing reifyNode:node_modules/types-registry Completed in 649ms
56 timing reify:unpack Completed in 649ms
57 timing reify:unretire Completed in 0ms
58 timing build:queue Completed in 2ms
59 timing build:deps Completed in 2ms
60 timing build Completed in 2ms
61 timing reify:build Completed in 3ms
62 timing reify:trash Completed in 0ms
63 timing reify:save Completed in 5ms
64 timing reify Completed in 1650ms
65 silly ADD node_modules/types-registry
66 timing command:install Completed in 1655ms
67 verbose exit 0
68 timing npm Completed in 2053ms
69 info ok
