Validating found git in: git
Using git 2.25.1 from git
> git rev-parse --git-dir
Open repository: /home/force-badname/User-Stories/User-Stories
> git status -z -u
> git check-ignore -v -z --stdin
> git show --textconv :User-Stories/index.html
> git ls-files --stage -- /home/force-badname/User-Stories/User-Stories/User-Stories/index.html
> git status -z -u
> git status -z -u
> git status -z -u
> git status -z -u
> git status -z -u
> git status -z -u
> git status -z -u
> git status -z -u
> git check-ignore -v -z --stdin
> git status -z -u
> git checkout -q -b Agency-website --no-track HEAD
> git status -z -u
> git ls-files --stage -- /home/force-badname/User-Stories/User-Stories/User-Stories/index.html
> git show --textconv :User-Stories/index.html
> git status -z -u
> git show --textconv :User-Stories/git-error-1643213288232
> git ls-files --stage -- /home/force-badname/User-Stories/User-Stories/User-Stories/git-error-1643213288232
> git show --textconv :User-Stories/git-error-1643213288232
> git ls-files --stage -- /home/force-badname/User-Stories/User-Stories/User-Stories/git-error-1643213288232
> git show --textconv :User-Stories/index.html
> git ls-files --stage -- /home/force-badname/User-Stories/User-Stories/User-Stories/index.html
> git status -z -u
> git status -z -u
> git status -z -u
> git status -z -u
> git log --format=%H%n%aN%n%aE%n%at%n%ct%n%P%n%B -z -n21 -- /home/force-badname/User-Stories/User-Stories/User-Stories/index.html
> git show --textconv :User-Stories/script.js
> git ls-files --stage -- /home/force-badname/User-Stories/User-Stories/User-Stories/script.js
> git show --textconv :User-Stories/index.html
> git ls-files --stage -- /home/force-badname/User-Stories/User-Stories/User-Stories/index.html
> git show --textconv :User-Stories/script.js
> git ls-files --stage -- /home/force-badname/User-Stories/User-Stories/User-Stories/script.js
> git show --textconv :User-Stories/index.html
> git ls-files --stage -- /home/force-badname/User-Stories/User-Stories/User-Stories/index.html
> git log --format=%H%n%aN%n%aE%n%at%n%ct%n%P%n%B -z -n21 -- /home/force-badname/User-Stories/User-Stories/User-Stories/index.html
> git show --textconv :User-Stories/style.css
> git ls-files --stage -- /home/force-badname/User-Stories/User-Stories/User-Stories/style.css
> git status -z -u
> git show --textconv :User-Stories/index.html
> git ls-files --stage -- /home/force-badname/User-Stories/User-Stories/User-Stories/index.html
> git status -z -u
> git status -z -u
> git show --textconv :User-Stories/style.css
> git ls-files --stage -- /home/force-badname/User-Stories/User-Stories/User-Stories/style.css
> git status -z -u
> git status -z -u
> git status -z -u
> git show --textconv :User-Stories/index.html
> git ls-files --stage -- /home/force-badname/User-Stories/User-Stories/User-Stories/index.html
> git show --textconv :User-Stories/style.css
> git ls-files --stage -- /home/force-badname/User-Stories/User-Stories/User-Stories/style.css
> git status -z -u
> git show --textconv :User-Stories/index.html
> git ls-files --stage -- /home/force-badname/User-Stories/User-Stories/User-Stories/index.html
> git status -z -u
> git show --textconv :User-Stories/style.css
> git ls-files --stage -- /home/force-badname/User-Stories/User-Stories/User-Stories/style.css
> git status -z -u
> git show --textconv :User-Stories/index.html
> git ls-files --stage -- /home/force-badname/User-Stories/User-Stories/User-Stories/index.html
> git show --textconv :User-Stories/style.css
> git ls-files --stage -- /home/force-badname/User-Stories/User-Stories/User-Stories/style.css
> git status -z -u
> git show --textconv :User-Stories/index.html
> git ls-files --stage -- /home/force-badname/User-Stories/User-Stories/User-Stories/index.html
> git status -z -u
> git status -z -u
> git status -z -u
> git status -z -u
> git status -z -u
> git status -z -u
> git show --textconv :User-Stories/style.css
> git ls-files --stage -- /home/force-badname/User-Stories/User-Stories/User-Stories/style.css
> git show --textconv :User-Stories/index.html
> git ls-files --stage -- /home/force-badname/User-Stories/User-Stories/User-Stories/index.html
> git status -z -u
> git status -z -u
> git status -z -u
> git status -z -u
> git show --textconv :User-Stories/style.css
> git ls-files --stage -- /home/force-badname/User-Stories/User-Stories/User-Stories/style.css
> git show --textconv :User-Stories/index.html
> git ls-files --stage -- /home/force-badname/User-Stories/User-Stories/User-Stories/index.html
> git status -z -u
> git show --textconv :User-Stories/style.css
> git ls-files --stage -- /home/force-badname/User-Stories/User-Stories/User-Stories/style.css
> git status -z -u
> git show --textconv :User-Stories/index.html
> git ls-files --stage -- /home/force-badname/User-Stories/User-Stories/User-Stories/index.html
> git status -z -u
> git show --textconv :User-Stories/style.css
> git ls-files --stage -- /home/force-badname/User-Stories/User-Stories/User-Stories/style.css
> git status -z -u
> git status -z -u
> git status -z -u
> git status -z -u
> git status -z -u
> git status -z -u
> git status -z -u
> git show --textconv :User-Stories/index.html
> git ls-files --stage -- /home/force-badname/User-Stories/User-Stories/User-Stories/index.html
> git status -z -u
> git status -z -u
> git status -z -u
> git status -z -u
> git show --textconv :User-Stories/index.html
> git ls-files --stage -- /home/force-badname/User-Stories/User-Stories/User-Stories/index.html
> git status -z -u
> git rev-parse --git-dir
Open repository: /home/force-badname/User-Stories
> git status -z -u
> git symbolic-ref --short HEAD
> git for-each-ref --format=%(refname)%00%(upstream:short)%00%(objectname)%00%(upstream:track) refs/heads/main refs/remotes/main
> git for-each-ref --sort -committerdate --format %(refname) %(objectname) %(*objectname)
> git remote --verbose
> git config --get commit.template
> git show --textconv :User-Stories/User-Stories/style.css
> git ls-files --stage -- /home/force-badname/User-Stories/User-Stories/User-Stories/style.css
> git check-ignore -v -z --stdin
> git status -z -u
