[2022-01-26 16:37:17.801] [exthost] [info] Extension host with pid 1029 started
[2022-01-26 16:37:17.819] [exthost] [info] Lock '/home/force-badname/.vscode-server/data/User/workspaceStorage/91d752cb256b493a191741175ab48973/vscode.lock': Lock acquired.
[2022-01-26 16:37:17.867] [exthost] [info] ExtensionService#_doActivateExtension vscode.html-language-features, startup: false, activationEvent: 'onLanguage:html'
[2022-01-26 16:37:17.940] [exthost] [info] ExtensionService#_doActivateExtension ritwickdey.LiveServer, startup: false, activationEvent: 'onLanguage:html'
[2022-01-26 16:37:18.117] [exthost] [info] ExtensionService#_doActivateExtension vscode.debug-auto-launch, startup: true, activationEvent: '*'
[2022-01-26 16:37:18.124] [exthost] [info] ExtensionService#_doActivateExtension vscode.git-base, startup: true, activationEvent: '*', root cause: vscode.github
[2022-01-26 16:37:18.202] [exthost] [info] ExtensionService#_doActivateExtension vscode.git, startup: true, activationEvent: '*'
[2022-01-26 16:37:18.263] [exthost] [info] ExtensionService#_doActivateExtension vscode.github, startup: true, activationEvent: '*'
[2022-01-26 16:37:18.349] [exthost] [info] ExtensionService#_doActivateExtension vscode.emmet, startup: false, activationEvent: 'onStartupFinished'
[2022-01-26 16:37:18.364] [exthost] [info] ExtensionService#_doActivateExtension vscode.merge-conflict, startup: false, activationEvent: 'onStartupFinished'
[2022-01-26 16:37:18.367] [exthost] [info] Eager extensions activated
[2022-01-26 16:37:18.906] [exthost] [error] {"message":"Git error","stdout":"","stderr":"fatal: Pathspec '/home/force-badname/User-Stories/User-Stories/User-Stories/index.html' is in submodule 'User-Stories'\n","exitCode":128,"gitErrorCode":"IsInSubmodule"}
[2022-01-26 16:37:18.906] [exthost] [error] {"message":"Git error","stdout":"","stderr":"fatal: Pathspec '/home/force-badname/User-Stories/User-Stories/User-Stories/index.html' is in submodule 'User-Stories'\n","exitCode":128,"gitErrorCode":"IsInSubmodule"}
[2022-01-26 16:37:18.906] [exthost] [error] {"message":"Git error","stdout":"","stderr":"fatal: Pathspec '/home/force-badname/User-Stories/User-Stories/User-Stories/index.html' is in submodule 'User-Stories'\n","exitCode":128,"gitErrorCode":"IsInSubmodule"}
[2022-01-26 16:37:18.906] [exthost] [error] {"message":"Git error","stdout":"","stderr":"fatal: Pathspec '/home/force-badname/User-Stories/User-Stories/User-Stories/index.html' is in submodule 'User-Stories'\n","exitCode":128,"gitErrorCode":"IsInSubmodule"}
[2022-01-26 16:37:18.906] [exthost] [error] {"message":"Git error","stdout":"","stderr":"fatal: Pathspec '/home/force-badname/User-Stories/User-Stories/User-Stories/index.html' is in submodule 'User-Stories'\n","exitCode":128,"gitErrorCode":"IsInSubmodule"}
[2022-01-26 16:37:18.906] [exthost] [error] {"message":"Git error","stdout":"","stderr":"fatal: Pathspec '/home/force-badname/User-Stories/User-Stories/User-Stories/index.html' is in submodule 'User-Stories'\n","exitCode":128,"gitErrorCode":"IsInSubmodule"}
[2022-01-26 16:37:36.039] [exthost] [info] extension host terminating: received terminate message from renderer
[2022-01-26 16:37:36.039] [exthost] [info] Lock '/home/force-badname/.vscode-server/data/User/workspaceStorage/91d752cb256b493a191741175ab48973/vscode.lock': Marking the lockfile as scheduled to be released in 6000 ms.
[2022-01-26 16:37:36.073] [exthost] [info] Extension host with pid 1029 exiting with code 0
