[2022-01-27 13:40:56.428] [exthost] [info] Extension host with pid 95 started
[2022-01-27 13:40:56.439] [exthost] [info] Lock '/home/force-badname/.vscode-server/data/User/workspaceStorage/6f0c73e531a0dac31393e3db4c7bd8eb/vscode.lock': Lock acquired.
[2022-01-27 13:40:56.478] [exthost] [info] ExtensionService#_doActivateExtension vscode.css-language-features, startup: false, activationEvent: 'onLanguage:css'
[2022-01-27 13:40:56.511] [exthost] [info] ExtensionService#_doActivateExtension ritwickdey.LiveServer, startup: false, activationEvent: 'onLanguage:css'
[2022-01-27 13:40:56.750] [exthost] [info] ExtensionService#_doActivateExtension vscode.debug-auto-launch, startup: true, activationEvent: '*'
[2022-01-27 13:40:56.753] [exthost] [info] ExtensionService#_doActivateExtension vscode.git-base, startup: true, activationEvent: '*', root cause: vscode.github
[2022-01-27 13:40:56.780] [exthost] [info] ExtensionService#_doActivateExtension vscode.git, startup: true, activationEvent: '*'
[2022-01-27 13:40:56.840] [exthost] [info] ExtensionService#_doActivateExtension vscode.github, startup: true, activationEvent: '*'
[2022-01-27 13:40:56.924] [exthost] [info] ExtensionService#_doActivateExtension vscode.emmet, startup: false, activationEvent: 'onStartupFinished'
[2022-01-27 13:40:56.941] [exthost] [info] ExtensionService#_doActivateExtension vscode.merge-conflict, startup: false, activationEvent: 'onStartupFinished'
[2022-01-27 13:40:56.946] [exthost] [info] Eager extensions activated
[2022-01-27 13:40:58.236] [exthost] [info] ExtensionService#_doActivateExtension vscode.html-language-features, startup: false, activationEvent: 'onLanguage:html'
[2022-01-27 13:41:04.051] [exthost] [error] [vscode.html-language-features] provider FAILED
[2022-01-27 13:41:04.052] [exthost] [error] Canceled: Canceled
	at b.makeCancelError (/home/force-badname/.vscode-server/bin/899d46d82c4c95423fb7e10e68eba52050e30ba3/extensions/html-language-features/client/dist/node/htmlClientMain.js:1:469096)
	at b.handleFailedRequest (/home/force-badname/.vscode-server/bin/899d46d82c4c95423fb7e10e68eba52050e30ba3/extensions/html-language-features/client/dist/node/htmlClientMain.js:1:468947)
	at /home/force-badname/.vscode-server/bin/899d46d82c4c95423fb7e10e68eba52050e30ba3/extensions/html-language-features/client/dist/node/htmlClientMain.js:1:429162
	at async o.provideHover (/home/force-badname/.vscode-server/bin/899d46d82c4c95423fb7e10e68eba52050e30ba3/out/vs/server/remoteExtensionHostProcess.js:95:90908)
[2022-01-27 13:41:09.605] [exthost] [info] ExtensionService#_doActivateExtension vscode.configuration-editing, startup: false, activationEvent: 'onLanguage:jsonc'
[2022-01-27 13:41:09.615] [exthost] [info] ExtensionService#_doActivateExtension vscode.json-language-features, startup: false, activationEvent: 'onLanguage:jsonc'
[2022-01-27 13:41:09.676] [exthost] [info] ExtensionService#_doActivateExtension vscode.typescript-language-features, startup: false, activationEvent: 'onLanguage:jsonc'
[2022-01-27 13:43:19.516] [exthost] [info] extension host terminating: received terminate message from renderer
[2022-01-27 13:43:19.517] [exthost] [info] Lock '/home/force-badname/.vscode-server/data/User/workspaceStorage/6f0c73e531a0dac31393e3db4c7bd8eb/vscode.lock': Marking the lockfile as scheduled to be released in 6000 ms.
[2022-01-27 13:43:19.575] [exthost] [info] Extension host with pid 95 exiting with code 0
