Validating found git in: git
Using git 2.25.1 from git
> git rev-parse --git-dir
Open repository: /home/force-badname/User-Stories-main/about-us
> git status -z -u
> git symbolic-ref --short HEAD
> git for-each-ref --format=%(refname)%00%(upstream:short)%00%(objectname)%00%(upstream:track) refs/heads/contact-us refs/remotes/contact-us
> git for-each-ref --sort -committerdate --format %(refname) %(objectname) %(*objectname)
> git remote --verbose
> git config --get commit.template
> git show --textconv :index.html
> git ls-files --stage -- /home/force-badname/User-Stories-main/about-us/index.html
> git cat-file -s 5d1e3cde92acfed0550041ad9f75ecad74f43e2c
> git check-ignore -v -z --stdin
> git checkout -q master
error: Your local changes to the following files would be overwritten by checkout:
	index.html
Please commit your changes or stash them before you switch branches.
Aborting
> git checkout -q master
error: Your local changes to the following files would be overwritten by checkout:
	index.html
Please commit your changes or stash them before you switch branches.
Aborting
> git for-each-ref --format %(refname:short)%00%(upstream:short) refs/heads
> git checkout -q contact-us
> git status -z -u
> git symbolic-ref --short HEAD
> git for-each-ref --format=%(refname)%00%(upstream:short)%00%(objectname)%00%(upstream:track) refs/heads/contact-us refs/remotes/contact-us
> git for-each-ref --sort -committerdate --format %(refname) %(objectname) %(*objectname)
> git remote --verbose
> git config --get commit.template
> git ls-files --stage -- /home/force-badname/User-Stories-main/about-us/index.html
> git cat-file -s 5d1e3cde92acfed0550041ad9f75ecad74f43e2c
> git show --textconv :index.html
> git status -z -u
> git symbolic-ref --short HEAD
> git for-each-ref --format=%(refname)%00%(upstream:short)%00%(objectname)%00%(upstream:track) refs/heads/contact-us refs/remotes/contact-us
> git for-each-ref --sort -committerdate --format %(refname) %(objectname) %(*objectname)
> git remote --verbose
> git config --get commit.template
> git checkout -q master
error: Your local changes to the following files would be overwritten by checkout:
	index.html
Please commit your changes or stash them before you switch branches.
Aborting
> git checkout -q master
error: Your local changes to the following files would be overwritten by checkout:
	index.html
Please commit your changes or stash them before you switch branches.
Aborting
