Validating found git in: git
Using git 2.25.1 from git
> git rev-parse --git-dir
Open repository: /home/force-badname/User-Stories-main
> git status -z -u
> git symbolic-ref --short HEAD
> git for-each-ref --format=%(refname)%00%(upstream:short)%00%(objectname)%00%(upstream:track) refs/heads/master refs/remotes/master
> git for-each-ref --sort -committerdate --format %(refname) %(objectname) %(*objectname)
> git remote --verbose
> git config --get commit.template
> git show --textconv :index.html
> git ls-files --stage -- /home/force-badname/User-Stories-main/index.html
> git check-ignore -v -z --stdin
> git checkout -q -b Agency-project --no-track HEAD
fatal: 'HEAD' is not a commit and a branch 'Agency-project' cannot be created from it
> git show --textconv HEAD:style.css
> git ls-tree -l HEAD -- /home/force-badname/User-Stories-main/style.css
fatal: Not a valid object name HEAD
> git show --textconv :index.html
> git ls-files --stage -- /home/force-badname/User-Stories-main/index.html
> git status -z -u
> git symbolic-ref --short HEAD
> git for-each-ref --format=%(refname)%00%(upstream:short)%00%(objectname)%00%(upstream:track) refs/heads/master refs/remotes/master
> git for-each-ref --sort -committerdate --format %(refname) %(objectname) %(*objectname)
> git remote --verbose
> git config --get commit.template
> git status -z -u
> git symbolic-ref --short HEAD
> git for-each-ref --format=%(refname)%00%(upstream:short)%00%(objectname)%00%(upstream:track) refs/heads/master refs/remotes/master
> git for-each-ref --sort -committerdate --format %(refname) %(objectname) %(*objectname)
> git remote --verbose
> git config --get commit.template
> git status -z -u
> git rev-parse --git-dir
Open repository: /home/force-badname
> git status -z -u
> git symbolic-ref --short HEAD
> git for-each-ref --format=%(refname)%00%(upstream:short)%00%(objectname)%00%(upstream:track) refs/heads/main refs/remotes/main
> git for-each-ref --sort -committerdate --format %(refname) %(objectname) %(*objectname)
> git remote --verbose
> git config --get commit.template
> git check-ignore -v -z --stdin
> git check-ignore -v -z --stdin
> git show --textconv :User-Stories-main/index.html
> git ls-files --stage -- /home/force-badname/User-Stories-main/index.html
> git cat-file -s 2e9e1efd62a19660f931fc092fff126c4745d418
> git ls-tree -l HEAD -- /home/force-badname/User-Stories-main/style.css
> git show --textconv HEAD:User-Stories-main/style.css
> git show --textconv :User-Stories-main/index.html
> git ls-files --stage -- /home/force-badname/User-Stories-main/index.html
> git cat-file -s 2e9e1efd62a19660f931fc092fff126c4745d418
> git show --textconv :User-Stories-main/style.css
> git ls-files --stage -- /home/force-badname/User-Stories-main/style.css
> git cat-file -s 33281a2aa0a800a5135abf574138013719eed8b6
> git show --textconv :User-Stories-main/index.html
> git ls-files --stage -- /home/force-badname/User-Stories-main/index.html
> git cat-file -s 2e9e1efd62a19660f931fc092fff126c4745d418
> git checkout -q main
> git status -z -u
> git symbolic-ref --short HEAD
> git for-each-ref --format=%(refname)%00%(upstream:short)%00%(objectname)%00%(upstream:track) refs/heads/main refs/remotes/main
> git for-each-ref --sort -committerdate --format %(refname) %(objectname) %(*objectname)
> git remote --verbose
> git config --get commit.template
> git ls-files --stage -- /home/force-badname/User-Stories-main/index.html
> git cat-file -s 2e9e1efd62a19660f931fc092fff126c4745d418
> git show --textconv :User-Stories-main/index.html
> git status -z -u
> git symbolic-ref --short HEAD
> git for-each-ref --format=%(refname)%00%(upstream:short)%00%(objectname)%00%(upstream:track) refs/heads/main refs/remotes/main
> git for-each-ref --sort -committerdate --format %(refname) %(objectname) %(*objectname)
> git remote --verbose
> git config --get commit.template
> git show --textconv :User-Stories-main/style.css
> git ls-files --stage -- /home/force-badname/User-Stories-main/style.css
> git cat-file -s 33281a2aa0a800a5135abf574138013719eed8b6
> git show --textconv :User-Stories-main/index.html
> git ls-files --stage -- /home/force-badname/User-Stories-main/index.html
> git cat-file -s 2e9e1efd62a19660f931fc092fff126c4745d418
> git show --textconv :User-Stories-main/style.css
> git ls-files --stage -- /home/force-badname/User-Stories-main/style.css
> git cat-file -s 33281a2aa0a800a5135abf574138013719eed8b6
> git show --textconv :User-Stories-main/index.html
> git ls-files --stage -- /home/force-badname/User-Stories-main/index.html
> git cat-file -s 2e9e1efd62a19660f931fc092fff126c4745d418
> git checkout -q -b contact-us --no-track HEAD
> git status -z -u
> git symbolic-ref --short HEAD
> git for-each-ref --format=%(refname)%00%(upstream:short)%00%(objectname)%00%(upstream:track) refs/heads/contact-us refs/remotes/contact-us
> git for-each-ref --sort -committerdate --format %(refname) %(objectname) %(*objectname)
> git remote --verbose
> git config --get commit.template
> git ls-files --stage -- /home/force-badname/User-Stories-main/index.html
> git cat-file -s 2e9e1efd62a19660f931fc092fff126c4745d418
> git show --textconv :User-Stories-main/index.html
> git status -z -u
> git symbolic-ref --short HEAD
> git for-each-ref --format=%(refname)%00%(upstream:short)%00%(objectname)%00%(upstream:track) refs/heads/contact-us refs/remotes/contact-us
> git for-each-ref --sort -committerdate --format %(refname) %(objectname) %(*objectname)
> git remote --verbose
> git config --get commit.template
> git checkout -q contact-us
> git status -z -u
> git symbolic-ref --short HEAD
> git for-each-ref --format=%(refname)%00%(upstream:short)%00%(objectname)%00%(upstream:track) refs/heads/contact-us refs/remotes/contact-us
> git for-each-ref --sort -committerdate --format %(refname) %(objectname) %(*objectname)
> git remote --verbose
> git config --get commit.template
> git ls-files --stage -- /home/force-badname/User-Stories-main/index.html
> git cat-file -s 2e9e1efd62a19660f931fc092fff126c4745d418
> git show --textconv :User-Stories-main/index.html
> git status -z -u
> git symbolic-ref --short HEAD
> git for-each-ref --format=%(refname)%00%(upstream:short)%00%(objectname)%00%(upstream:track) refs/heads/contact-us refs/remotes/contact-us
> git for-each-ref --sort -committerdate --format %(refname) %(objectname) %(*objectname)
> git remote --verbose
> git config --get commit.template
> git checkout -q contact-us
> git status -z -u
> git symbolic-ref --short HEAD
> git for-each-ref --format=%(refname)%00%(upstream:short)%00%(objectname)%00%(upstream:track) refs/heads/contact-us refs/remotes/contact-us
> git for-each-ref --sort -committerdate --format %(refname) %(objectname) %(*objectname)
> git remote --verbose
> git config --get commit.template
> git ls-files --stage -- /home/force-badname/User-Stories-main/index.html
> git cat-file -s 2e9e1efd62a19660f931fc092fff126c4745d418
> git show --textconv :User-Stories-main/index.html
> git status -z -u
> git symbolic-ref --short HEAD
> git for-each-ref --format=%(refname)%00%(upstream:short)%00%(objectname)%00%(upstream:track) refs/heads/contact-us refs/remotes/contact-us
> git for-each-ref --sort -committerdate --format %(refname) %(objectname) %(*objectname)
> git remote --verbose
> git config --get commit.template
> git show --textconv :User-Stories-main/style.css
> git ls-files --stage -- /home/force-badname/User-Stories-main/style.css
> git cat-file -s 33281a2aa0a800a5135abf574138013719eed8b6
> git show --textconv :User-Stories-main/index.html
> git ls-files --stage -- /home/force-badname/User-Stories-main/index.html
> git cat-file -s 2e9e1efd62a19660f931fc092fff126c4745d418
> git show --textconv :User-Stories-main/style.css
> git ls-files --stage -- /home/force-badname/User-Stories-main/style.css
> git cat-file -s 33281a2aa0a800a5135abf574138013719eed8b6
> git check-ignore -v -z --stdin
