[2022-02-05T10:57:17.624Z] Validating found git in: git
[2022-02-05T10:57:17.782Z] Using git 2.25.1 from git
[2022-02-05T10:57:17.917Z] > git rev-parse --git-dir [4ms]
[2022-02-05T10:57:17.946Z] Open repository: /home/force-badname
[2022-02-05T10:57:18.362Z] > git ls-files --stage -- /home/force-badname/dom-challenge/challenge/index.html [10ms]
[2022-02-05T10:57:18.372Z] > git cat-file -s e982ae17be1768df71829763d48689746352cdb2 [3ms]
[2022-02-05T10:57:18.743Z] > git symbolic-ref --short HEAD [10ms]
[2022-02-05T10:57:18.841Z] > git for-each-ref --format=%(refname)%00%(upstream:short)%00%(objectname)%00%(upstream:track) refs/heads/main refs/remotes/main [88ms]
[2022-02-05T10:57:18.914Z] > git remote --verbose [39ms]
[2022-02-05T10:57:18.916Z] > git for-each-ref --sort -committerdate --format %(refname) %(objectname) %(*objectname) [56ms]
[2022-02-05T10:57:20.267Z] > git config --get commit.template [1176ms]
[2022-02-05T10:59:46.645Z] > git ls-files --stage -- /home/force-badname/dom-challenge/challenge/dom.js [7ms]
[2022-02-05T10:59:46.652Z] > git cat-file -s 76bd6e38f410dc93ac157f6e7890bb10119b6edd [2ms]
[2022-02-05T11:00:19.550Z] > git ls-files --stage -- /home/force-badname/dom-challenge/challenge/index.html [11ms]
[2022-02-05T11:00:19.569Z] > git cat-file -s e982ae17be1768df71829763d48689746352cdb2 [4ms]
[2022-02-05T11:00:28.531Z] > git ls-files --stage -- /home/force-badname/dom-challenge/challenge/dom.js [9ms]
[2022-02-05T11:00:28.547Z] > git cat-file -s 76bd6e38f410dc93ac157f6e7890bb10119b6edd [3ms]
[2022-02-05T11:01:38.539Z] > git ls-files --stage -- /home/force-badname/dom-challenge/challenge/index.html [5ms]
[2022-02-05T11:01:38.553Z] > git cat-file -s e982ae17be1768df71829763d48689746352cdb2 [2ms]
[2022-02-05T11:02:11.005Z] > git ls-files --stage -- /home/force-badname/dom-challenge/challenge/dom.js [16ms]
[2022-02-05T11:02:11.025Z] > git cat-file -s 76bd6e38f410dc93ac157f6e7890bb10119b6edd [5ms]
[2022-02-05T11:02:15.430Z] > git ls-files --stage -- /home/force-badname/dom-challenge/challenge/index.html [9ms]
[2022-02-05T11:02:15.446Z] > git cat-file -s e982ae17be1768df71829763d48689746352cdb2 [4ms]
[2022-02-05T11:02:17.535Z] > git ls-files --stage -- /home/force-badname/dom-challenge/challenge/dom.js [12ms]
[2022-02-05T11:02:17.552Z] > git cat-file -s 76bd6e38f410dc93ac157f6e7890bb10119b6edd [4ms]
[2022-02-05T11:02:25.392Z] > git ls-files --stage -- /home/force-badname/dom-challenge/challenge/index.html [12ms]
[2022-02-05T11:02:25.413Z] > git cat-file -s e982ae17be1768df71829763d48689746352cdb2 [4ms]
[2022-02-05T11:02:28.285Z] > git ls-files --stage -- /home/force-badname/dom-challenge/challenge/dom.js [9ms]
[2022-02-05T11:02:28.305Z] > git cat-file -s 76bd6e38f410dc93ac157f6e7890bb10119b6edd [6ms]
[2022-02-05T11:02:38.684Z] > git ls-files --stage -- /home/force-badname/dom-challenge/challenge/index.html [9ms]
[2022-02-05T11:02:38.702Z] > git cat-file -s e982ae17be1768df71829763d48689746352cdb2 [4ms]
[2022-02-05T11:02:51.020Z] > git ls-files --stage -- /home/force-badname/dom-challenge/challenge/dom.js [9ms]
[2022-02-05T11:02:51.045Z] > git cat-file -s 76bd6e38f410dc93ac157f6e7890bb10119b6edd [13ms]
[2022-02-05T11:02:58.826Z] > git ls-files --stage -- /home/force-badname/dom-challenge/challenge/index.html [10ms]
[2022-02-05T11:02:58.843Z] > git cat-file -s e982ae17be1768df71829763d48689746352cdb2 [4ms]
[2022-02-05T11:03:04.486Z] > git ls-files --stage -- /home/force-badname/dom-challenge/challenge/dom.js [9ms]
[2022-02-05T11:03:04.503Z] > git cat-file -s 76bd6e38f410dc93ac157f6e7890bb10119b6edd [3ms]
[2022-02-05T11:03:51.161Z] > git ls-files --stage -- /home/force-badname/dom-challenge/challenge/index.html [10ms]
[2022-02-05T11:03:51.181Z] > git cat-file -s e982ae17be1768df71829763d48689746352cdb2 [3ms]
[2022-02-05T11:04:12.351Z] > git ls-files --stage -- /home/force-badname/dom-challenge/challenge/dom.js [11ms]
[2022-02-05T11:04:12.373Z] > git cat-file -s 76bd6e38f410dc93ac157f6e7890bb10119b6edd [3ms]
[2022-02-05T11:05:40.824Z] > git ls-files --stage -- /home/force-badname/dom-challenge/challenge/index.html [12ms]
[2022-02-05T11:05:40.853Z] > git cat-file -s e982ae17be1768df71829763d48689746352cdb2 [5ms]
[2022-02-05T11:05:45.140Z] > git ls-files --stage -- /home/force-badname/dom-challenge/challenge/dom.js [5ms]
[2022-02-05T11:05:45.151Z] > git cat-file -s 76bd6e38f410dc93ac157f6e7890bb10119b6edd [2ms]
[2022-02-05T11:05:54.978Z] > git ls-files --stage -- /home/force-badname/dom-challenge/challenge/index.html [11ms]
[2022-02-05T11:05:54.996Z] > git cat-file -s e982ae17be1768df71829763d48689746352cdb2 [4ms]
[2022-02-05T11:05:59.694Z] > git ls-files --stage -- /home/force-badname/dom-challenge/challenge/dom.js [10ms]
[2022-02-05T11:05:59.711Z] > git cat-file -s 76bd6e38f410dc93ac157f6e7890bb10119b6edd [4ms]
[2022-02-05T11:06:24.981Z] > git ls-files --stage -- /home/force-badname/dom-challenge/challenge/index.html [9ms]
[2022-02-05T11:06:24.998Z] > git cat-file -s e982ae17be1768df71829763d48689746352cdb2 [4ms]
[2022-02-05T11:06:34.687Z] > git ls-files --stage -- /home/force-badname/dom-challenge/challenge/dom.js [4ms]
[2022-02-05T11:06:34.698Z] > git cat-file -s 76bd6e38f410dc93ac157f6e7890bb10119b6edd [2ms]
