[2022-01-26 01:23:20.962] [exthost] [info] Extension host with pid 123 started
[2022-01-26 01:23:20.976] [exthost] [info] Lock '/home/force-badname/.vscode-server/data/User/workspaceStorage/91d752cb256b493a191741175ab48973/vscode.lock': Lock acquired.
[2022-01-26 01:23:21.085] [exthost] [info] ExtensionService#_doActivateExtension vscode.html-language-features, startup: false, activationEvent: 'onLanguage:html'
[2022-01-26 01:23:21.156] [exthost] [info] ExtensionService#_doActivateExtension ritwickdey.LiveServer, startup: false, activationEvent: 'onLanguage:html'
[2022-01-26 01:23:21.397] [exthost] [info] ExtensionService#_doActivateExtension vscode.debug-auto-launch, startup: true, activationEvent: '*'
[2022-01-26 01:23:21.401] [exthost] [info] ExtensionService#_doActivateExtension vscode.git-base, startup: true, activationEvent: '*', root cause: vscode.github
[2022-01-26 01:23:21.454] [exthost] [info] ExtensionService#_doActivateExtension vscode.git, startup: true, activationEvent: '*'
[2022-01-26 01:23:21.515] [exthost] [info] ExtensionService#_doActivateExtension vscode.github, startup: true, activationEvent: '*'
[2022-01-26 01:23:21.591] [exthost] [info] ExtensionService#_doActivateExtension vscode.emmet, startup: false, activationEvent: 'onStartupFinished'
[2022-01-26 01:23:21.608] [exthost] [info] ExtensionService#_doActivateExtension vscode.merge-conflict, startup: false, activationEvent: 'onStartupFinished'
[2022-01-26 01:23:21.613] [exthost] [info] Eager extensions activated
[2022-01-26 01:23:22.182] [exthost] [error] {"message":"Git error","stdout":"","stderr":"fatal: Pathspec '/home/force-badname/User-Stories/User-Stories/User-Stories/index.html' is in submodule 'User-Stories'\n","exitCode":128,"gitErrorCode":"IsInSubmodule"}
[2022-01-26 01:23:22.182] [exthost] [error] {"message":"Git error","stdout":"","stderr":"fatal: Pathspec '/home/force-badname/User-Stories/User-Stories/User-Stories/index.html' is in submodule 'User-Stories'\n","exitCode":128,"gitErrorCode":"IsInSubmodule"}
[2022-01-26 01:23:22.182] [exthost] [error] {"message":"Git error","stdout":"","stderr":"fatal: Pathspec '/home/force-badname/User-Stories/User-Stories/User-Stories/index.html' is in submodule 'User-Stories'\n","exitCode":128,"gitErrorCode":"IsInSubmodule"}
[2022-01-26 01:23:22.182] [exthost] [error] {"message":"Git error","stdout":"","stderr":"fatal: Pathspec '/home/force-badname/User-Stories/User-Stories/User-Stories/index.html' is in submodule 'User-Stories'\n","exitCode":128,"gitErrorCode":"IsInSubmodule"}
[2022-01-26 01:23:22.182] [exthost] [error] {"message":"Git error","stdout":"","stderr":"fatal: Pathspec '/home/force-badname/User-Stories/User-Stories/User-Stories/index.html' is in submodule 'User-Stories'\n","exitCode":128,"gitErrorCode":"IsInSubmodule"}
[2022-01-26 01:23:22.182] [exthost] [error] {"message":"Git error","stdout":"","stderr":"fatal: Pathspec '/home/force-badname/User-Stories/User-Stories/User-Stories/index.html' is in submodule 'User-Stories'\n","exitCode":128,"gitErrorCode":"IsInSubmodule"}
[2022-01-26 01:23:22.182] [exthost] [error] {"message":"Git error","stdout":"","stderr":"fatal: Pathspec '/home/force-badname/User-Stories/User-Stories/User-Stories/index.html' is in submodule 'User-Stories'\n","exitCode":128,"gitErrorCode":"IsInSubmodule"}
[2022-01-26 01:23:22.182] [exthost] [error] {"message":"Git error","stdout":"","stderr":"fatal: Pathspec '/home/force-badname/User-Stories/User-Stories/User-Stories/index.html' is in submodule 'User-Stories'\n","exitCode":128,"gitErrorCode":"IsInSubmodule"}
[2022-01-26 01:23:58.577] [exthost] [info] extension host terminating: received terminate message from renderer
[2022-01-26 01:23:58.577] [exthost] [info] Lock '/home/force-badname/.vscode-server/data/User/workspaceStorage/91d752cb256b493a191741175ab48973/vscode.lock': Marking the lockfile as scheduled to be released in 6000 ms.
[2022-01-26 01:23:58.606] [exthost] [info] Extension host with pid 123 exiting with code 0
