Validating found git in: git
Using git 2.25.1 from git
> git rev-parse --git-dir
Open repository: /home/force-badname
> git status -z -u
> git symbolic-ref --short HEAD
> git for-each-ref --format=%(refname)%00%(upstream:short)%00%(objectname)%00%(upstream:track) refs/heads/contact-us refs/remotes/contact-us
> git for-each-ref --sort -committerdate --format %(refname) %(objectname) %(*objectname)
> git remote --verbose
> git config --get commit.template
> git check-ignore -v -z --stdin
> git show --textconv :User-Stories-main/index.html
> git ls-files --stage -- /home/force-badname/User-Stories-main/index.html
> git cat-file -s 2e9e1efd62a19660f931fc092fff126c4745d418
> git for-each-ref --format %(refname:short)%00%(upstream:short) refs/heads
> git checkout -q main
> git status -z -u
> git symbolic-ref --short HEAD
> git for-each-ref --format=%(refname)%00%(upstream:short)%00%(objectname)%00%(upstream:track) refs/heads/main refs/remotes/main
> git for-each-ref --sort -committerdate --format %(refname) %(objectname) %(*objectname)
> git remote --verbose
> git config --get commit.template
> git ls-files --stage -- /home/force-badname/User-Stories-main/index.html
> git cat-file -s 2e9e1efd62a19660f931fc092fff126c4745d418
> git show --textconv :User-Stories-main/index.html
> git status -z -u
> git symbolic-ref --short HEAD
> git for-each-ref --format=%(refname)%00%(upstream:short)%00%(objectname)%00%(upstream:track) refs/heads/main refs/remotes/main
> git for-each-ref --sort -committerdate --format %(refname) %(objectname) %(*objectname)
> git remote --verbose
> git config --get commit.template
> git checkout -q main
> git status -z -u
> git symbolic-ref --short HEAD
> git for-each-ref --format=%(refname)%00%(upstream:short)%00%(objectname)%00%(upstream:track) refs/heads/main refs/remotes/main
> git for-each-ref --sort -committerdate --format %(refname) %(objectname) %(*objectname)
> git remote --verbose
> git config --get commit.template
> git ls-files --stage -- /home/force-badname/User-Stories-main/index.html
> git cat-file -s 2e9e1efd62a19660f931fc092fff126c4745d418
> git show --textconv :User-Stories-main/index.html
> git status -z -u
> git symbolic-ref --short HEAD
> git for-each-ref --format=%(refname)%00%(upstream:short)%00%(objectname)%00%(upstream:track) refs/heads/main refs/remotes/main
> git for-each-ref --sort -committerdate --format %(refname) %(objectname) %(*objectname)
> git remote --verbose
> git config --get commit.template
> git checkout -q contact-us
> git status -z -u
> git symbolic-ref --short HEAD
> git for-each-ref --format=%(refname)%00%(upstream:short)%00%(objectname)%00%(upstream:track) refs/heads/contact-us refs/remotes/contact-us
> git for-each-ref --sort -committerdate --format %(refname) %(objectname) %(*objectname)
> git remote --verbose
> git config --get commit.template
> git ls-files --stage -- /home/force-badname/User-Stories-main/index.html
> git cat-file -s 2e9e1efd62a19660f931fc092fff126c4745d418
> git show --textconv :User-Stories-main/index.html
> git status -z -u
> git symbolic-ref --short HEAD
> git for-each-ref --format=%(refname)%00%(upstream:short)%00%(objectname)%00%(upstream:track) refs/heads/contact-us refs/remotes/contact-us
> git for-each-ref --sort -committerdate --format %(refname) %(objectname) %(*objectname)
> git remote --verbose
> git config --get commit.template
> git check-ignore -v -z --stdin
> git log --format=%H%n%aN%n%aE%n%at%n%ct%n%P%n%B -z -n21 -- /home/force-badname/User-Stories-main/index.html
> git checkout -q main
> git status -z -u
> git symbolic-ref --short HEAD
> git for-each-ref --format=%(refname)%00%(upstream:short)%00%(objectname)%00%(upstream:track) refs/heads/main refs/remotes/main
> git for-each-ref --sort -committerdate --format %(refname) %(objectname) %(*objectname)
> git remote --verbose
> git config --get commit.template
> git ls-files --stage -- /home/force-badname/User-Stories-main/index.html
> git cat-file -s 2e9e1efd62a19660f931fc092fff126c4745d418
> git show --textconv :User-Stories-main/index.html
> git status -z -u
> git symbolic-ref --short HEAD
> git for-each-ref --format=%(refname)%00%(upstream:short)%00%(objectname)%00%(upstream:track) refs/heads/main refs/remotes/main
> git for-each-ref --sort -committerdate --format %(refname) %(objectname) %(*objectname)
> git remote --verbose
> git config --get commit.template
> git checkout -q contact-us
> git status -z -u
> git symbolic-ref --short HEAD
> git for-each-ref --format=%(refname)%00%(upstream:short)%00%(objectname)%00%(upstream:track) refs/heads/contact-us refs/remotes/contact-us
> git for-each-ref --sort -committerdate --format %(refname) %(objectname) %(*objectname)
> git remote --verbose
> git config --get commit.template
> git ls-files --stage -- /home/force-badname/User-Stories-main/index.html
> git cat-file -s 2e9e1efd62a19660f931fc092fff126c4745d418
> git show --textconv :User-Stories-main/index.html
> git status -z -u
> git symbolic-ref --short HEAD
> git for-each-ref --format=%(refname)%00%(upstream:short)%00%(objectname)%00%(upstream:track) refs/heads/contact-us refs/remotes/contact-us
> git for-each-ref --sort -committerdate --format %(refname) %(objectname) %(*objectname)
> git remote --verbose
> git config --get commit.template
> git add -A -- /home/force-badname/User-Stories-main/index.html
> git status -z -u
> git symbolic-ref --short HEAD
> git for-each-ref --format=%(refname)%00%(upstream:short)%00%(objectname)%00%(upstream:track) refs/heads/contact-us refs/remotes/contact-us
> git for-each-ref --sort -committerdate --format %(refname) %(objectname) %(*objectname)
> git remote --verbose
> git config --get commit.template
> git ls-files --stage -- /home/force-badname/User-Stories-main/index.html
> git cat-file -s 9173f779d152dea198eab08f314f194faf4bf72a
> git show --textconv :User-Stories-main/index.html
> git check-ignore -v -z --stdin
> git status -z -u
> git symbolic-ref --short HEAD
> git for-each-ref --format=%(refname)%00%(upstream:short)%00%(objectname)%00%(upstream:track) refs/heads/contact-us refs/remotes/contact-us
> git for-each-ref --sort -committerdate --format %(refname) %(objectname) %(*objectname)
> git remote --verbose
> git config --get commit.template
> git push -u origin contact-us
remote: Repository not found.
fatal: repository 'https://github.com/Bereketmebrahtu/Bereketmebrahtu.git/' not found
