Validating found git in: git
Using git 2.25.1 from git
> git rev-parse --git-dir
Open repository: /home/force-badname/User-Stories
> git status -z -u
> git symbolic-ref --short HEAD
> git for-each-ref --format=%(refname)%00%(upstream:short)%00%(objectname)%00%(upstream:track) refs/heads/main refs/remotes/main
> git for-each-ref --sort -committerdate --format %(refname) %(objectname) %(*objectname)
> git remote --verbose
Warning: Failed to watch ref '/home/force-badname/User-Stories/.git/refs/remotes/origin/main', is most likely packed.
> git config --get commit.template
> git show --textconv :index.html
> git ls-files --stage -- /home/force-badname/User-Stories/index.html
> git cat-file -s 8fbb7971d25d62163bb250ed0c5b2432bcbb1919
> git check-ignore -v -z --stdin
> git log --format=%H%n%aN%n%aE%n%at%n%ct%n%P%n%B -z -n21 -- /home/force-badname/User-Stories/index.html
> git show --textconv :style.css
> git ls-files --stage -- /home/force-badname/User-Stories/style.css
> git cat-file -s d98a2335907f0949cec6e1b8fd65a526adb92c48
> git status -z -u
> git symbolic-ref --short HEAD
> git for-each-ref --format=%(refname)%00%(upstream:short)%00%(objectname)%00%(upstream:track) refs/heads/main refs/remotes/main
> git for-each-ref --sort -committerdate --format %(refname) %(objectname) %(*objectname)
> git remote --verbose
Warning: Failed to watch ref '/home/force-badname/User-Stories/.git/refs/remotes/origin/main', is most likely packed.
> git config --get commit.template
> git status -z -u
> git symbolic-ref --short HEAD
> git for-each-ref --format=%(refname)%00%(upstream:short)%00%(objectname)%00%(upstream:track) refs/heads/main refs/remotes/main
> git for-each-ref --sort -committerdate --format %(refname) %(objectname) %(*objectname)
> git remote --verbose
Warning: Failed to watch ref '/home/force-badname/User-Stories/.git/refs/remotes/origin/main', is most likely packed.
> git config --get commit.template
> git status -z -u
> git symbolic-ref --short HEAD
> git for-each-ref --format=%(refname)%00%(upstream:short)%00%(objectname)%00%(upstream:track) refs/heads/main refs/remotes/main
> git for-each-ref --sort -committerdate --format %(refname) %(objectname) %(*objectname)
> git remote --verbose
Warning: Failed to watch ref '/home/force-badname/User-Stories/.git/refs/remotes/origin/main', is most likely packed.
> git config --get commit.template
> git status -z -u
> git symbolic-ref --short HEAD
> git for-each-ref --format=%(refname)%00%(upstream:short)%00%(objectname)%00%(upstream:track) refs/heads/main refs/remotes/main
> git for-each-ref --sort -committerdate --format %(refname) %(objectname) %(*objectname)
> git remote --verbose
Warning: Failed to watch ref '/home/force-badname/User-Stories/.git/refs/remotes/origin/main', is most likely packed.
> git config --get commit.template
> git status -z -u
> git symbolic-ref --short HEAD
> git for-each-ref --format=%(refname)%00%(upstream:short)%00%(objectname)%00%(upstream:track) refs/heads/main refs/remotes/main
> git for-each-ref --sort -committerdate --format %(refname) %(objectname) %(*objectname)
> git remote --verbose
Warning: Failed to watch ref '/home/force-badname/User-Stories/.git/refs/remotes/origin/main', is most likely packed.
> git config --get commit.template
> git show --textconv :index.html
> git ls-files --stage -- /home/force-badname/User-Stories/index.html
> git cat-file -s 8fbb7971d25d62163bb250ed0c5b2432bcbb1919
> git status -z -u
> git symbolic-ref --short HEAD
> git for-each-ref --format=%(refname)%00%(upstream:short)%00%(objectname)%00%(upstream:track) refs/heads/main refs/remotes/main
> git for-each-ref --sort -committerdate --format %(refname) %(objectname) %(*objectname)
> git remote --verbose
Warning: Failed to watch ref '/home/force-badname/User-Stories/.git/refs/remotes/origin/main', is most likely packed.
> git config --get commit.template
> git status -z -u
> git symbolic-ref --short HEAD
> git for-each-ref --format=%(refname)%00%(upstream:short)%00%(objectname)%00%(upstream:track) refs/heads/main refs/remotes/main
> git for-each-ref --sort -committerdate --format %(refname) %(objectname) %(*objectname)
> git remote --verbose
Warning: Failed to watch ref '/home/force-badname/User-Stories/.git/refs/remotes/origin/main', is most likely packed.
> git config --get commit.template
> git status -z -u
> git symbolic-ref --short HEAD
> git for-each-ref --format=%(refname)%00%(upstream:short)%00%(objectname)%00%(upstream:track) refs/heads/main refs/remotes/main
> git for-each-ref --sort -committerdate --format %(refname) %(objectname) %(*objectname)
> git remote --verbose
Warning: Failed to watch ref '/home/force-badname/User-Stories/.git/refs/remotes/origin/main', is most likely packed.
> git config --get commit.template
> git status -z -u
> git symbolic-ref --short HEAD
> git for-each-ref --format=%(refname)%00%(upstream:short)%00%(objectname)%00%(upstream:track) refs/heads/main refs/remotes/main
> git for-each-ref --sort -committerdate --format %(refname) %(objectname) %(*objectname)
> git remote --verbose
Warning: Failed to watch ref '/home/force-badname/User-Stories/.git/refs/remotes/origin/main', is most likely packed.
> git config --get commit.template
> git status -z -u
> git symbolic-ref --short HEAD
> git for-each-ref --format=%(refname)%00%(upstream:short)%00%(objectname)%00%(upstream:track) refs/heads/main refs/remotes/main
> git for-each-ref --sort -committerdate --format %(refname) %(objectname) %(*objectname)
> git remote --verbose
Warning: Failed to watch ref '/home/force-badname/User-Stories/.git/refs/remotes/origin/main', is most likely packed.
> git config --get commit.template
> git status -z -u
> git symbolic-ref --short HEAD
> git for-each-ref --format=%(refname)%00%(upstream:short)%00%(objectname)%00%(upstream:track) refs/heads/main refs/remotes/main
> git for-each-ref --sort -committerdate --format %(refname) %(objectname) %(*objectname)
> git remote --verbose
Warning: Failed to watch ref '/home/force-badname/User-Stories/.git/refs/remotes/origin/main', is most likely packed.
> git config --get commit.template
> git status -z -u
> git symbolic-ref --short HEAD
> git for-each-ref --format=%(refname)%00%(upstream:short)%00%(objectname)%00%(upstream:track) refs/heads/main refs/remotes/main
> git for-each-ref --sort -committerdate --format %(refname) %(objectname) %(*objectname)
> git remote --verbose
Warning: Failed to watch ref '/home/force-badname/User-Stories/.git/refs/remotes/origin/main', is most likely packed.
> git config --get commit.template
> git status -z -u
> git symbolic-ref --short HEAD
> git for-each-ref --format=%(refname)%00%(upstream:short)%00%(objectname)%00%(upstream:track) refs/heads/main refs/remotes/main
> git for-each-ref --sort -committerdate --format %(refname) %(objectname) %(*objectname)
> git remote --verbose
Warning: Failed to watch ref '/home/force-badname/User-Stories/.git/refs/remotes/origin/main', is most likely packed.
> git config --get commit.template
> git status -z -u
> git symbolic-ref --short HEAD
> git for-each-ref --format=%(refname)%00%(upstream:short)%00%(objectname)%00%(upstream:track) refs/heads/main refs/remotes/main
> git for-each-ref --sort -committerdate --format %(refname) %(objectname) %(*objectname)
> git remote --verbose
Warning: Failed to watch ref '/home/force-badname/User-Stories/.git/refs/remotes/origin/main', is most likely packed.
> git config --get commit.template
> git status -z -u
> git symbolic-ref --short HEAD
> git for-each-ref --format=%(refname)%00%(upstream:short)%00%(objectname)%00%(upstream:track) refs/heads/main refs/remotes/main
> git for-each-ref --sort -committerdate --format %(refname) %(objectname) %(*objectname)
> git remote --verbose
Warning: Failed to watch ref '/home/force-badname/User-Stories/.git/refs/remotes/origin/main', is most likely packed.
> git config --get commit.template
> git status -z -u
> git symbolic-ref --short HEAD
> git for-each-ref --format=%(refname)%00%(upstream:short)%00%(objectname)%00%(upstream:track) refs/heads/main refs/remotes/main
> git for-each-ref --sort -committerdate --format %(refname) %(objectname) %(*objectname)
> git remote --verbose
Warning: Failed to watch ref '/home/force-badname/User-Stories/.git/refs/remotes/origin/main', is most likely packed.
> git config --get commit.template
git.stage 1
git.stage.scmResources 1
> git add -A -- /home/force-badname/User-Stories/index.html
> git status -z -u
> git symbolic-ref --short HEAD
> git for-each-ref --format=%(refname)%00%(upstream:short)%00%(objectname)%00%(upstream:track) refs/heads/main refs/remotes/main
> git for-each-ref --sort -committerdate --format %(refname) %(objectname) %(*objectname)
> git remote --verbose
Warning: Failed to watch ref '/home/force-badname/User-Stories/.git/refs/remotes/origin/main', is most likely packed.
> git config --get commit.template
> git ls-files --stage -- /home/force-badname/User-Stories/index.html
> git cat-file -s d85205198603c8bf53285cb1264e7f4649c7f3c5
> git show --textconv :index.html
> git add -A -- /home/force-badname/User-Stories/style.css
> git status -z -u
> git symbolic-ref --short HEAD
> git for-each-ref --format=%(refname)%00%(upstream:short)%00%(objectname)%00%(upstream:track) refs/heads/main refs/remotes/main
> git for-each-ref --sort -committerdate --format %(refname) %(objectname) %(*objectname)
> git remote --verbose
Warning: Failed to watch ref '/home/force-badname/User-Stories/.git/refs/remotes/origin/main', is most likely packed.
> git config --get commit.template
> git status -z -u
> git symbolic-ref --short HEAD
> git for-each-ref --format=%(refname)%00%(upstream:short)%00%(objectname)%00%(upstream:track) refs/heads/main refs/remotes/main
> git for-each-ref --sort -committerdate --format %(refname) %(objectname) %(*objectname)
> git remote --verbose
Warning: Failed to watch ref '/home/force-badname/User-Stories/.git/refs/remotes/origin/main', is most likely packed.
> git config --get commit.template
> git ls-files --stage -- /home/force-badname/User-Stories/index.html
> git cat-file -s d85205198603c8bf53285cb1264e7f4649c7f3c5
> git show --textconv :index.html
> git status -z -u
> git symbolic-ref --short HEAD
> git for-each-ref --format=%(refname)%00%(upstream:short)%00%(objectname)%00%(upstream:track) refs/heads/main refs/remotes/main
> git for-each-ref --sort -committerdate --format %(refname) %(objectname) %(*objectname)
> git remote --verbose
Warning: Failed to watch ref '/home/force-badname/User-Stories/.git/refs/remotes/origin/main', is most likely packed.
> git config --get commit.template
> git show --textconv :style.css
> git ls-files --stage -- /home/force-badname/User-Stories/style.css
> git cat-file -s 59b34a26aa1ebb5b0d7e4729ab576ba0e53d0631
> git show --textconv :index.html
> git ls-files --stage -- /home/force-badname/User-Stories/index.html
> git cat-file -s d85205198603c8bf53285cb1264e7f4649c7f3c5
> git show --textconv :style.css
> git ls-files --stage -- /home/force-badname/User-Stories/style.css
> git cat-file -s 59b34a26aa1ebb5b0d7e4729ab576ba0e53d0631
> git status -z -u
> git symbolic-ref --short HEAD
> git for-each-ref --format=%(refname)%00%(upstream:short)%00%(objectname)%00%(upstream:track) refs/heads/main refs/remotes/main
> git for-each-ref --sort -committerdate --format %(refname) %(objectname) %(*objectname)
> git remote --verbose
Warning: Failed to watch ref '/home/force-badname/User-Stories/.git/refs/remotes/origin/main', is most likely packed.
> git config --get commit.template
> git show --textconv :index.html
> git ls-files --stage -- /home/force-badname/User-Stories/index.html
> git cat-file -s d85205198603c8bf53285cb1264e7f4649c7f3c5
> git status -z -u
> git symbolic-ref --short HEAD
> git for-each-ref --format=%(refname)%00%(upstream:short)%00%(objectname)%00%(upstream:track) refs/heads/main refs/remotes/main
> git for-each-ref --sort -committerdate --format %(refname) %(objectname) %(*objectname)
> git remote --verbose
Warning: Failed to watch ref '/home/force-badname/User-Stories/.git/refs/remotes/origin/main', is most likely packed.
> git config --get commit.template
> git log --format=%H%n%aN%n%aE%n%at%n%ct%n%P%n%B -z -n21 -- /home/force-badname/User-Stories/index.html
> git show --textconv :style.css
> git ls-files --stage -- /home/force-badname/User-Stories/style.css
> git cat-file -s 59b34a26aa1ebb5b0d7e4729ab576ba0e53d0631
git.stage 1
git.stage.scmResources 1
> git add -A -- /home/force-badname/User-Stories/style.css
> git status -z -u
> git symbolic-ref --short HEAD
> git for-each-ref --format=%(refname)%00%(upstream:short)%00%(objectname)%00%(upstream:track) refs/heads/main refs/remotes/main
> git for-each-ref --sort -committerdate --format %(refname) %(objectname) %(*objectname)
> git remote --verbose
Warning: Failed to watch ref '/home/force-badname/User-Stories/.git/refs/remotes/origin/main', is most likely packed.
> git config --get commit.template
> git ls-files --stage -- /home/force-badname/User-Stories/style.css
> git cat-file -s 65178cad18ec9a74f22fa33175319bda157f0ff6
> git show --textconv :style.css
> git status -z -u
> git symbolic-ref --short HEAD
> git for-each-ref --format=%(refname)%00%(upstream:short)%00%(objectname)%00%(upstream:track) refs/heads/main refs/remotes/main
> git for-each-ref --sort -committerdate --format %(refname) %(objectname) %(*objectname)
> git remote --verbose
Warning: Failed to watch ref '/home/force-badname/User-Stories/.git/refs/remotes/origin/main', is most likely packed.
> git config --get commit.template
> git show --textconv :index.html
> git ls-files --stage -- /home/force-badname/User-Stories/index.html
> git cat-file -s d85205198603c8bf53285cb1264e7f4649c7f3c5
> git log --oneline --cherry main...main@{upstream} --
> git pull --tags origin main
From https://github.com/AsmahanM/User-Stories
 * branch            main       -> FETCH_HEAD
> git status -z -u
> git symbolic-ref --short HEAD
> git for-each-ref --format=%(refname)%00%(upstream:short)%00%(objectname)%00%(upstream:track) refs/heads/main refs/remotes/main
> git for-each-ref --sort -committerdate --format %(refname) %(objectname) %(*objectname)
> git remote --verbose
Warning: Failed to watch ref '/home/force-badname/User-Stories/.git/refs/remotes/origin/main', is most likely packed.
> git config --get commit.template
> git ls-files --stage -- /home/force-badname/User-Stories/index.html
> git cat-file -s d85205198603c8bf53285cb1264e7f4649c7f3c5
> git show --textconv :index.html
> git status -z -u
> git symbolic-ref --short HEAD
> git for-each-ref --format=%(refname)%00%(upstream:short)%00%(objectname)%00%(upstream:track) refs/heads/main refs/remotes/main
> git for-each-ref --sort -committerdate --format %(refname) %(objectname) %(*objectname)
> git remote --verbose
Warning: Failed to watch ref '/home/force-badname/User-Stories/.git/refs/remotes/origin/main', is most likely packed.
> git config --get commit.template
> git show --textconv :style.css
> git ls-files --stage -- /home/force-badname/User-Stories/style.css
> git cat-file -s 65178cad18ec9a74f22fa33175319bda157f0ff6
> git status -z -u
> git symbolic-ref --short HEAD
> git for-each-ref --format=%(refname)%00%(upstream:short)%00%(objectname)%00%(upstream:track) refs/heads/main refs/remotes/main
> git for-each-ref --sort -committerdate --format %(refname) %(objectname) %(*objectname)
> git remote --verbose
Warning: Failed to watch ref '/home/force-badname/User-Stories/.git/refs/remotes/origin/main', is most likely packed.
> git config --get commit.template
> git show --textconv :index.html
> git ls-files --stage -- /home/force-badname/User-Stories/index.html
> git cat-file -s d85205198603c8bf53285cb1264e7f4649c7f3c5
> git status -z -u
> git symbolic-ref --short HEAD
> git for-each-ref --format=%(refname)%00%(upstream:short)%00%(objectname)%00%(upstream:track) refs/heads/main refs/remotes/main
> git for-each-ref --sort -committerdate --format %(refname) %(objectname) %(*objectname)
> git remote --verbose
Warning: Failed to watch ref '/home/force-badname/User-Stories/.git/refs/remotes/origin/main', is most likely packed.
> git config --get commit.template
> git add -A -- /home/force-badname/User-Stories/style.css
> git status -z -u
> git symbolic-ref --short HEAD
> git for-each-ref --format=%(refname)%00%(upstream:short)%00%(objectname)%00%(upstream:track) refs/heads/main refs/remotes/main
> git for-each-ref --sort -committerdate --format %(refname) %(objectname) %(*objectname)
> git remote --verbose
Warning: Failed to watch ref '/home/force-badname/User-Stories/.git/refs/remotes/origin/main', is most likely packed.
> git config --get commit.template
> git ls-files --stage -- /home/force-badname/User-Stories/index.html
> git cat-file -s d85205198603c8bf53285cb1264e7f4649c7f3c5
> git show --textconv :index.html
> git status -z -u
> git symbolic-ref --short HEAD
> git for-each-ref --format=%(refname)%00%(upstream:short)%00%(objectname)%00%(upstream:track) refs/heads/main refs/remotes/main
> git for-each-ref --sort -committerdate --format %(refname) %(objectname) %(*objectname)
> git remote --verbose
Warning: Failed to watch ref '/home/force-badname/User-Stories/.git/refs/remotes/origin/main', is most likely packed.
> git config --get commit.template
> git status -z -u
> git symbolic-ref --short HEAD
> git for-each-ref --format=%(refname)%00%(upstream:short)%00%(objectname)%00%(upstream:track) refs/heads/main refs/remotes/main
> git for-each-ref --sort -committerdate --format %(refname) %(objectname) %(*objectname)
> git remote --verbose
Warning: Failed to watch ref '/home/force-badname/User-Stories/.git/refs/remotes/origin/main', is most likely packed.
> git config --get commit.template
> git status -z -u
> git symbolic-ref --short HEAD
> git for-each-ref --format=%(refname)%00%(upstream:short)%00%(objectname)%00%(upstream:track) refs/heads/main refs/remotes/main
> git for-each-ref --sort -committerdate --format %(refname) %(objectname) %(*objectname)
> git remote --verbose
Warning: Failed to watch ref '/home/force-badname/User-Stories/.git/refs/remotes/origin/main', is most likely packed.
> git config --get commit.template
git.stage 1
git.stage.scmResources 1
> git add -A -- /home/force-badname/User-Stories/index.html
> git status -z -u
> git symbolic-ref --short HEAD
> git for-each-ref --format=%(refname)%00%(upstream:short)%00%(objectname)%00%(upstream:track) refs/heads/main refs/remotes/main
> git for-each-ref --sort -committerdate --format %(refname) %(objectname) %(*objectname)
> git remote --verbose
Warning: Failed to watch ref '/home/force-badname/User-Stories/.git/refs/remotes/origin/main', is most likely packed.
> git config --get commit.template
> git ls-files --stage -- /home/force-badname/User-Stories/index.html
> git cat-file -s a9b2ec881141d234e8515824717193b0b7a38333
> git show --textconv :index.html
> git status -z -u
> git symbolic-ref --short HEAD
> git for-each-ref --format=%(refname)%00%(upstream:short)%00%(objectname)%00%(upstream:track) refs/heads/main refs/remotes/main
> git for-each-ref --sort -committerdate --format %(refname) %(objectname) %(*objectname)
> git remote --verbose
Warning: Failed to watch ref '/home/force-badname/User-Stories/.git/refs/remotes/origin/main', is most likely packed.
> git config --get commit.template
> git show --textconv :style.css
> git ls-files --stage -- /home/force-badname/User-Stories/style.css
> git cat-file -s 4d0645bfa1aee59a335deb599ce0b7a653f41a0b
> git show --textconv :index.html
> git ls-files --stage -- /home/force-badname/User-Stories/index.html
> git cat-file -s a9b2ec881141d234e8515824717193b0b7a38333
> git status -z -u
> git symbolic-ref --short HEAD
> git for-each-ref --format=%(refname)%00%(upstream:short)%00%(objectname)%00%(upstream:track) refs/heads/main refs/remotes/main
> git for-each-ref --sort -committerdate --format %(refname) %(objectname) %(*objectname)
> git remote --verbose
Warning: Failed to watch ref '/home/force-badname/User-Stories/.git/refs/remotes/origin/main', is most likely packed.
> git config --get commit.template
> git status -z -u
> git symbolic-ref --short HEAD
> git for-each-ref --format=%(refname)%00%(upstream:short)%00%(objectname)%00%(upstream:track) refs/heads/main refs/remotes/main
> git for-each-ref --sort -committerdate --format %(refname) %(objectname) %(*objectname)
> git remote --verbose
Warning: Failed to watch ref '/home/force-badname/User-Stories/.git/refs/remotes/origin/main', is most likely packed.
> git config --get commit.template
> git status -z -u
> git symbolic-ref --short HEAD
> git for-each-ref --format=%(refname)%00%(upstream:short)%00%(objectname)%00%(upstream:track) refs/heads/main refs/remotes/main
> git for-each-ref --sort -committerdate --format %(refname) %(objectname) %(*objectname)
> git remote --verbose
Warning: Failed to watch ref '/home/force-badname/User-Stories/.git/refs/remotes/origin/main', is most likely packed.
> git config --get commit.template
> git add -A -- /home/force-badname/User-Stories/index.html
> git status -z -u
> git symbolic-ref --short HEAD
> git for-each-ref --format=%(refname)%00%(upstream:short)%00%(objectname)%00%(upstream:track) refs/heads/main refs/remotes/main
> git for-each-ref --sort -committerdate --format %(refname) %(objectname) %(*objectname)
> git remote --verbose
Warning: Failed to watch ref '/home/force-badname/User-Stories/.git/refs/remotes/origin/main', is most likely packed.
> git config --get commit.template
> git ls-files --stage -- /home/force-badname/User-Stories/index.html
> git cat-file -s ca2ea0508c11bd0476b031d6bda1a7a8ade00d66
> git show --textconv :index.html
> git status -z -u
> git symbolic-ref --short HEAD
> git for-each-ref --format=%(refname)%00%(upstream:short)%00%(objectname)%00%(upstream:track) refs/heads/main refs/remotes/main
> git for-each-ref --sort -committerdate --format %(refname) %(objectname) %(*objectname)
> git remote --verbose
Warning: Failed to watch ref '/home/force-badname/User-Stories/.git/refs/remotes/origin/main', is most likely packed.
> git config --get commit.template
> git rev-list --count 61a441b06cf7ef1396393968f55a10f4c1564c14.. -- /home/force-badname/User-Stories/index.html
> git log --format=%H%n%aN%n%aE%n%at%n%ct%n%P%n%B -z -n14 -- /home/force-badname/User-Stories/index.html
> git status -z -u
> git symbolic-ref --short HEAD
> git for-each-ref --format=%(refname)%00%(upstream:short)%00%(objectname)%00%(upstream:track) refs/heads/main refs/remotes/main
> git for-each-ref --sort -committerdate --format %(refname) %(objectname) %(*objectname)
> git remote --verbose
Warning: Failed to watch ref '/home/force-badname/User-Stories/.git/refs/remotes/origin/main', is most likely packed.
> git config --get commit.template
