[2022-01-26 15:52:51.690] [exthost] [info] Extension host with pid 93 started
[2022-01-26 15:52:51.707] [exthost] [info] Lock '/home/force-badname/.vscode-server/data/User/workspaceStorage/91d752cb256b493a191741175ab48973/vscode.lock': Lock acquired.
[2022-01-26 15:52:51.757] [exthost] [info] ExtensionService#_doActivateExtension vscode.html-language-features, startup: false, activationEvent: 'onLanguage:html'
[2022-01-26 15:52:51.820] [exthost] [info] ExtensionService#_doActivateExtension ritwickdey.LiveServer, startup: false, activationEvent: 'onLanguage:html'
[2022-01-26 15:52:52.171] [exthost] [info] ExtensionService#_doActivateExtension vscode.debug-auto-launch, startup: true, activationEvent: '*'
[2022-01-26 15:52:52.175] [exthost] [info] ExtensionService#_doActivateExtension vscode.git-base, startup: true, activationEvent: '*', root cause: vscode.github
[2022-01-26 15:52:52.241] [exthost] [info] ExtensionService#_doActivateExtension vscode.git, startup: true, activationEvent: '*'
[2022-01-26 15:52:52.311] [exthost] [info] ExtensionService#_doActivateExtension vscode.github, startup: true, activationEvent: '*'
[2022-01-26 15:52:52.402] [exthost] [info] ExtensionService#_doActivateExtension vscode.emmet, startup: false, activationEvent: 'onStartupFinished'
[2022-01-26 15:52:52.420] [exthost] [info] ExtensionService#_doActivateExtension vscode.merge-conflict, startup: false, activationEvent: 'onStartupFinished'
[2022-01-26 15:52:52.424] [exthost] [info] Eager extensions activated
[2022-01-26 15:52:52.985] [exthost] [error] {"message":"Git error","stdout":"","stderr":"fatal: Pathspec '/home/force-badname/User-Stories/User-Stories/User-Stories/index.html' is in submodule 'User-Stories'\n","exitCode":128,"gitErrorCode":"IsInSubmodule"}
[2022-01-26 15:52:52.985] [exthost] [error] {"message":"Git error","stdout":"","stderr":"fatal: Pathspec '/home/force-badname/User-Stories/User-Stories/User-Stories/index.html' is in submodule 'User-Stories'\n","exitCode":128,"gitErrorCode":"IsInSubmodule"}
[2022-01-26 15:52:52.985] [exthost] [error] {"message":"Git error","stdout":"","stderr":"fatal: Pathspec '/home/force-badname/User-Stories/User-Stories/User-Stories/index.html' is in submodule 'User-Stories'\n","exitCode":128,"gitErrorCode":"IsInSubmodule"}
[2022-01-26 15:52:52.985] [exthost] [error] {"message":"Git error","stdout":"","stderr":"fatal: Pathspec '/home/force-badname/User-Stories/User-Stories/User-Stories/index.html' is in submodule 'User-Stories'\n","exitCode":128,"gitErrorCode":"IsInSubmodule"}
[2022-01-26 15:52:52.985] [exthost] [error] {"message":"Git error","stdout":"","stderr":"fatal: Pathspec '/home/force-badname/User-Stories/User-Stories/User-Stories/index.html' is in submodule 'User-Stories'\n","exitCode":128,"gitErrorCode":"IsInSubmodule"}
[2022-01-26 15:52:52.985] [exthost] [error] {"message":"Git error","stdout":"","stderr":"fatal: Pathspec '/home/force-badname/User-Stories/User-Stories/User-Stories/index.html' is in submodule 'User-Stories'\n","exitCode":128,"gitErrorCode":"IsInSubmodule"}
[2022-01-26 15:52:52.985] [exthost] [error] {"message":"Git error","stdout":"","stderr":"fatal: Pathspec '/home/force-badname/User-Stories/User-Stories/User-Stories/index.html' is in submodule 'User-Stories'\n","exitCode":128,"gitErrorCode":"IsInSubmodule"}
[2022-01-26 15:52:52.985] [exthost] [error] {"message":"Git error","stdout":"","stderr":"fatal: Pathspec '/home/force-badname/User-Stories/User-Stories/User-Stories/index.html' is in submodule 'User-Stories'\n","exitCode":128,"gitErrorCode":"IsInSubmodule"}
[2022-01-26 15:52:53.115] [exthost] [info] ExtensionService#_doActivateExtension vscode.configuration-editing, startup: false, activationEvent: 'onLanguage:jsonc'
[2022-01-26 15:52:53.125] [exthost] [info] ExtensionService#_doActivateExtension vscode.json-language-features, startup: false, activationEvent: 'onLanguage:jsonc'
[2022-01-26 15:52:53.196] [exthost] [info] ExtensionService#_doActivateExtension vscode.typescript-language-features, startup: false, activationEvent: 'onLanguage:jsonc'
[2022-01-26 16:23:04.498] [exthost] [error] {"message":"Git error","stdout":"","stderr":"fatal: Pathspec '/home/force-badname/User-Stories/User-Stories/User-Stories/git-error-1643213288232' is in submodule 'User-Stories'\n","exitCode":128,"gitErrorCode":"IsInSubmodule"}
[2022-01-26 16:36:21.576] [exthost] [info] extension host terminating: received terminate message from renderer
[2022-01-26 16:36:21.577] [exthost] [info] Lock '/home/force-badname/.vscode-server/data/User/workspaceStorage/91d752cb256b493a191741175ab48973/vscode.lock': Marking the lockfile as scheduled to be released in 6000 ms.
[2022-01-26 16:36:21.630] [exthost] [info] Extension host with pid 93 exiting with code 0
